<?xml version="1.0" encoding="UTF-8"?>
<testsuites name="10 NPP Support Action on Completed Ref" time="2067.382" tests="3" failures="0" errors="0">
   <testsuite name="10 NPP Support Action on Completed Ref" tests="3" failures="0" errors="0" time="2067.382" skipped="0" timestamp="2022-06-23 21:56:57" hostname="lamhe - DPF-MBI-VERIF.ad.sgsco.int" id="Test Suites/03. Parallel Testing (Testing)/TS -PT PART 3/10 NPP Support Action on Completed Ref">
      <properties>
[...]
</properties>
      <testcase name="Test Cases/18. Tag Sephora Npp Starpack Task (Standard_ Question_ Prod)/18.04 Npp Task translation _ change rights" time="655.745" classname="Test Cases/18. Tag Sephora Npp Starpack Task (Standard_ Question_ Prod)/18.04 Npp Task translation _ change rights" status="PASSED">
         <system-out><![CDATA[2022-06-23 21:56:58 - [TEST_CASE][PASSED] - Test Cases/18. Tag Sephora Npp Starpack Task (Standard_ Question_ Prod)/18.04 Npp Task translation _ change rights: Test Cases/18. Tag Sephora Npp Starpack Task (Standard_ Question_ Prod)/18.04 Npp Task translation _ change rights

2022-06-23 21:56:59 - [TEST_STEP][PASSED] - data_Npp = findTestData("Data Files/Username_Password/Npp"): null

2022-06-23 21:56:59 - [TEST_STEP][PASSED] - password_ncur = data_Npp.getValue(2, 1): null

2022-06-23 21:56:59 - [TEST_STEP][PASSED] - password_akim = data_Npp.getValue(2, 2): null

2022-06-23 21:56:59 - [TEST_STEP][PASSED] - password_sschunke = data_Npp.getValue(2, 3): null

2022-06-23 21:56:59 - [TEST_STEP][PASSED] - password_abrazhnikovapx = data_Npp.getValue(2, 4): null

2022-06-23 21:56:59 - [TEST_STEP][PASSED] - password_afrappaz = data_Npp.getValue(2, 5): null

2022-06-23 21:56:59 - [TEST_STEP][PASSED] - password_alarkins = data_Npp.getValue(2, 6): null

2022-06-23 21:56:59 - [TEST_STEP][PASSED] - password_cdemonchy = data_Npp.getValue(2, 7): null

2022-06-23 21:56:59 - [TEST_STEP][PASSED] - password_lmoodie_mkt = data_Npp.getValue(2, 12): null

2022-06-23 21:56:59 - [TEST_STEP][PASSED] - data_urlRELAUTO = findTestData("Data Files/URL/URL_relauto"): null

2022-06-23 21:56:59 - [TEST_STEP][PASSED] - Url_Npp = data_urlRELAUTO.getValue(2, 5): null

2022-06-23 21:56:59 - [TEST_STEP][PASSED] - openBrowser(Url_Npp): Browser is opened with url: ' http://mdb-release.diadeis.lan/MediaboxIndependence/?MBI_datasource=RELTESTAUTO_NPP'

2022-06-23 21:57:00 - [MESSAGE][INFO] - Starting 'Chrome (headless)' driver

2022-06-23 21:57:00 - [MESSAGE][INFO] - User set preference: ['args', '[--window-size=1920,1080, --headless]']

2022-06-23 21:57:00 - [MESSAGE][INFO] - Action delay is set to 0 milliseconds

2022-06-23 21:57:25 - [MESSAGE][PASSED] - Browser is opened with url: ' http://mdb-release.diadeis.lan/MediaboxIndependence/?MBI_datasource=RELTESTAUTO_NPP'

2022-06-23 21:57:25 - [TEST_STEP][PASSED] - maximizeWindow(): Current window maximized

2022-06-23 21:57:26 - [MESSAGE][PASSED] - Current window maximized

2022-06-23 21:57:26 - [TEST_STEP][PASSED] - takeScreenshot(): Taking screenshot successfully

2022-06-23 21:57:27 - [MESSAGE][PASSED] - Taking screenshot successfully
[[ATTACHMENT|D:\\Projet Test Auto\\Mediabox Test Automation\\Reports\\20220623_184212\\03. Parallel Testing (Testing)\\TS -PT PART 3\\10 NPP Support Action on Completed Ref\\20220623_184233\\1656014246987.png]]

2022-06-23 21:57:27 - [TEST_STEP][PASSED] - I.Login_password("akim", password_akim): Object: 'Object Repository/1. Constant/xpath' is clicked on

2022-06-23 21:57:30 - [MESSAGE][PASSED] - Text 'akim' is set on object 'Object Repository/1. Constant/xpath'

2022-06-23 21:57:31 - [MESSAGE][PASSED] - Delayed 1 second(s)

2022-06-23 21:57:34 - [MESSAGE][PASSED] - Text 'dchi' is set on object 'Object Repository/1. Constant/xpath'

2022-06-23 21:57:35 - [MESSAGE][PASSED] - Delayed 1 second(s)

2022-06-23 21:57:49 - [MESSAGE][PASSED] - Object: 'Object Repository/1. Constant/xpath' is clicked on

2022-06-23 21:57:49 - [TEST_STEP][PASSED] - takeScreenshot(): Taking screenshot successfully

2022-06-23 21:57:50 - [MESSAGE][PASSED] - Taking screenshot successfully
[[ATTACHMENT|D:\\Projet Test Auto\\Mediabox Test Automation\\Reports\\20220623_184212\\03. Parallel Testing (Testing)\\TS -PT PART 3\\10 NPP Support Action on Completed Ref\\20220623_184233\\1656014269600.png]]

2022-06-23 21:57:50 - [TEST_STEP][PASSED] - delay(1): Delayed 1 second(s)

2022-06-23 21:57:51 - [MESSAGE][PASSED] - Delayed 1 second(s)

2022-06-23 21:57:51 - [TEST_STEP][PASSED] - click(findTestObject("1. Constant/02_LHSMenu_Projects")): Object: 'Object Repository/1. Constant/02_LHSMenu_Projects' is clicked on

2022-06-23 21:58:02 - [MESSAGE][PASSED] - Object: 'Object Repository/1. Constant/02_LHSMenu_Projects' is clicked on

2022-06-23 21:58:02 - [TEST_STEP][PASSED] - click(findTestObject("xxx Todelete/3 ProjectListPage_Create_Project_Button")): Object: 'Object Repository/xxx Todelete/3 ProjectListPage_Create_Project_Button' is clicked on

2022-06-23 21:58:09 - [MESSAGE][PASSED] - Object: 'Object Repository/xxx Todelete/3 ProjectListPage_Create_Project_Button' is clicked on

2022-06-23 21:58:09 - [TEST_STEP][PASSED] - takeScreenshot(): Taking screenshot successfully

2022-06-23 21:58:10 - [MESSAGE][PASSED] - Taking screenshot successfully
[[ATTACHMENT|D:\\Projet Test Auto\\Mediabox Test Automation\\Reports\\20220623_184212\\03. Parallel Testing (Testing)\\TS -PT PART 3\\10 NPP Support Action on Completed Ref\\20220623_184233\\1656014289642.png]]

2022-06-23 21:58:10 - [TEST_STEP][PASSED] - "On the modify project page : Fill in all field": null

2022-06-23 21:58:10 - [TEST_STEP][PASSED] - LSSNumber_name = "AutoTest_Npp_SAS_Part5_" + RandomStringUtils.randomAlphanumeric(10) + "_" + I.gettimedate(): null

2022-06-23 21:58:10 - [TEST_STEP][PASSED] - setText(findTestObject("1. Constant/xpath", ["xpath":"//*[@id="var_70"]"]), LSSNumber_name): Text 'AutoTest_Npp_SAS_Part5_P7GcgVbd12_juin232022_215810' is set on object 'Object Repository/1. Constant/xpath'

2022-06-23 21:58:11 - [MESSAGE][PASSED] - Text 'AutoTest_Npp_SAS_Part5_P7GcgVbd12_juin232022_215810' is set on object 'Object Repository/1. Constant/xpath'

2022-06-23 21:58:11 - [TEST_STEP][PASSED] - selectOptionByValue(findTestObject("1. Constant/xpath", ["xpath":"//*[@id="var_107"]"]), "2420", false): All options with value '2420' are selected in object 'Object Repository/1. Constant/xpath' 

2022-06-23 21:58:13 - [MESSAGE][PASSED] - All options with value '2420' are selected in object 'Object Repository/1. Constant/xpath' 

2022-06-23 21:58:13 - [TEST_STEP][PASSED] - I.select_multiplelist("//*[@id="selSource_108"]", "//*[@id="btnAdd_108"]", "2354"): Delayed 1 second(s)

2022-06-23 21:58:14 - [MESSAGE][PASSED] - Delayed 1 second(s)

2022-06-23 21:58:16 - [MESSAGE][PASSED] - All options with value '2354' are selected in object 'Object Repository/1. Constant/xpath' 

2022-06-23 21:58:18 - [MESSAGE][PASSED] - Delayed 2 second(s)

2022-06-23 21:58:19 - [MESSAGE][PASSED] - Object: 'Object Repository/1. Constant/xpath' is clicked on

2022-06-23 21:58:20 - [MESSAGE][PASSED] - Delayed 1 second(s)

2022-06-23 21:58:20 - [TEST_STEP][PASSED] - setText(findTestObject("1. Constant/xpath", ["xpath":"//*[@id="var_110"]"]), "Variety test"): Text 'Variety test' is set on object 'Object Repository/1. Constant/xpath'

2022-06-23 21:58:21 - [MESSAGE][PASSED] - Text 'Variety test' is set on object 'Object Repository/1. Constant/xpath'

2022-06-23 21:58:21 - [TEST_STEP][PASSED] - setText(findTestObject("1. Constant/xpath", ["xpath":"//*[@id="var_133"]"]), "Alternative Format code test "): Text 'Alternative Format code test ' is set on object 'Object Repository/1. Constant/xpath'

2022-06-23 21:58:23 - [MESSAGE][PASSED] - Text 'Alternative Format code test ' is set on object 'Object Repository/1. Constant/xpath'

2022-06-23 21:58:23 - [TEST_STEP][PASSED] - setText(findTestObject("1. Constant/xpath", ["xpath":"//*[@id="var_65"]"]), "FORMAT Product designation test "): Text 'FORMAT Product designation test ' is set on object 'Object Repository/1. Constant/xpath'

2022-06-23 21:58:24 - [MESSAGE][PASSED] - Text 'FORMAT Product designation test ' is set on object 'Object Repository/1. Constant/xpath'

2022-06-23 21:58:24 - [TEST_STEP][PASSED] - I.select_multiplelist("//*[@id="selSource_91"]", "//*[@id="btnAdd_91"]", "1023"): Delayed 1 second(s)

2022-06-23 21:58:25 - [MESSAGE][PASSED] - Delayed 1 second(s)

2022-06-23 21:58:26 - [MESSAGE][PASSED] - All options with value '1023' are selected in object 'Object Repository/1. Constant/xpath' 

2022-06-23 21:58:28 - [MESSAGE][PASSED] - Delayed 2 second(s)

2022-06-23 21:58:29 - [MESSAGE][PASSED] - Object: 'Object Repository/1. Constant/xpath' is clicked on

2022-06-23 21:58:30 - [MESSAGE][PASSED] - Delayed 1 second(s)

2022-06-23 21:58:30 - [TEST_STEP][PASSED] - setText(findTestObject("1. Constant/xpath", ["xpath":"//*[@id="var_71"]"]), "25/08/2021"): Text '25/08/2021' is set on object 'Object Repository/1. Constant/xpath'

2022-06-23 21:58:31 - [MESSAGE][PASSED] - Text '25/08/2021' is set on object 'Object Repository/1. Constant/xpath'

2022-06-23 21:58:31 - [TEST_STEP][PASSED] - setText(findTestObject("1. Constant/xpath", ["xpath":"//*[@id="var_89"]"]), "Project Information - Comments"): Text 'Project Information - Comments' is set on object 'Object Repository/1. Constant/xpath'

2022-06-23 21:58:33 - [MESSAGE][PASSED] - Text 'Project Information - Comments' is set on object 'Object Repository/1. Constant/xpath'

2022-06-23 21:58:33 - [TEST_STEP][PASSED] - setText(findTestObject("1. Constant/xpath", ["xpath":"//*[@id="var_93"]"]), "Reason for change test"): Text 'Reason for change test' is set on object 'Object Repository/1. Constant/xpath'

2022-06-23 21:58:34 - [MESSAGE][PASSED] - Text 'Reason for change test' is set on object 'Object Repository/1. Constant/xpath'

2022-06-23 21:58:34 - [TEST_STEP][PASSED] - I.select_multiplelist("//*[@id="selSource_54"]", "//*[@id="btnAdd_54"]", "1081"): Delayed 1 second(s)

2022-06-23 21:58:35 - [MESSAGE][PASSED] - Delayed 1 second(s)

2022-06-23 21:58:36 - [MESSAGE][PASSED] - All options with value '1081' are selected in object 'Object Repository/1. Constant/xpath' 

2022-06-23 21:58:38 - [MESSAGE][PASSED] - Delayed 2 second(s)

2022-06-23 21:58:39 - [MESSAGE][PASSED] - Object: 'Object Repository/1. Constant/xpath' is clicked on

2022-06-23 21:58:40 - [MESSAGE][PASSED] - Delayed 1 second(s)

2022-06-23 21:58:40 - [TEST_STEP][PASSED] - delay(5): Delayed 5 second(s)

2022-06-23 21:58:45 - [MESSAGE][PASSED] - Delayed 5 second(s)

2022-06-23 21:58:45 - [TEST_STEP][PASSED] - I.select_multiplelist("//*[@id="selSource_106"]", "//*[@id="btnAdd_106"]", "2787"): Delayed 1 second(s)

2022-06-23 21:58:47 - [MESSAGE][PASSED] - Delayed 1 second(s)

2022-06-23 21:58:47 - [MESSAGE][PASSED] - All options with value '2787' are selected in object 'Object Repository/1. Constant/xpath' 

2022-06-23 21:58:49 - [MESSAGE][PASSED] - Delayed 2 second(s)

2022-06-23 21:58:51 - [MESSAGE][PASSED] - Object: 'Object Repository/1. Constant/xpath' is clicked on

2022-06-23 21:58:52 - [MESSAGE][PASSED] - Delayed 1 second(s)

2022-06-23 21:58:52 - [TEST_STEP][PASSED] - selectOptionByValue(findTestObject("1. Constant/xpath", ["xpath":"//*[@id="var_92"]"]), "1298", false): All options with value '1298' are selected in object 'Object Repository/1. Constant/xpath' 

2022-06-23 21:58:55 - [MESSAGE][PASSED] - All options with value '1298' are selected in object 'Object Repository/1. Constant/xpath' 

2022-06-23 21:58:55 - [TEST_STEP][PASSED] - I.select_multiplelist("//*[@id="selSource_88"]", "//*[@id="btnAdd_88"]", "1303"): Delayed 1 second(s)

2022-06-23 21:58:56 - [MESSAGE][PASSED] - Delayed 1 second(s)

2022-06-23 21:58:58 - [MESSAGE][PASSED] - All options with value '1303' are selected in object 'Object Repository/1. Constant/xpath' 

2022-06-23 21:59:00 - [MESSAGE][PASSED] - Delayed 2 second(s)

2022-06-23 21:59:02 - [MESSAGE][PASSED] - Object: 'Object Repository/1. Constant/xpath' is clicked on

2022-06-23 21:59:03 - [MESSAGE][PASSED] - Delayed 1 second(s)

2022-06-23 21:59:03 - [TEST_STEP][PASSED] - I.select_multiplelist("//*[@id="selSource_86"]", "//*[@id="btnAdd_86"]", "1310"): Delayed 1 second(s)

2022-06-23 21:59:04 - [MESSAGE][PASSED] - Delayed 1 second(s)

2022-06-23 21:59:05 - [MESSAGE][PASSED] - All options with value '1310' are selected in object 'Object Repository/1. Constant/xpath' 

2022-06-23 21:59:07 - [MESSAGE][PASSED] - Delayed 2 second(s)

2022-06-23 21:59:08 - [MESSAGE][PASSED] - Object: 'Object Repository/1. Constant/xpath' is clicked on

2022-06-23 21:59:09 - [MESSAGE][PASSED] - Delayed 1 second(s)

2022-06-23 21:59:09 - [TEST_STEP][PASSED] - I.select_multiplelist("//*[@id="selSource_57"]", "//*[@id="btnAdd_57"]", "2304"): Delayed 1 second(s)

2022-06-23 21:59:10 - [MESSAGE][PASSED] - Delayed 1 second(s)

2022-06-23 21:59:12 - [MESSAGE][PASSED] - All options with value '2304' are selected in object 'Object Repository/1. Constant/xpath' 

2022-06-23 21:59:14 - [MESSAGE][PASSED] - Delayed 2 second(s)

2022-06-23 21:59:16 - [MESSAGE][PASSED] - Object: 'Object Repository/1. Constant/xpath' is clicked on

2022-06-23 21:59:17 - [MESSAGE][PASSED] - Delayed 1 second(s)

2022-06-23 21:59:17 - [TEST_STEP][PASSED] - selectOptionByValue(findTestObject("1. Constant/xpath", ["xpath":"//*[@id="var_87"]"]), "971", false): All options with value '971' are selected in object 'Object Repository/1. Constant/xpath' 

2022-06-23 21:59:18 - [MESSAGE][PASSED] - All options with value '971' are selected in object 'Object Repository/1. Constant/xpath' 

2022-06-23 21:59:18 - [TEST_STEP][PASSED] - selectOptionByValue(findTestObject("1. Constant/xpath", ["xpath":"//*[@id="var_109"]"]), "1325", false): All options with value '1325' are selected in object 'Object Repository/1. Constant/xpath' 

2022-06-23 21:59:19 - [MESSAGE][PASSED] - All options with value '1325' are selected in object 'Object Repository/1. Constant/xpath' 

2022-06-23 21:59:19 - [TEST_STEP][PASSED] - selectOptionByValue(findTestObject("1. Constant/xpath", ["xpath":"//*[@id="var_52"]"]), "1330", false): All options with value '1330' are selected in object 'Object Repository/1. Constant/xpath' 

2022-06-23 21:59:20 - [MESSAGE][PASSED] - All options with value '1330' are selected in object 'Object Repository/1. Constant/xpath' 

2022-06-23 21:59:20 - [TEST_STEP][PASSED] - I.select_multiplelist("//*[@id="selSource_67"]", "//*[@id="btnAdd_67"]", "1624"): Delayed 1 second(s)

2022-06-23 21:59:21 - [MESSAGE][PASSED] - Delayed 1 second(s)

2022-06-23 21:59:22 - [MESSAGE][PASSED] - All options with value '1624' are selected in object 'Object Repository/1. Constant/xpath' 

2022-06-23 21:59:24 - [MESSAGE][PASSED] - Delayed 2 second(s)

2022-06-23 21:59:25 - [MESSAGE][PASSED] - Object: 'Object Repository/1. Constant/xpath' is clicked on

2022-06-23 21:59:26 - [MESSAGE][PASSED] - Delayed 1 second(s)

2022-06-23 21:59:26 - [TEST_STEP][PASSED] - selectOptionByValue(findTestObject("1. Constant/xpath", ["xpath":"//*[@id="var_140"]"]), "2296", false): All options with value '2296' are selected in object 'Object Repository/1. Constant/xpath' 

2022-06-23 21:59:27 - [MESSAGE][PASSED] - All options with value '2296' are selected in object 'Object Repository/1. Constant/xpath' 

2022-06-23 21:59:27 - [TEST_STEP][PASSED] - I.select_multiplelist("//*[@id="selSource_51"]", "//*[@id="btnAdd_51"]", "1673"): Delayed 1 second(s)

2022-06-23 21:59:28 - [MESSAGE][PASSED] - Delayed 1 second(s)

2022-06-23 21:59:29 - [MESSAGE][PASSED] - All options with value '1673' are selected in object 'Object Repository/1. Constant/xpath' 

2022-06-23 21:59:31 - [MESSAGE][PASSED] - Delayed 2 second(s)

2022-06-23 21:59:33 - [MESSAGE][PASSED] - Object: 'Object Repository/1. Constant/xpath' is clicked on

2022-06-23 21:59:34 - [MESSAGE][PASSED] - Delayed 1 second(s)

2022-06-23 21:59:34 - [TEST_STEP][PASSED] - I.select_multiplelist("//*[@id="selSource_50"]", "//*[@id="btnAdd_50"]", "1681"): Delayed 1 second(s)

2022-06-23 21:59:35 - [MESSAGE][PASSED] - Delayed 1 second(s)

2022-06-23 21:59:37 - [MESSAGE][PASSED] - All options with value '1681' are selected in object 'Object Repository/1. Constant/xpath' 

2022-06-23 21:59:39 - [MESSAGE][PASSED] - Delayed 2 second(s)

2022-06-23 21:59:40 - [MESSAGE][PASSED] - Object: 'Object Repository/1. Constant/xpath' is clicked on

2022-06-23 21:59:41 - [MESSAGE][PASSED] - Delayed 1 second(s)

2022-06-23 21:59:41 - [TEST_STEP][PASSED] - selectOptionByValue(findTestObject("1. Constant/xpath", ["xpath":"//*[@id="selSource_64"]"]), "1701", false): All options with value '1701' are selected in object 'Object Repository/1. Constant/xpath' 

2022-06-23 21:59:43 - [MESSAGE][PASSED] - All options with value '1701' are selected in object 'Object Repository/1. Constant/xpath' 

2022-06-23 21:59:43 - [TEST_STEP][PASSED] - I.select_multiplelist("//*[@id="selSource_64"]", "//*[@id="btnAdd_64"]", "1688"): Delayed 1 second(s)

2022-06-23 21:59:44 - [MESSAGE][PASSED] - Delayed 1 second(s)

2022-06-23 21:59:46 - [MESSAGE][PASSED] - All options with value '1688' are selected in object 'Object Repository/1. Constant/xpath' 

2022-06-23 21:59:48 - [MESSAGE][PASSED] - Delayed 2 second(s)

2022-06-23 21:59:49 - [MESSAGE][PASSED] - Object: 'Object Repository/1. Constant/xpath' is clicked on

2022-06-23 21:59:50 - [MESSAGE][PASSED] - Delayed 1 second(s)

2022-06-23 21:59:50 - [TEST_STEP][PASSED] - I.select_multiplelist("//*[@id="selSource_53"]", "//*[@id="btnAdd_53"]", "1701"): Delayed 1 second(s)

2022-06-23 21:59:51 - [MESSAGE][PASSED] - Delayed 1 second(s)

2022-06-23 21:59:54 - [MESSAGE][PASSED] - All options with value '1701' are selected in object 'Object Repository/1. Constant/xpath' 

2022-06-23 21:59:56 - [MESSAGE][PASSED] - Delayed 2 second(s)

2022-06-23 21:59:57 - [MESSAGE][PASSED] - Object: 'Object Repository/1. Constant/xpath' is clicked on

2022-06-23 21:59:58 - [MESSAGE][PASSED] - Delayed 1 second(s)

2022-06-23 21:59:58 - [TEST_STEP][PASSED] - I.select_multiplelist("//*[@id="selSource_58"]", "//*[@id="btnAdd_58"]", "1704"): Delayed 1 second(s)

2022-06-23 21:59:59 - [MESSAGE][PASSED] - Delayed 1 second(s)

2022-06-23 22:00:02 - [MESSAGE][PASSED] - All options with value '1704' are selected in object 'Object Repository/1. Constant/xpath' 

2022-06-23 22:00:04 - [MESSAGE][PASSED] - Delayed 2 second(s)

2022-06-23 22:00:06 - [MESSAGE][PASSED] - Object: 'Object Repository/1. Constant/xpath' is clicked on

2022-06-23 22:00:07 - [MESSAGE][PASSED] - Delayed 1 second(s)

2022-06-23 22:00:07 - [TEST_STEP][PASSED] - I.select_multiplelist("//*[@id="selSource_59"]", "//*[@id="btnAdd_59"]", "1706"): Delayed 1 second(s)

2022-06-23 22:00:08 - [MESSAGE][PASSED] - Delayed 1 second(s)

2022-06-23 22:00:11 - [MESSAGE][PASSED] - All options with value '1706' are selected in object 'Object Repository/1. Constant/xpath' 

2022-06-23 22:00:14 - [MESSAGE][PASSED] - Delayed 2 second(s)

2022-06-23 22:00:14 - [MESSAGE][PASSED] - Object: 'Object Repository/1. Constant/xpath' is clicked on

2022-06-23 22:00:15 - [MESSAGE][PASSED] - Delayed 1 second(s)

2022-06-23 22:00:15 - [TEST_STEP][PASSED] - I.select_multiplelist("//*[@id="selSource_73"]", "//*[@id="btnAdd_73"]", "3147"): Delayed 1 second(s)

2022-06-23 22:00:16 - [MESSAGE][PASSED] - Delayed 1 second(s)

2022-06-23 22:00:18 - [MESSAGE][PASSED] - All options with value '3147' are selected in object 'Object Repository/1. Constant/xpath' 

2022-06-23 22:00:20 - [MESSAGE][PASSED] - Delayed 2 second(s)

2022-06-23 22:00:22 - [MESSAGE][PASSED] - Object: 'Object Repository/1. Constant/xpath' is clicked on

2022-06-23 22:00:23 - [MESSAGE][PASSED] - Delayed 1 second(s)

2022-06-23 22:00:23 - [TEST_STEP][PASSED] - selectOptionByValue(findTestObject("1. Constant/xpath", ["xpath":"//*[@id="var_66"]"]), "2402", false): All options with value '2402' are selected in object 'Object Repository/1. Constant/xpath' 

2022-06-23 22:00:25 - [MESSAGE][PASSED] - All options with value '2402' are selected in object 'Object Repository/1. Constant/xpath' 

2022-06-23 22:00:25 - [TEST_STEP][PASSED] - selectOptionByValue(findTestObject("1. Constant/xpath", ["xpath":"//*[@id="var_142"]"]), "2404", false): All options with value '2404' are selected in object 'Object Repository/1. Constant/xpath' 

2022-06-23 22:00:26 - [MESSAGE][PASSED] - All options with value '2404' are selected in object 'Object Repository/1. Constant/xpath' 

2022-06-23 22:00:26 - [TEST_STEP][PASSED] - selectOptionByValue(findTestObject("1. Constant/xpath", ["xpath":"//*[@id="var_143"]"]), "2406", false): All options with value '2406' are selected in object 'Object Repository/1. Constant/xpath' 

2022-06-23 22:00:27 - [MESSAGE][PASSED] - All options with value '2406' are selected in object 'Object Repository/1. Constant/xpath' 

2022-06-23 22:00:27 - [TEST_STEP][PASSED] - I.select_multiplelist("//*[@id="selSource_119"]", "//*[@id="btnAdd_119"]", "2165"): Delayed 1 second(s)

2022-06-23 22:00:28 - [MESSAGE][PASSED] - Delayed 1 second(s)

2022-06-23 22:00:31 - [MESSAGE][PASSED] - All options with value '2165' are selected in object 'Object Repository/1. Constant/xpath' 

2022-06-23 22:00:33 - [MESSAGE][PASSED] - Delayed 2 second(s)

2022-06-23 22:00:34 - [MESSAGE][PASSED] - Object: 'Object Repository/1. Constant/xpath' is clicked on

2022-06-23 22:00:35 - [MESSAGE][PASSED] - Delayed 1 second(s)

2022-06-23 22:00:35 - [TEST_STEP][PASSED] - takeScreenshot(): Taking screenshot successfully

2022-06-23 22:00:36 - [MESSAGE][PASSED] - Taking screenshot successfully
[[ATTACHMENT|D:\\Projet Test Auto\\Mediabox Test Automation\\Reports\\20220623_184212\\03. Parallel Testing (Testing)\\TS -PT PART 3\\10 NPP Support Action on Completed Ref\\20220623_184233\\1656014436007.png]]

2022-06-23 22:00:36 - [TEST_STEP][PASSED] - delay(3): Delayed 3 second(s)

2022-06-23 22:00:39 - [MESSAGE][PASSED] - Delayed 3 second(s)

2022-06-23 22:00:39 - [TEST_STEP][PASSED] - click(findTestObject("HL Full Lifecycle/5 ModifyProjPage_button_Update")): Object: 'Object Repository/HL Full Lifecycle/5 ModifyProjPage_button_Update' is clicked on

2022-06-23 22:00:46 - [MESSAGE][PASSED] - Object: 'Object Repository/HL Full Lifecycle/5 ModifyProjPage_button_Update' is clicked on

2022-06-23 22:00:46 - [TEST_STEP][PASSED] - delay(10): Delayed 10 second(s)

2022-06-23 22:00:56 - [MESSAGE][PASSED] - Delayed 10 second(s)

2022-06-23 22:00:56 - [TEST_STEP][PASSED] - Project_No = I.ProjectNo(): Current window's url is: 'http://mdb-release.diadeis.lan/MediaboxIndependence/Base/ExecAction?IDSession=MBI%21RELTESTAUTO_NPP%21MGEUKV329H9Z3QHRMLCX6T6I1VEYALSQMT2QSDPV&default_action=AfficheFichesProjet&id_project=MI001078'

2022-06-23 22:01:01 - [MESSAGE][PASSED] - Delayed 5 second(s)

2022-06-23 22:01:02 - [MESSAGE][PASSED] - Current window's url is: 'http://mdb-release.diadeis.lan/MediaboxIndependence/Base/ExecAction?IDSession=MBI%21RELTESTAUTO_NPP%21MGEUKV329H9Z3QHRMLCX6T6I1VEYALSQMT2QSDPV&default_action=AfficheFichesProjet&id_project=MI001078'

2022-06-23 22:01:02 - [TEST_STEP][PASSED] - click(findTestObject("HL Full Lifecycle/6 ReferenceListPage_createrefbutton")): Object: 'Object Repository/HL Full Lifecycle/6 ReferenceListPage_createrefbutton' is clicked on

2022-06-23 22:01:02 - [MESSAGE][PASSED] - Object: 'Object Repository/HL Full Lifecycle/6 ReferenceListPage_createrefbutton' is clicked on

2022-06-23 22:01:02 - [TEST_STEP][PASSED] - click(findTestObject("HL Full Lifecycle/6 ReferenceListPaga_Create a component_button")): Object: 'Object Repository/HL Full Lifecycle/6 ReferenceListPaga_Create a component_button' is clicked on

2022-06-23 22:01:05 - [MESSAGE][PASSED] - Object: 'Object Repository/HL Full Lifecycle/6 ReferenceListPaga_Create a component_button' is clicked on

2022-06-23 22:01:05 - [TEST_STEP][PASSED] - takeScreenshot(): Taking screenshot successfully

2022-06-23 22:01:06 - [MESSAGE][PASSED] - Taking screenshot successfully
[[ATTACHMENT|D:\\Projet Test Auto\\Mediabox Test Automation\\Reports\\20220623_184212\\03. Parallel Testing (Testing)\\TS -PT PART 3\\10 NPP Support Action on Completed Ref\\20220623_184233\\1656014466133.png]]

2022-06-23 22:01:06 - [TEST_STEP][PASSED] - selectOptionByValue(findTestObject("1. Constant/xpath", ["xpath":"//*[@id="lfc_tpl"]"]), "51", false): All options with value '51' are selected in object 'Object Repository/1. Constant/xpath' 

2022-06-23 22:01:10 - [MESSAGE][PASSED] - All options with value '51' are selected in object 'Object Repository/1. Constant/xpath' 

2022-06-23 22:01:10 - [TEST_STEP][PASSED] - delay(1): Delayed 1 second(s)

2022-06-23 22:01:11 - [MESSAGE][PASSED] - Delayed 1 second(s)

2022-06-23 22:01:11 - [TEST_STEP][PASSED] - click(findTestObject("1. Constant/xpath", ["xpath":"//*[@id="ModifFiche"]/div[3]/div/button"])): Object: 'Object Repository/1. Constant/xpath' is clicked on

2022-06-23 22:01:16 - [MESSAGE][PASSED] - Object: 'Object Repository/1. Constant/xpath' is clicked on

2022-06-23 22:01:16 - [TEST_STEP][PASSED] - delay(1): Delayed 1 second(s)

2022-06-23 22:01:17 - [MESSAGE][PASSED] - Delayed 1 second(s)

2022-06-23 22:01:17 - [TEST_STEP][PASSED] - refID = I.RefID_Npp(): Current window's url is: 'http://mdb-release.diadeis.lan/MediaboxIndependence/Base/ExecAction?IDSession=MBI%21RELTESTAUTO_NPP%21MGEUKV329H9Z3QHRMLCX6T6I1VEYALSQMT2QSDPV&default_action=ModifierRef&id_project=MI001078&id_ref=1058043&action_from=create_ref'

2022-06-23 22:01:22 - [MESSAGE][PASSED] - Delayed 5 second(s)

2022-06-23 22:01:23 - [MESSAGE][PASSED] - Current window's url is: 'http://mdb-release.diadeis.lan/MediaboxIndependence/Base/ExecAction?IDSession=MBI%21RELTESTAUTO_NPP%21MGEUKV329H9Z3QHRMLCX6T6I1VEYALSQMT2QSDPV&default_action=ModifierRef&id_project=MI001078&id_ref=1058043&action_from=create_ref'

2022-06-23 22:01:23 - [TEST_STEP][PASSED] - takeScreenshot(): Taking screenshot successfully

2022-06-23 22:01:23 - [MESSAGE][PASSED] - Taking screenshot successfully
[[ATTACHMENT|D:\\Projet Test Auto\\Mediabox Test Automation\\Reports\\20220623_184212\\03. Parallel Testing (Testing)\\TS -PT PART 3\\10 NPP Support Action on Completed Ref\\20220623_184233\\1656014483307.png]]

2022-06-23 22:01:23 - [TEST_STEP][PASSED] - setText(findTestObject("1. Constant/xpath", ["xpath":"//*[@id="var_103"]"]), "SAP Designation test > https://www.google.com/"): Text 'SAP Designation test > https://www.google.com/' is set on object 'Object Repository/1. Constant/xpath'

2022-06-23 22:01:25 - [MESSAGE][PASSED] - Text 'SAP Designation test > https://www.google.com/' is set on object 'Object Repository/1. Constant/xpath'

2022-06-23 22:01:25 - [TEST_STEP][PASSED] - setText(findTestObject("1. Constant/xpath", ["xpath":"//*[@id="var_139"]"]), "Claim Substantiation Project Link > https://www.google.com/"): Text 'Claim Substantiation Project Link > https://www.google.com/' is set on object 'Object Repository/1. Constant/xpath'

2022-06-23 22:01:27 - [MESSAGE][PASSED] - Text 'Claim Substantiation Project Link > https://www.google.com/' is set on object 'Object Repository/1. Constant/xpath'

2022-06-23 22:01:27 - [TEST_STEP][PASSED] - setText(findTestObject("1. Constant/xpath", ["xpath":"//*[@id="var_160"]"]), "Grading standard link > test"): Text 'Grading standard link > test' is set on object 'Object Repository/1. Constant/xpath'

2022-06-23 22:01:29 - [MESSAGE][PASSED] - Text 'Grading standard link > test' is set on object 'Object Repository/1. Constant/xpath'

2022-06-23 22:01:29 - [TEST_STEP][PASSED] - scrollToElement(findTestObject("1. Constant/xpath", ["xpath":"//*[@id="var_90"]"]), 10, OPTIONAL): Scroll to object 'Object Repository/1. Constant/xpath' successfully

2022-06-23 22:01:29 - [MESSAGE][PASSED] - Scroll to object 'Object Repository/1. Constant/xpath' successfully

2022-06-23 22:01:29 - [TEST_STEP][PASSED] - setText(findTestObject("1. Constant/xpath", ["xpath":"//*[@id="var_90"]"]), "Project name > test"): Text 'Project name > test' is set on object 'Object Repository/1. Constant/xpath'

2022-06-23 22:01:31 - [MESSAGE][PASSED] - Text 'Project name > test' is set on object 'Object Repository/1. Constant/xpath'

2022-06-23 22:01:31 - [TEST_STEP][PASSED] - setText(findTestObject("1. Constant/xpath", ["xpath":"//*[@id="var_62"]"]), "DPET > test"): Text 'DPET > test' is set on object 'Object Repository/1. Constant/xpath'

2022-06-23 22:01:33 - [MESSAGE][PASSED] - Text 'DPET > test' is set on object 'Object Repository/1. Constant/xpath'

2022-06-23 22:01:33 - [TEST_STEP][PASSED] - I.select_multiplelist("//*[@id="selSource_73"]", "//*[@id="btnAdd_73"]", "3147"): Delayed 1 second(s)

2022-06-23 22:01:34 - [MESSAGE][PASSED] - Delayed 1 second(s)

2022-06-23 22:01:35 - [MESSAGE][PASSED] - All options with value '3147' are selected in object 'Object Repository/1. Constant/xpath' 

2022-06-23 22:01:37 - [MESSAGE][PASSED] - Delayed 2 second(s)

2022-06-23 22:01:38 - [MESSAGE][PASSED] - Object: 'Object Repository/1. Constant/xpath' is clicked on

2022-06-23 22:01:39 - [MESSAGE][PASSED] - Delayed 1 second(s)

2022-06-23 22:01:39 - [TEST_STEP][PASSED] - takeScreenshot(): Taking screenshot successfully

2022-06-23 22:01:39 - [MESSAGE][PASSED] - Taking screenshot successfully
[[ATTACHMENT|D:\\Projet Test Auto\\Mediabox Test Automation\\Reports\\20220623_184212\\03. Parallel Testing (Testing)\\TS -PT PART 3\\10 NPP Support Action on Completed Ref\\20220623_184233\\1656014499097.png]]

2022-06-23 22:01:39 - [TEST_STEP][PASSED] - scrollToElement(findTestObject("1. Constant/xpath", ["xpath":"//*[@id="var_82"]"]), 10, OPTIONAL): Scroll to object 'Object Repository/1. Constant/xpath' successfully

2022-06-23 22:01:40 - [MESSAGE][PASSED] - Scroll to object 'Object Repository/1. Constant/xpath' successfully

2022-06-23 22:01:40 - [TEST_STEP][PASSED] - selectOptionByValue(findTestObject("1. Constant/xpath", ["xpath":"//*[@id="var_82"]"]), "agaudin", false): All options with value 'agaudin' are selected in object 'Object Repository/1. Constant/xpath' 

2022-06-23 22:01:40 - [MESSAGE][PASSED] - All options with value 'agaudin' are selected in object 'Object Repository/1. Constant/xpath' 

2022-06-23 22:01:40 - [TEST_STEP][PASSED] - selectOptionByValue(findTestObject("1. Constant/xpath", ["xpath":"//*[@id="var_74"]"]), "afrappaz", false): All options with value 'afrappaz' are selected in object 'Object Repository/1. Constant/xpath' 

2022-06-23 22:01:41 - [MESSAGE][PASSED] - All options with value 'afrappaz' are selected in object 'Object Repository/1. Constant/xpath' 

2022-06-23 22:01:41 - [TEST_STEP][PASSED] - selectOptionByValue(findTestObject("1. Constant/xpath", ["xpath":"//*[@id="selSource_168"]"]), "cdemonchy", false): All options with value 'cdemonchy' are selected in object 'Object Repository/1. Constant/xpath' 

2022-06-23 22:01:42 - [MESSAGE][PASSED] - All options with value 'cdemonchy' are selected in object 'Object Repository/1. Constant/xpath' 

2022-06-23 22:01:42 - [TEST_STEP][PASSED] - selectOptionByValue(findTestObject("1. Constant/xpath", ["xpath":"//*[@id="selSource_168"]"]), "alarkins", false): All options with value 'alarkins' are selected in object 'Object Repository/1. Constant/xpath' 

2022-06-23 22:01:43 - [MESSAGE][PASSED] - All options with value 'alarkins' are selected in object 'Object Repository/1. Constant/xpath' 

2022-06-23 22:01:43 - [TEST_STEP][PASSED] - I.select_multiplelist("//*[@id="selSource_168"]", "//*[@id="btnAdd_168"]", "abrazhnikovapx"): Delayed 1 second(s)

2022-06-23 22:01:44 - [MESSAGE][PASSED] - Delayed 1 second(s)

2022-06-23 22:01:45 - [MESSAGE][PASSED] - All options with value 'abrazhnikovapx' are selected in object 'Object Repository/1. Constant/xpath' 

2022-06-23 22:01:47 - [MESSAGE][PASSED] - Delayed 2 second(s)

2022-06-23 22:01:48 - [MESSAGE][PASSED] - Object: 'Object Repository/1. Constant/xpath' is clicked on

2022-06-23 22:01:49 - [MESSAGE][PASSED] - Delayed 1 second(s)

2022-06-23 22:01:49 - [TEST_STEP][PASSED] - selectOptionByValue(findTestObject("1. Constant/xpath", ["xpath":"//*[@id="var_60"]"]), "asvegaardd2d", false): All options with value 'asvegaardd2d' are selected in object 'Object Repository/1. Constant/xpath' 

2022-06-23 22:01:51 - [MESSAGE][PASSED] - All options with value 'asvegaardd2d' are selected in object 'Object Repository/1. Constant/xpath' 

2022-06-23 22:01:51 - [TEST_STEP][PASSED] - selectOptionByValue(findTestObject("1. Constant/xpath", ["xpath":"//*[@id="var_102"]"]), "aserment", false): All options with value 'aserment' are selected in object 'Object Repository/1. Constant/xpath' 

2022-06-23 22:01:52 - [MESSAGE][PASSED] - All options with value 'aserment' are selected in object 'Object Repository/1. Constant/xpath' 

2022-06-23 22:01:52 - [TEST_STEP][PASSED] - selectOptionByValue(findTestObject("1. Constant/xpath", ["xpath":"//*[@id="var_63"]"]), "asavreux", false): All options with value 'asavreux' are selected in object 'Object Repository/1. Constant/xpath' 

2022-06-23 22:01:53 - [MESSAGE][PASSED] - All options with value 'asavreux' are selected in object 'Object Repository/1. Constant/xpath' 

2022-06-23 22:01:53 - [TEST_STEP][PASSED] - selectOptionByValue(findTestObject("1. Constant/xpath", ["xpath":"//*[@id="var_161"]"]), "achaves", false): All options with value 'achaves' are selected in object 'Object Repository/1. Constant/xpath' 

2022-06-23 22:01:54 - [MESSAGE][PASSED] - All options with value 'achaves' are selected in object 'Object Repository/1. Constant/xpath' 

2022-06-23 22:01:54 - [TEST_STEP][PASSED] - takeScreenshot(): Taking screenshot successfully

2022-06-23 22:01:55 - [MESSAGE][PASSED] - Taking screenshot successfully
[[ATTACHMENT|D:\\Projet Test Auto\\Mediabox Test Automation\\Reports\\20220623_184212\\03. Parallel Testing (Testing)\\TS -PT PART 3\\10 NPP Support Action on Completed Ref\\20220623_184233\\1656014514989.png]]

2022-06-23 22:01:55 - [TEST_STEP][PASSED] - scrollToElement(findTestObject("1. Constant/xpath", ["xpath":"//*[@id="var_143"]"]), 10, OPTIONAL): Scroll to object 'Object Repository/1. Constant/xpath' successfully

2022-06-23 22:01:56 - [MESSAGE][PASSED] - Scroll to object 'Object Repository/1. Constant/xpath' successfully

2022-06-23 22:01:56 - [TEST_STEP][PASSED] - I.select_multiplelist("//*[@id="selSource_79"]", "//*[@id="btnAdd_79"]", "1730"): Delayed 1 second(s)

2022-06-23 22:01:57 - [MESSAGE][PASSED] - Delayed 1 second(s)

2022-06-23 22:01:58 - [MESSAGE][PASSED] - All options with value '1730' are selected in object 'Object Repository/1. Constant/xpath' 

2022-06-23 22:02:00 - [MESSAGE][PASSED] - Delayed 2 second(s)

2022-06-23 22:02:01 - [MESSAGE][PASSED] - Object: 'Object Repository/1. Constant/xpath' is clicked on

2022-06-23 22:02:02 - [MESSAGE][PASSED] - Delayed 1 second(s)

2022-06-23 22:02:02 - [TEST_STEP][PASSED] - selectOptionByValue(findTestObject("1. Constant/xpath", ["xpath":"//*[@id="selSource_78"]"]), "1752", false): All options with value '1752' are selected in object 'Object Repository/1. Constant/xpath' 

2022-06-23 22:02:03 - [MESSAGE][PASSED] - All options with value '1752' are selected in object 'Object Repository/1. Constant/xpath' 

2022-06-23 22:02:03 - [TEST_STEP][PASSED] - I.select_multiplelist("//*[@id="selSource_78"]", "//*[@id="btnAdd_78"]", "1753"): Delayed 1 second(s)

2022-06-23 22:02:04 - [MESSAGE][PASSED] - Delayed 1 second(s)

2022-06-23 22:02:05 - [MESSAGE][PASSED] - All options with value '1753' are selected in object 'Object Repository/1. Constant/xpath' 

2022-06-23 22:02:07 - [MESSAGE][PASSED] - Delayed 2 second(s)

2022-06-23 22:02:08 - [MESSAGE][PASSED] - Object: 'Object Repository/1. Constant/xpath' is clicked on

2022-06-23 22:02:09 - [MESSAGE][PASSED] - Delayed 1 second(s)

2022-06-23 22:02:09 - [TEST_STEP][PASSED] - selectOptionByValue(findTestObject("1. Constant/xpath", ["xpath":"//*[@id="selSource_104"]"]), "73", false): All options with value '73' are selected in object 'Object Repository/1. Constant/xpath' 

2022-06-23 22:02:10 - [MESSAGE][PASSED] - All options with value '73' are selected in object 'Object Repository/1. Constant/xpath' 

2022-06-23 22:02:10 - [TEST_STEP][PASSED] - I.select_multiplelist("//*[@id="selSource_104"]", "//*[@id="btnAdd_104"]", "74"): Delayed 1 second(s)

2022-06-23 22:02:11 - [MESSAGE][PASSED] - Delayed 1 second(s)

2022-06-23 22:02:12 - [MESSAGE][PASSED] - All options with value '74' are selected in object 'Object Repository/1. Constant/xpath' 

2022-06-23 22:02:14 - [MESSAGE][PASSED] - Delayed 2 second(s)

2022-06-23 22:02:15 - [MESSAGE][PASSED] - Object: 'Object Repository/1. Constant/xpath' is clicked on

2022-06-23 22:02:16 - [MESSAGE][PASSED] - Delayed 1 second(s)

2022-06-23 22:02:16 - [TEST_STEP][PASSED] - takeScreenshot(): Taking screenshot successfully

2022-06-23 22:02:17 - [MESSAGE][PASSED] - Taking screenshot successfully
[[ATTACHMENT|D:\\Projet Test Auto\\Mediabox Test Automation\\Reports\\20220623_184212\\03. Parallel Testing (Testing)\\TS -PT PART 3\\10 NPP Support Action on Completed Ref\\20220623_184233\\1656014536792.png]]

2022-06-23 22:02:17 - [TEST_STEP][PASSED] - scrollToElement(findTestObject("1. Constant/xpath", ["xpath":"//*[@id="var_169"]"]), 10, OPTIONAL): Scroll to object 'Object Repository/1. Constant/xpath' successfully

2022-06-23 22:02:18 - [MESSAGE][PASSED] - Scroll to object 'Object Repository/1. Constant/xpath' successfully

2022-06-23 22:02:18 - [TEST_STEP][PASSED] - setText(findTestObject("1. Constant/xpath", ["xpath":"//*[@id="var_169"]"]), "Version History"): Text 'Version History' is set on object 'Object Repository/1. Constant/xpath'

2022-06-23 22:02:20 - [MESSAGE][PASSED] - Text 'Version History' is set on object 'Object Repository/1. Constant/xpath'

2022-06-23 22:02:20 - [TEST_STEP][PASSED] - click(findTestObject("HL Full Lifecycle/7 ModifyRefPage_button_Save")): Object: 'Object Repository/HL Full Lifecycle/7 ModifyRefPage_button_Save' is clicked on

2022-06-23 22:02:26 - [MESSAGE][PASSED] - Object: 'Object Repository/HL Full Lifecycle/7 ModifyRefPage_button_Save' is clicked on

2022-06-23 22:02:26 - [TEST_STEP][PASSED] - delay(1): Delayed 1 second(s)

2022-06-23 22:02:27 - [MESSAGE][PASSED] - Delayed 1 second(s)

2022-06-23 22:02:27 - [TEST_STEP][PASSED] - I.Logout_xpath("//*[@id="kt_header"]/div/div[2]/div[2]/div[1]/div/span/img", "//*[@id="kt_header"]/div/div[2]/div[2]/div[2]/a[2]"): Wait for page load successfully

2022-06-23 22:02:28 - [MESSAGE][PASSED] - Object: 'Object Repository/1. Constant/xpath' is clicked on

2022-06-23 22:02:29 - [MESSAGE][PASSED] - Delayed 1 second(s)

2022-06-23 22:02:32 - [MESSAGE][PASSED] - Object: 'Object Repository/1. Constant/xpath' is clicked on

2022-06-23 22:02:33 - [MESSAGE][PASSED] - Delayed 1 second(s)

2022-06-23 22:02:34 - [MESSAGE][PASSED] - Wait for page load successfully

2022-06-23 22:02:34 - [TEST_STEP][PASSED] - I.Login_password("ncur", password_ncur): Object: 'Object Repository/1. Constant/xpath' is clicked on

2022-06-23 22:02:35 - [MESSAGE][PASSED] - Text 'ncur' is set on object 'Object Repository/1. Constant/xpath'

2022-06-23 22:02:36 - [MESSAGE][PASSED] - Delayed 1 second(s)

2022-06-23 22:02:38 - [MESSAGE][PASSED] - Text 'dchi' is set on object 'Object Repository/1. Constant/xpath'

2022-06-23 22:02:39 - [MESSAGE][PASSED] - Delayed 1 second(s)

2022-06-23 22:02:46 - [MESSAGE][PASSED] - Object: 'Object Repository/1. Constant/xpath' is clicked on

2022-06-23 22:02:46 - [TEST_STEP][PASSED] - click(findTestObject("1. Constant/02_LHSMenu_Projects")): Object: 'Object Repository/1. Constant/02_LHSMenu_Projects' is clicked on

2022-06-23 22:03:04 - [MESSAGE][PASSED] - Object: 'Object Repository/1. Constant/02_LHSMenu_Projects' is clicked on

2022-06-23 22:03:04 - [TEST_STEP][PASSED] - I.SearchProjectNo_xpath(Project_No, "//*[@id="keynum_project"]", "//*[@id="form_filters"]/div[9]/button"): Delayed 5 second(s)

2022-06-23 22:03:05 - [MESSAGE][PASSED] - Delayed 1 second(s)

2022-06-23 22:03:07 - [MESSAGE][PASSED] - Text 'MI001078' is set on object 'Object Repository/1. Constant/xpath'

2022-06-23 22:03:10 - [MESSAGE][PASSED] - Delayed 3 second(s)

2022-06-23 22:03:10 - [MESSAGE][PASSED] - Scroll to object 'Object Repository/1. Constant/xpath' successfully

2022-06-23 22:03:15 - [MESSAGE][PASSED] - Object: 'Object Repository/1. Constant/xpath' is clicked on

2022-06-23 22:03:20 - [MESSAGE][PASSED] - Delayed 5 second(s)

2022-06-23 22:03:20 - [TEST_STEP][PASSED] - delay(2): Delayed 2 second(s)

2022-06-23 22:03:22 - [MESSAGE][PASSED] - Delayed 2 second(s)

2022-06-23 22:03:22 - [TEST_STEP][PASSED] - takeScreenshot(): Taking screenshot successfully

2022-06-23 22:03:23 - [MESSAGE][PASSED] - Taking screenshot successfully
[[ATTACHMENT|D:\\Projet Test Auto\\Mediabox Test Automation\\Reports\\20220623_184212\\03. Parallel Testing (Testing)\\TS -PT PART 3\\10 NPP Support Action on Completed Ref\\20220623_184233\\1656014602860.png]]

2022-06-23 22:03:23 - [TEST_STEP][PASSED] - click(findTestObject("1. Constant/xpath", ["xpath":"//*[@id="fiches"]/table/tbody/tr/td[10]/a[2]"])): Object: 'Object Repository/1. Constant/xpath' is clicked on

2022-06-23 22:03:29 - [MESSAGE][PASSED] - Object: 'Object Repository/1. Constant/xpath' is clicked on

2022-06-23 22:03:29 - [TEST_STEP][PASSED] - I.select_multiplelist("//*[@id="selSource_108"]", "//*[@id="btnAdd_108"]", "2344"): Delayed 1 second(s)

2022-06-23 22:03:30 - [MESSAGE][PASSED] - Delayed 1 second(s)

2022-06-23 22:03:31 - [MESSAGE][PASSED] - All options with value '2344' are selected in object 'Object Repository/1. Constant/xpath' 

2022-06-23 22:03:33 - [MESSAGE][PASSED] - Delayed 2 second(s)

2022-06-23 22:03:35 - [MESSAGE][PASSED] - Object: 'Object Repository/1. Constant/xpath' is clicked on

2022-06-23 22:03:36 - [MESSAGE][PASSED] - Delayed 1 second(s)

2022-06-23 22:03:36 - [TEST_STEP][PASSED] - click(findTestObject("1. Constant/xpath", ["xpath":"//*[@id="ModifFiche"]/div[1]/div/button[2]"])): Object: 'Object Repository/1. Constant/xpath' is clicked on

2022-06-23 22:03:43 - [MESSAGE][PASSED] - Object: 'Object Repository/1. Constant/xpath' is clicked on

2022-06-23 22:03:43 - [TEST_STEP][PASSED] - takeScreenshot(): Taking screenshot successfully

2022-06-23 22:03:44 - [MESSAGE][PASSED] - Taking screenshot successfully
[[ATTACHMENT|D:\\Projet Test Auto\\Mediabox Test Automation\\Reports\\20220623_184212\\03. Parallel Testing (Testing)\\TS -PT PART 3\\10 NPP Support Action on Completed Ref\\20220623_184233\\1656014623922.png]]

2022-06-23 22:03:44 - [TEST_STEP][PASSED] - click(findTestObject("1. Constant/xpath", ["xpath":"//*[@id="fiches"]/table/tbody/tr/td[10]/a[2]"])): Object: 'Object Repository/1. Constant/xpath' is clicked on

2022-06-23 22:03:49 - [MESSAGE][PASSED] - Object: 'Object Repository/1. Constant/xpath' is clicked on

2022-06-23 22:03:49 - [TEST_STEP][PASSED] - delay(1): Delayed 1 second(s)

2022-06-23 22:03:50 - [MESSAGE][PASSED] - Delayed 1 second(s)

2022-06-23 22:03:50 - [TEST_STEP][PASSED] - click(findTestObject("1. Constant/xpath", ["xpath":"//*[@id="ModifFiche"]/div[1]/div/button[2]"])): Object: 'Object Repository/1. Constant/xpath' is clicked on

2022-06-23 22:03:58 - [MESSAGE][PASSED] - Object: 'Object Repository/1. Constant/xpath' is clicked on

2022-06-23 22:03:58 - [TEST_STEP][PASSED] - delay(1): Delayed 1 second(s)

2022-06-23 22:03:59 - [MESSAGE][PASSED] - Delayed 1 second(s)

2022-06-23 22:03:59 - [TEST_STEP][PASSED] - click(findTestObject("1. Constant/xpath", ["xpath":"/html/body/div[1]/div[2]/div[4]/div[3]/div/div[2]/div[2]/table/tbody/tr/td[10]/div[2]/button"])): Object: 'Object Repository/1. Constant/xpath' is clicked on

2022-06-23 22:04:00 - [MESSAGE][PASSED] - Object: 'Object Repository/1. Constant/xpath' is clicked on

2022-06-23 22:04:00 - [TEST_STEP][PASSED] - delay(1): Delayed 1 second(s)

2022-06-23 22:04:01 - [MESSAGE][PASSED] - Delayed 1 second(s)

2022-06-23 22:04:01 - [TEST_STEP][PASSED] - click(findTestObject("1. Constant/xpath", ["xpath":"//*[@id="fiches"]/table/tbody/tr/td[10]/div[2]/div/a[1]"])): Object: 'Object Repository/1. Constant/xpath' is clicked on

2022-06-23 22:04:05 - [MESSAGE][PASSED] - Object: 'Object Repository/1. Constant/xpath' is clicked on

2022-06-23 22:04:05 - [TEST_STEP][PASSED] - takeScreenshot(): Taking screenshot successfully

2022-06-23 22:04:05 - [MESSAGE][PASSED] - Taking screenshot successfully
[[ATTACHMENT|D:\\Projet Test Auto\\Mediabox Test Automation\\Reports\\20220623_184212\\03. Parallel Testing (Testing)\\TS -PT PART 3\\10 NPP Support Action on Completed Ref\\20220623_184233\\1656014645149.png]]

2022-06-23 22:04:05 - [TEST_STEP][PASSED] - selectOptionByValue(findTestObject("1. Constant/xpath", ["xpath":"//*[@id="var_84"]"]), "akim", false): All options with value 'akim' are selected in object 'Object Repository/1. Constant/xpath' 

2022-06-23 22:04:06 - [MESSAGE][PASSED] - All options with value 'akim' are selected in object 'Object Repository/1. Constant/xpath' 

2022-06-23 22:04:06 - [TEST_STEP][PASSED] - click(findTestObject("1. Constant/xpath", ["xpath":"//*[@id="ModifFiche"]/div[1]/div/div"])): Object: 'Object Repository/1. Constant/xpath' is clicked on

2022-06-23 22:04:07 - [MESSAGE][PASSED] - Object: 'Object Repository/1. Constant/xpath' is clicked on

2022-06-23 22:04:07 - [TEST_STEP][PASSED] - delay(1): Delayed 1 second(s)

2022-06-23 22:04:08 - [MESSAGE][PASSED] - Delayed 1 second(s)

2022-06-23 22:04:08 - [TEST_STEP][PASSED] - click(findTestObject("1. Constant/xpath", ["xpath":"//*[@id="ModifFiche"]/div[1]/div/div/div/a[1]"])): Object: 'Object Repository/1. Constant/xpath' is clicked on

2022-06-23 22:04:16 - [MESSAGE][PASSED] - Object: 'Object Repository/1. Constant/xpath' is clicked on

2022-06-23 22:04:16 - [TEST_STEP][PASSED] - delay(2): Delayed 2 second(s)

2022-06-23 22:04:18 - [MESSAGE][PASSED] - Delayed 2 second(s)

2022-06-23 22:04:18 - [TEST_STEP][PASSED] - click(findTestObject("1. Constant/xpath", ["xpath":"//*[@id="fiches"]/table/tbody/tr/td[10]/div[2]/button"])): Object: 'Object Repository/1. Constant/xpath' is clicked on

2022-06-23 22:04:19 - [MESSAGE][PASSED] - Object: 'Object Repository/1. Constant/xpath' is clicked on

2022-06-23 22:04:19 - [TEST_STEP][PASSED] - delay(1): Delayed 1 second(s)

2022-06-23 22:04:20 - [MESSAGE][PASSED] - Delayed 1 second(s)

2022-06-23 22:04:20 - [TEST_STEP][PASSED] - click(findTestObject("1. Constant/xpath", ["xpath":"//*[@id="fiches"]/table/tbody/tr/td[10]/div[2]/div/a[1]"])): Object: 'Object Repository/1. Constant/xpath' is clicked on

2022-06-23 22:04:22 - [MESSAGE][PASSED] - Object: 'Object Repository/1. Constant/xpath' is clicked on

2022-06-23 22:04:22 - [TEST_STEP][PASSED] - takeScreenshot(): Taking screenshot successfully

2022-06-23 22:04:23 - [MESSAGE][PASSED] - Taking screenshot successfully
[[ATTACHMENT|D:\\Projet Test Auto\\Mediabox Test Automation\\Reports\\20220623_184212\\03. Parallel Testing (Testing)\\TS -PT PART 3\\10 NPP Support Action on Completed Ref\\20220623_184233\\1656014662945.png]]

2022-06-23 22:04:23 - [TEST_STEP][PASSED] - selectOptionByValue(findTestObject("1. Constant/xpath", ["xpath":"//*[@id="var_76"]"]), "afrappaz", false): All options with value 'afrappaz' are selected in object 'Object Repository/1. Constant/xpath' 

2022-06-23 22:04:24 - [MESSAGE][PASSED] - All options with value 'afrappaz' are selected in object 'Object Repository/1. Constant/xpath' 

2022-06-23 22:04:24 - [TEST_STEP][PASSED] - click(findTestObject("1. Constant/xpath", ["xpath":"//*[@id="ModifFiche"]/div[1]/div/div/button"])): Object: 'Object Repository/1. Constant/xpath' is clicked on

2022-06-23 22:04:27 - [MESSAGE][PASSED] - Object: 'Object Repository/1. Constant/xpath' is clicked on

2022-06-23 22:04:27 - [TEST_STEP][PASSED] - delay(1): Delayed 1 second(s)

2022-06-23 22:04:28 - [MESSAGE][PASSED] - Delayed 1 second(s)

2022-06-23 22:04:28 - [TEST_STEP][PASSED] - click(findTestObject("1. Constant/xpath", ["xpath":"//*[@id="ModifFiche"]/div[1]/div/div/div/a[1]"])): Object: 'Object Repository/1. Constant/xpath' is clicked on

2022-06-23 22:04:37 - [MESSAGE][PASSED] - Object: 'Object Repository/1. Constant/xpath' is clicked on

2022-06-23 22:04:37 - [TEST_STEP][PASSED] - delay(2): Delayed 2 second(s)

2022-06-23 22:04:39 - [MESSAGE][PASSED] - Delayed 2 second(s)

2022-06-23 22:04:39 - [TEST_STEP][PASSED] - click(findTestObject("1. Constant/xpath", ["xpath":"//*[@id="fiches"]/table/tbody/tr/td[10]/div[2]/button"])): Object: 'Object Repository/1. Constant/xpath' is clicked on

2022-06-23 22:04:40 - [MESSAGE][PASSED] - Object: 'Object Repository/1. Constant/xpath' is clicked on

2022-06-23 22:04:40 - [TEST_STEP][PASSED] - delay(1): Delayed 1 second(s)

2022-06-23 22:04:41 - [MESSAGE][PASSED] - Delayed 1 second(s)

2022-06-23 22:04:41 - [TEST_STEP][PASSED] - click(findTestObject("1. Constant/xpath", ["xpath":"//*[@id="fiches"]/table/tbody/tr/td[10]/div[2]/div/a[1]"])): Object: 'Object Repository/1. Constant/xpath' is clicked on

2022-06-23 22:04:44 - [MESSAGE][PASSED] - Object: 'Object Repository/1. Constant/xpath' is clicked on

2022-06-23 22:04:44 - [TEST_STEP][PASSED] - takeScreenshot(): Taking screenshot successfully

2022-06-23 22:04:45 - [MESSAGE][PASSED] - Taking screenshot successfully
[[ATTACHMENT|D:\\Projet Test Auto\\Mediabox Test Automation\\Reports\\20220623_184212\\03. Parallel Testing (Testing)\\TS -PT PART 3\\10 NPP Support Action on Completed Ref\\20220623_184233\\1656014684937.png]]

2022-06-23 22:04:45 - [TEST_STEP][PASSED] - delay(1): Delayed 1 second(s)

2022-06-23 22:04:46 - [MESSAGE][PASSED] - Delayed 1 second(s)

2022-06-23 22:04:46 - [TEST_STEP][PASSED] - click(findTestObject("1. Constant/xpath", ["xpath":"//*[@id="ModifFiche"]/div[1]/div/div/button"])): Object: 'Object Repository/1. Constant/xpath' is clicked on

2022-06-23 22:04:46 - [MESSAGE][PASSED] - Object: 'Object Repository/1. Constant/xpath' is clicked on

2022-06-23 22:04:46 - [TEST_STEP][PASSED] - delay(1): Delayed 1 second(s)

2022-06-23 22:04:47 - [MESSAGE][PASSED] - Delayed 1 second(s)

2022-06-23 22:04:47 - [TEST_STEP][PASSED] - click(findTestObject("1. Constant/xpath", ["xpath":"//*[@id="ModifFiche"]/div[1]/div/div/div/a[1]"])): Object: 'Object Repository/1. Constant/xpath' is clicked on

2022-06-23 22:04:54 - [MESSAGE][PASSED] - Object: 'Object Repository/1. Constant/xpath' is clicked on

2022-06-23 22:04:54 - [TEST_STEP][PASSED] - delay(2): Delayed 2 second(s)

2022-06-23 22:04:56 - [MESSAGE][PASSED] - Delayed 2 second(s)

2022-06-23 22:04:56 - [TEST_STEP][PASSED] - click(findTestObject("1. Constant/xpath", ["xpath":"//*[@id="fiches"]/table/tbody/tr/td[10]/div[2]/button"])): Object: 'Object Repository/1. Constant/xpath' is clicked on

2022-06-23 22:04:57 - [MESSAGE][PASSED] - Object: 'Object Repository/1. Constant/xpath' is clicked on

2022-06-23 22:04:57 - [TEST_STEP][PASSED] - delay(1): Delayed 1 second(s)

2022-06-23 22:04:58 - [MESSAGE][PASSED] - Delayed 1 second(s)

2022-06-23 22:04:58 - [TEST_STEP][PASSED] - click(findTestObject("1. Constant/xpath", ["xpath":"//*[@id="fiches"]/table/tbody/tr/td[10]/div[2]/div/a[1]"])): Object: 'Object Repository/1. Constant/xpath' is clicked on

2022-06-23 22:05:02 - [MESSAGE][PASSED] - Object: 'Object Repository/1. Constant/xpath' is clicked on

2022-06-23 22:05:02 - [TEST_STEP][PASSED] - takeScreenshot(): Taking screenshot successfully

2022-06-23 22:05:04 - [MESSAGE][PASSED] - Taking screenshot successfully
[[ATTACHMENT|D:\\Projet Test Auto\\Mediabox Test Automation\\Reports\\20220623_184212\\03. Parallel Testing (Testing)\\TS -PT PART 3\\10 NPP Support Action on Completed Ref\\20220623_184233\\1656014703384.png]]

2022-06-23 22:05:04 - [TEST_STEP][PASSED] - delay(1): Delayed 1 second(s)

2022-06-23 22:05:05 - [MESSAGE][PASSED] - Delayed 1 second(s)

2022-06-23 22:05:05 - [TEST_STEP][PASSED] - selectOptionByValue(findTestObject("1. Constant/xpath", ["xpath":"//*[@id="var_56"]"]), "aserment", false): All options with value 'aserment' are selected in object 'Object Repository/1. Constant/xpath' 

2022-06-23 22:05:06 - [MESSAGE][PASSED] - All options with value 'aserment' are selected in object 'Object Repository/1. Constant/xpath' 

2022-06-23 22:05:06 - [TEST_STEP][PASSED] - click(findTestObject("1. Constant/xpath", ["xpath":"//*[@id="ModifFiche"]/div[1]/div/div/button"])): Object: 'Object Repository/1. Constant/xpath' is clicked on

2022-06-23 22:05:06 - [MESSAGE][PASSED] - Object: 'Object Repository/1. Constant/xpath' is clicked on

2022-06-23 22:05:06 - [TEST_STEP][PASSED] - delay(1): Delayed 1 second(s)

2022-06-23 22:05:07 - [MESSAGE][PASSED] - Delayed 1 second(s)

2022-06-23 22:05:07 - [TEST_STEP][PASSED] - click(findTestObject("1. Constant/xpath", ["xpath":"//*[@id="ModifFiche"]/div[1]/div/div/div/a[1]"])): Object: 'Object Repository/1. Constant/xpath' is clicked on

2022-06-23 22:05:18 - [MESSAGE][PASSED] - Object: 'Object Repository/1. Constant/xpath' is clicked on

2022-06-23 22:05:18 - [TEST_STEP][PASSED] - delay(2): Delayed 2 second(s)

2022-06-23 22:05:20 - [MESSAGE][PASSED] - Delayed 2 second(s)

2022-06-23 22:05:20 - [TEST_STEP][PASSED] - takeScreenshot(): Taking screenshot successfully

2022-06-23 22:05:20 - [MESSAGE][PASSED] - Taking screenshot successfully
[[ATTACHMENT|D:\\Projet Test Auto\\Mediabox Test Automation\\Reports\\20220623_184212\\03. Parallel Testing (Testing)\\TS -PT PART 3\\10 NPP Support Action on Completed Ref\\20220623_184233\\1656014720649.png]]

2022-06-23 22:05:20 - [TEST_STEP][PASSED] - click(findTestObject("1. Constant/xpath", ["xpath":"//*[@id="fiches"]/table/tbody/tr/td[10]/div[1]/button"])): Object: 'Object Repository/1. Constant/xpath' is clicked on

2022-06-23 22:05:21 - [MESSAGE][PASSED] - Object: 'Object Repository/1. Constant/xpath' is clicked on

2022-06-23 22:05:21 - [TEST_STEP][PASSED] - delay(3): Delayed 3 second(s)

2022-06-23 22:05:24 - [MESSAGE][PASSED] - Delayed 3 second(s)

2022-06-23 22:05:24 - [TEST_STEP][PASSED] - click(findTestObject("1. Constant/xpath", ["xpath":"//*[@id="fiches"]/table/tbody/tr/td[10]/div[1]/div/a[2]"])): Object: 'Object Repository/1. Constant/xpath' is clicked on

2022-06-23 22:05:28 - [MESSAGE][PASSED] - Object: 'Object Repository/1. Constant/xpath' is clicked on

2022-06-23 22:05:28 - [TEST_STEP][PASSED] - delay(3): Delayed 3 second(s)

2022-06-23 22:05:31 - [MESSAGE][PASSED] - Delayed 3 second(s)

2022-06-23 22:05:31 - [TEST_STEP][PASSED] - takeScreenshot(): Taking screenshot successfully

2022-06-23 22:05:32 - [MESSAGE][PASSED] - Taking screenshot successfully
[[ATTACHMENT|D:\\Projet Test Auto\\Mediabox Test Automation\\Reports\\20220623_184212\\03. Parallel Testing (Testing)\\TS -PT PART 3\\10 NPP Support Action on Completed Ref\\20220623_184233\\1656014732123.png]]

2022-06-23 22:05:32 - [TEST_STEP][PASSED] - click(findTestObject("1. Constant/xpath", ["xpath":"//*[@id="aff_newfield_zone"]"])): Object: 'Object Repository/1. Constant/xpath' is clicked on

2022-06-23 22:05:33 - [MESSAGE][PASSED] - Object: 'Object Repository/1. Constant/xpath' is clicked on

2022-06-23 22:05:33 - [TEST_STEP][PASSED] - delay(3): Delayed 3 second(s)

2022-06-23 22:05:36 - [MESSAGE][PASSED] - Delayed 3 second(s)

2022-06-23 22:05:36 - [TEST_STEP][PASSED] - I.Pagedown(): Execute JavaScript 'window.scrollTo(0, document.body.scrollHeight)' successfully

2022-06-23 22:05:36 - [MESSAGE][PASSED] - Execute JavaScript 'window.scrollTo(0, document.body.scrollHeight)' successfully

2022-06-23 22:05:36 - [TEST_STEP][PASSED] - selectOptionByValue(findTestObject("1. Constant/xpath", ["xpath":"//*[@id="type_new"]"]), "160", false): All options with value '160' are selected in object 'Object Repository/1. Constant/xpath' 

2022-06-23 22:05:43 - [MESSAGE][PASSED] - All options with value '160' are selected in object 'Object Repository/1. Constant/xpath' 

2022-06-23 22:05:43 - [TEST_STEP][PASSED] - delay(3): Delayed 3 second(s)

2022-06-23 22:05:46 - [MESSAGE][PASSED] - Delayed 3 second(s)

2022-06-23 22:05:46 - [TEST_STEP][PASSED] - click(findTestObject("1. Constant/xpath", ["xpath":"//*[@id="add_newtranslationfield"]"])): Object: 'Object Repository/1. Constant/xpath' is clicked on

2022-06-23 22:05:49 - [MESSAGE][PASSED] - Object: 'Object Repository/1. Constant/xpath' is clicked on

2022-06-23 22:05:49 - [TEST_STEP][PASSED] - delay(3): Delayed 3 second(s)

2022-06-23 22:05:52 - [MESSAGE][PASSED] - Delayed 3 second(s)

2022-06-23 22:05:52 - [TEST_STEP][PASSED] - I.click_button_javascript(findTestObject("1. Constant/xpath", ["xpath":"//*[@id="ModifFiche"]/div[1]/div[2]/button[2]"])): Execute JavaScript 'arguments[0].click()' successfully

2022-06-23 22:06:03 - [MESSAGE][PASSED] - Execute JavaScript 'arguments[0].click()' successfully

2022-06-23 22:06:03 - [TEST_STEP][PASSED] - delay(3): Delayed 3 second(s)

2022-06-23 22:06:06 - [MESSAGE][PASSED] - Delayed 3 second(s)

2022-06-23 22:06:06 - [TEST_STEP][PASSED] - takeScreenshot(): Taking screenshot successfully

2022-06-23 22:06:07 - [MESSAGE][PASSED] - Taking screenshot successfully
[[ATTACHMENT|D:\\Projet Test Auto\\Mediabox Test Automation\\Reports\\20220623_184212\\03. Parallel Testing (Testing)\\TS -PT PART 3\\10 NPP Support Action on Completed Ref\\20220623_184233\\1656014766284.png]]

2022-06-23 22:06:07 - [TEST_STEP][PASSED] - I.select_multiplelist("//*[@id="selSource_default_target_language"]", "//*[@id="btn_add_default_target_language"]", "EN"): Delayed 1 second(s)

2022-06-23 22:06:08 - [MESSAGE][PASSED] - Delayed 1 second(s)

2022-06-23 22:06:10 - [MESSAGE][PASSED] - All options with value 'EN' are selected in object 'Object Repository/1. Constant/xpath' 

2022-06-23 22:06:12 - [MESSAGE][PASSED] - Delayed 2 second(s)

2022-06-23 22:06:13 - [MESSAGE][PASSED] - Object: 'Object Repository/1. Constant/xpath' is clicked on

2022-06-23 22:06:14 - [MESSAGE][PASSED] - Delayed 1 second(s)

2022-06-23 22:06:14 - [TEST_STEP][PASSED] - delay(3): Delayed 3 second(s)

2022-06-23 22:06:18 - [MESSAGE][PASSED] - Delayed 3 second(s)

2022-06-23 22:06:18 - [TEST_STEP][PASSED] - selectOptionByValue(findTestObject("1. Constant/xpath", ["xpath":"//*[@id="var_127_128_line_1"]"]), "2211", false): All options with value '2211' are selected in object 'Object Repository/1. Constant/xpath' 

2022-06-23 22:06:20 - [MESSAGE][PASSED] - All options with value '2211' are selected in object 'Object Repository/1. Constant/xpath' 

2022-06-23 22:06:20 - [TEST_STEP][PASSED] - delay(3): Delayed 3 second(s)

2022-06-23 22:06:23 - [MESSAGE][PASSED] - Delayed 3 second(s)

2022-06-23 22:06:23 - [TEST_STEP][PASSED] - setText(findTestObject("1. Constant/xpath", ["xpath":"//*[@id="var_72"]"]), "01/12/2021"): Text '01/12/2021' is set on object 'Object Repository/1. Constant/xpath'

2022-06-23 22:06:26 - [MESSAGE][PASSED] - Text '01/12/2021' is set on object 'Object Repository/1. Constant/xpath'

2022-06-23 22:06:26 - [TEST_STEP][PASSED] - delay(3): Delayed 3 second(s)

2022-06-23 22:06:29 - [MESSAGE][PASSED] - Delayed 3 second(s)

2022-06-23 22:06:29 - [TEST_STEP][PASSED] - setText(findTestObject("1. Constant/xpath", ["xpath":"//*[@id="var_116"]"]), "01/12/2021"): Text '01/12/2021' is set on object 'Object Repository/1. Constant/xpath'

2022-06-23 22:06:30 - [MESSAGE][PASSED] - Text '01/12/2021' is set on object 'Object Repository/1. Constant/xpath'

2022-06-23 22:06:30 - [TEST_STEP][PASSED] - I.Pagedown(): Execute JavaScript 'window.scrollTo(0, document.body.scrollHeight)' successfully

2022-06-23 22:06:30 - [MESSAGE][PASSED] - Execute JavaScript 'window.scrollTo(0, document.body.scrollHeight)' successfully

2022-06-23 22:06:30 - [TEST_STEP][PASSED] - I.select_multiplelist("//*[@id="selSource_61"]", "//*[@id="btnAdd_61"]", "2147"): Delayed 1 second(s)

2022-06-23 22:06:31 - [MESSAGE][PASSED] - Delayed 1 second(s)

2022-06-23 22:06:33 - [MESSAGE][PASSED] - All options with value '2147' are selected in object 'Object Repository/1. Constant/xpath' 

2022-06-23 22:06:35 - [MESSAGE][PASSED] - Delayed 2 second(s)

2022-06-23 22:06:36 - [MESSAGE][PASSED] - Object: 'Object Repository/1. Constant/xpath' is clicked on

2022-06-23 22:06:37 - [MESSAGE][PASSED] - Delayed 1 second(s)

2022-06-23 22:06:37 - [TEST_STEP][PASSED] - takeScreenshot(): Taking screenshot successfully

2022-06-23 22:06:38 - [MESSAGE][PASSED] - Taking screenshot successfully
[[ATTACHMENT|D:\\Projet Test Auto\\Mediabox Test Automation\\Reports\\20220623_184212\\03. Parallel Testing (Testing)\\TS -PT PART 3\\10 NPP Support Action on Completed Ref\\20220623_184233\\1656014797869.png]]

2022-06-23 22:06:38 - [TEST_STEP][PASSED] - I.click_button_javascript(findTestObject("1. Constant/xpath", ["xpath":"//*[@id="ModifFiche"]/div[3]/div/button[2]"])): Execute JavaScript 'arguments[0].click()' successfully

2022-06-23 22:06:49 - [MESSAGE][PASSED] - Execute JavaScript 'arguments[0].click()' successfully

2022-06-23 22:06:49 - [TEST_STEP][PASSED] - delay(1): Delayed 1 second(s)

2022-06-23 22:06:50 - [MESSAGE][PASSED] - Delayed 1 second(s)

2022-06-23 22:06:50 - [TEST_STEP][PASSED] - I.Logout_xpath("//*[@id="kt_header"]/div/div[2]/div[2]/div[1]/div/span/img", "//*[@id="kt_header"]/div/div[2]/div[2]/div[2]/a[2]"): Wait for page load successfully

2022-06-23 22:06:51 - [MESSAGE][PASSED] - Object: 'Object Repository/1. Constant/xpath' is clicked on

2022-06-23 22:06:52 - [MESSAGE][PASSED] - Delayed 1 second(s)

2022-06-23 22:06:55 - [MESSAGE][PASSED] - Object: 'Object Repository/1. Constant/xpath' is clicked on

2022-06-23 22:06:56 - [MESSAGE][PASSED] - Delayed 1 second(s)

2022-06-23 22:06:57 - [MESSAGE][PASSED] - Wait for page load successfully

2022-06-23 22:06:57 - [TEST_STEP][PASSED] - I.Login_password("lmoodie_mkt", password_lmoodie_mkt): Object: 'Object Repository/1. Constant/xpath' is clicked on

2022-06-23 22:06:58 - [MESSAGE][PASSED] - Text 'lmoodie_mkt' is set on object 'Object Repository/1. Constant/xpath'

2022-06-23 22:06:59 - [MESSAGE][PASSED] - Delayed 1 second(s)

2022-06-23 22:07:00 - [MESSAGE][PASSED] - Text 'dchi' is set on object 'Object Repository/1. Constant/xpath'

2022-06-23 22:07:01 - [MESSAGE][PASSED] - Delayed 1 second(s)

2022-06-23 22:07:06 - [MESSAGE][PASSED] - Object: 'Object Repository/1. Constant/xpath' is clicked on

2022-06-23 22:07:06 - [TEST_STEP][PASSED] - md = I.Get_Task_No("//*[@id="kt_header"]/div/div[2]/div[1]/div[1]/span"): Text of object 'Object Repository/1. Constant/xpath' is: '73'

2022-06-23 22:07:07 - [MESSAGE][PASSED] - Text of object 'Object Repository/1. Constant/xpath' is: '73'

2022-06-23 22:07:07 - [TEST_STEP][PASSED] - click(findTestObject("1. Constant/xpath", ["xpath":"//*[@id="menu_2"]/a"])): Object: 'Object Repository/1. Constant/xpath' is clicked on

2022-06-23 22:07:17 - [MESSAGE][PASSED] - Object: 'Object Repository/1. Constant/xpath' is clicked on

2022-06-23 22:07:17 - [TEST_STEP][PASSED] - I.SearchProjectNo_xpath(Project_No, "//*[@id="keynum_project"]", "//*[@id="form_filters"]/div[20]/button"): Delayed 5 second(s)

2022-06-23 22:07:18 - [MESSAGE][PASSED] - Delayed 1 second(s)

2022-06-23 22:07:20 - [MESSAGE][PASSED] - Text 'MI001078' is set on object 'Object Repository/1. Constant/xpath'

2022-06-23 22:07:23 - [MESSAGE][PASSED] - Delayed 3 second(s)

2022-06-23 22:07:24 - [MESSAGE][PASSED] - Scroll to object 'Object Repository/1. Constant/xpath' successfully

2022-06-23 22:07:28 - [MESSAGE][PASSED] - Object: 'Object Repository/1. Constant/xpath' is clicked on

2022-06-23 22:07:33 - [MESSAGE][PASSED] - Delayed 5 second(s)

2022-06-23 22:07:33 - [TEST_STEP][PASSED] - delay(1): Delayed 1 second(s)

2022-06-23 22:07:34 - [MESSAGE][PASSED] - Delayed 1 second(s)

2022-06-23 22:07:34 - [TEST_STEP][PASSED] - takeScreenshot(): Taking screenshot successfully

2022-06-23 22:07:36 - [MESSAGE][PASSED] - Taking screenshot successfully
[[ATTACHMENT|D:\\Projet Test Auto\\Mediabox Test Automation\\Reports\\20220623_184212\\03. Parallel Testing (Testing)\\TS -PT PART 3\\10 NPP Support Action on Completed Ref\\20220623_184233\\1656014855593.png]]

2022-06-23 22:07:36 - [TEST_STEP][PASSED] - click(findTestObject("1. Constant/xpath", ["xpath":"//*[@id="source_" + refID + ""]/td[12]/a[2]"])): Object: 'Object Repository/1. Constant/xpath' is clicked on

2022-06-23 22:07:42 - [MESSAGE][PASSED] - Object: 'Object Repository/1. Constant/xpath' is clicked on

2022-06-23 22:07:42 - [TEST_STEP][PASSED] - md2 = I.Get_Task_No("//*[@id="kt_header"]/div/div[2]/div[1]/div[1]/span"): Text of object 'Object Repository/1. Constant/xpath' is: '72'

2022-06-23 22:07:43 - [MESSAGE][PASSED] - Text of object 'Object Repository/1. Constant/xpath' is: '72'

2022-06-23 22:07:43 - [TEST_STEP][PASSED] - verifyEqual(md - 1, md2): Actual object '72' and expected object '72' are equal

2022-06-23 22:07:43 - [MESSAGE][PASSED] - Actual object '72' and expected object '72' are equal

2022-06-23 22:07:43 - [TEST_STEP][PASSED] - closeBrowser(): Browser is closed

2022-06-23 22:07:53 - [MESSAGE][PASSED] - Browser is closed

2022-06-23 22:07:53 - [TEST_STEP][PASSED] - Start listener action : sampleAfterTestCase: null]]></system-out>
         <system-err><![CDATA[]]></system-err>
      </testcase>
      <testcase name="Test Cases/16 Support action (Completed ref)/16.11 NPP SAS translation - skip translation and rest to LS _SKIP RSA S8" time="680.421" classname="Test Cases/16 Support action (Completed ref)/16.11 NPP SAS translation - skip translation and rest to LS _SKIP RSA S8" status="PASSED">
         <system-out><![CDATA[2022-06-23 22:07:53 - [TEST_CASE][PASSED] - Test Cases/16 Support action (Completed ref)/16.11 NPP SAS translation - skip translation and rest to LS _SKIP RSA S8: Test Cases/16 Support action (Completed ref)/16.11 NPP SAS translation - skip translation and rest to LS _SKIP RSA S8

2022-06-23 22:07:54 - [TEST_STEP][PASSED] - data_Npp = findTestData("Data Files/Username_Password/Npp"): null

2022-06-23 22:07:54 - [TEST_STEP][PASSED] - password_ncur = data_Npp.getValue(2, 1): null

2022-06-23 22:07:54 - [TEST_STEP][PASSED] - password_akim = data_Npp.getValue(2, 2): null

2022-06-23 22:07:54 - [TEST_STEP][PASSED] - data_urlRELAUTO = findTestData("Data Files/URL/URL_relauto"): null

2022-06-23 22:07:54 - [TEST_STEP][PASSED] - Url_Npp = data_urlRELAUTO.getValue(2, 5): null

2022-06-23 22:07:54 - [TEST_STEP][PASSED] - openBrowser(Url_Npp): Browser is opened with url: ' http://mdb-release.diadeis.lan/MediaboxIndependence/?MBI_datasource=RELTESTAUTO_NPP'

2022-06-23 22:07:54 - [MESSAGE][INFO] - Starting 'Chrome (headless)' driver

2022-06-23 22:07:54 - [MESSAGE][INFO] - User set preference: ['args', '[--window-size=1920,1080, --headless]']

2022-06-23 22:07:54 - [MESSAGE][INFO] - Action delay is set to 0 milliseconds

2022-06-23 22:08:13 - [MESSAGE][PASSED] - Browser is opened with url: ' http://mdb-release.diadeis.lan/MediaboxIndependence/?MBI_datasource=RELTESTAUTO_NPP'

2022-06-23 22:08:13 - [TEST_STEP][PASSED] - maximizeWindow(): Current window maximized

2022-06-23 22:08:13 - [MESSAGE][PASSED] - Current window maximized

2022-06-23 22:08:13 - [TEST_STEP][PASSED] - takeScreenshot(): Taking screenshot successfully

2022-06-23 22:08:13 - [MESSAGE][PASSED] - Taking screenshot successfully
[[ATTACHMENT|D:\\Projet Test Auto\\Mediabox Test Automation\\Reports\\20220623_184212\\03. Parallel Testing (Testing)\\TS -PT PART 3\\10 NPP Support Action on Completed Ref\\20220623_184233\\1656014893495.png]]

2022-06-23 22:08:13 - [TEST_STEP][PASSED] - I.Login_password("akim", password_akim): Object: 'Object Repository/1. Constant/xpath' is clicked on

2022-06-23 22:08:14 - [MESSAGE][PASSED] - Text 'akim' is set on object 'Object Repository/1. Constant/xpath'

2022-06-23 22:08:15 - [MESSAGE][PASSED] - Delayed 1 second(s)

2022-06-23 22:08:16 - [MESSAGE][PASSED] - Text 'dchi' is set on object 'Object Repository/1. Constant/xpath'

2022-06-23 22:08:17 - [MESSAGE][PASSED] - Delayed 1 second(s)

2022-06-23 22:08:27 - [MESSAGE][PASSED] - Object: 'Object Repository/1. Constant/xpath' is clicked on

2022-06-23 22:08:27 - [TEST_STEP][PASSED] - takeScreenshot(): Taking screenshot successfully

2022-06-23 22:08:27 - [MESSAGE][PASSED] - Taking screenshot successfully
[[ATTACHMENT|D:\\Projet Test Auto\\Mediabox Test Automation\\Reports\\20220623_184212\\03. Parallel Testing (Testing)\\TS -PT PART 3\\10 NPP Support Action on Completed Ref\\20220623_184233\\1656014907188.png]]

2022-06-23 22:08:27 - [TEST_STEP][PASSED] - click(findTestObject("1. Constant/02_LHSMenu_Projects")): Object: 'Object Repository/1. Constant/02_LHSMenu_Projects' is clicked on

2022-06-23 22:08:37 - [MESSAGE][PASSED] - Object: 'Object Repository/1. Constant/02_LHSMenu_Projects' is clicked on

2022-06-23 22:08:37 - [TEST_STEP][PASSED] - click(findTestObject("xxx Todelete/3 ProjectListPage_Create_Project_Button")): Object: 'Object Repository/xxx Todelete/3 ProjectListPage_Create_Project_Button' is clicked on

2022-06-23 22:08:43 - [MESSAGE][PASSED] - Object: 'Object Repository/xxx Todelete/3 ProjectListPage_Create_Project_Button' is clicked on

2022-06-23 22:08:43 - [TEST_STEP][PASSED] - takeScreenshot(): Taking screenshot successfully

2022-06-23 22:08:45 - [MESSAGE][PASSED] - Taking screenshot successfully
[[ATTACHMENT|D:\\Projet Test Auto\\Mediabox Test Automation\\Reports\\20220623_184212\\03. Parallel Testing (Testing)\\TS -PT PART 3\\10 NPP Support Action on Completed Ref\\20220623_184233\\1656014925167.png]]

2022-06-23 22:08:45 - [TEST_STEP][PASSED] - "On the modify project page : Fill in all field": null

2022-06-23 22:08:45 - [TEST_STEP][PASSED] - LSSNumber_name = "AutoTest_Npp_SAS_Part5_" + RandomStringUtils.randomAlphanumeric(10) + "_" + I.gettimedate(): null

2022-06-23 22:08:45 - [TEST_STEP][PASSED] - setText(findTestObject("1. Constant/xpath", ["xpath":"//*[@id="var_70"]"]), LSSNumber_name): Text 'AutoTest_Npp_SAS_Part5_cpfUJ12Qyc_juin232022_220845' is set on object 'Object Repository/1. Constant/xpath'

2022-06-23 22:08:48 - [MESSAGE][PASSED] - Text 'AutoTest_Npp_SAS_Part5_cpfUJ12Qyc_juin232022_220845' is set on object 'Object Repository/1. Constant/xpath'

2022-06-23 22:08:48 - [TEST_STEP][PASSED] - selectOptionByValue(findTestObject("1. Constant/xpath", ["xpath":"//*[@id="var_107"]"]), "2420", false): All options with value '2420' are selected in object 'Object Repository/1. Constant/xpath' 

2022-06-23 22:08:49 - [MESSAGE][PASSED] - All options with value '2420' are selected in object 'Object Repository/1. Constant/xpath' 

2022-06-23 22:08:49 - [TEST_STEP][PASSED] - delay(2): Delayed 2 second(s)

2022-06-23 22:08:51 - [MESSAGE][PASSED] - Delayed 2 second(s)

2022-06-23 22:08:51 - [TEST_STEP][PASSED] - I.select_multiplelist("//*[@id="selSource_108"]", "//*[@id="btnAdd_108"]", "2354"): Delayed 1 second(s)

2022-06-23 22:08:52 - [MESSAGE][PASSED] - Delayed 1 second(s)

2022-06-23 22:08:55 - [MESSAGE][PASSED] - All options with value '2354' are selected in object 'Object Repository/1. Constant/xpath' 

2022-06-23 22:08:57 - [MESSAGE][PASSED] - Delayed 2 second(s)

2022-06-23 22:08:58 - [MESSAGE][PASSED] - Object: 'Object Repository/1. Constant/xpath' is clicked on

2022-06-23 22:08:59 - [MESSAGE][PASSED] - Delayed 1 second(s)

2022-06-23 22:08:59 - [TEST_STEP][PASSED] - setText(findTestObject("1. Constant/xpath", ["xpath":"//*[@id="var_110"]"]), "Variety test"): Text 'Variety test' is set on object 'Object Repository/1. Constant/xpath'

2022-06-23 22:09:00 - [MESSAGE][PASSED] - Text 'Variety test' is set on object 'Object Repository/1. Constant/xpath'

2022-06-23 22:09:00 - [TEST_STEP][PASSED] - setText(findTestObject("1. Constant/xpath", ["xpath":"//*[@id="var_133"]"]), "Alternative Format code test "): Text 'Alternative Format code test ' is set on object 'Object Repository/1. Constant/xpath'

2022-06-23 22:09:02 - [MESSAGE][PASSED] - Text 'Alternative Format code test ' is set on object 'Object Repository/1. Constant/xpath'

2022-06-23 22:09:02 - [TEST_STEP][PASSED] - setText(findTestObject("1. Constant/xpath", ["xpath":"//*[@id="var_65"]"]), "FORMAT Product designation test "): Text 'FORMAT Product designation test ' is set on object 'Object Repository/1. Constant/xpath'

2022-06-23 22:09:04 - [MESSAGE][PASSED] - Text 'FORMAT Product designation test ' is set on object 'Object Repository/1. Constant/xpath'

2022-06-23 22:09:04 - [TEST_STEP][PASSED] - I.select_multiplelist("//*[@id="selSource_91"]", "//*[@id="btnAdd_91"]", "1023"): Delayed 1 second(s)

2022-06-23 22:09:05 - [MESSAGE][PASSED] - Delayed 1 second(s)

2022-06-23 22:09:07 - [MESSAGE][PASSED] - All options with value '1023' are selected in object 'Object Repository/1. Constant/xpath' 

2022-06-23 22:09:09 - [MESSAGE][PASSED] - Delayed 2 second(s)

2022-06-23 22:09:11 - [MESSAGE][PASSED] - Object: 'Object Repository/1. Constant/xpath' is clicked on

2022-06-23 22:09:12 - [MESSAGE][PASSED] - Delayed 1 second(s)

2022-06-23 22:09:12 - [TEST_STEP][PASSED] - setText(findTestObject("1. Constant/xpath", ["xpath":"//*[@id="var_71"]"]), "25/08/2021"): Text '25/08/2021' is set on object 'Object Repository/1. Constant/xpath'

2022-06-23 22:09:14 - [MESSAGE][PASSED] - Text '25/08/2021' is set on object 'Object Repository/1. Constant/xpath'

2022-06-23 22:09:14 - [TEST_STEP][PASSED] - setText(findTestObject("1. Constant/xpath", ["xpath":"//*[@id="var_89"]"]), "Project Information - Comments"): Text 'Project Information - Comments' is set on object 'Object Repository/1. Constant/xpath'

2022-06-23 22:09:16 - [MESSAGE][PASSED] - Text 'Project Information - Comments' is set on object 'Object Repository/1. Constant/xpath'

2022-06-23 22:09:16 - [TEST_STEP][PASSED] - setText(findTestObject("1. Constant/xpath", ["xpath":"//*[@id="var_93"]"]), "Reason for change test"): Text 'Reason for change test' is set on object 'Object Repository/1. Constant/xpath'

2022-06-23 22:09:17 - [MESSAGE][PASSED] - Text 'Reason for change test' is set on object 'Object Repository/1. Constant/xpath'

2022-06-23 22:09:17 - [TEST_STEP][PASSED] - I.select_multiplelist("//*[@id="selSource_54"]", "//*[@id="btnAdd_54"]", "1081"): Delayed 1 second(s)

2022-06-23 22:09:18 - [MESSAGE][PASSED] - Delayed 1 second(s)

2022-06-23 22:09:20 - [MESSAGE][PASSED] - All options with value '1081' are selected in object 'Object Repository/1. Constant/xpath' 

2022-06-23 22:09:22 - [MESSAGE][PASSED] - Delayed 2 second(s)

2022-06-23 22:09:22 - [MESSAGE][PASSED] - Object: 'Object Repository/1. Constant/xpath' is clicked on

2022-06-23 22:09:23 - [MESSAGE][PASSED] - Delayed 1 second(s)

2022-06-23 22:09:23 - [TEST_STEP][PASSED] - delay(5): Delayed 5 second(s)

2022-06-23 22:09:29 - [MESSAGE][PASSED] - Delayed 5 second(s)

2022-06-23 22:09:29 - [TEST_STEP][PASSED] - I.select_multiplelist("//*[@id="selSource_106"]", "//*[@id="btnAdd_106"]", "2787"): Delayed 1 second(s)

2022-06-23 22:09:30 - [MESSAGE][PASSED] - Delayed 1 second(s)

2022-06-23 22:09:31 - [MESSAGE][PASSED] - All options with value '2787' are selected in object 'Object Repository/1. Constant/xpath' 

2022-06-23 22:09:33 - [MESSAGE][PASSED] - Delayed 2 second(s)

2022-06-23 22:09:33 - [MESSAGE][PASSED] - Object: 'Object Repository/1. Constant/xpath' is clicked on

2022-06-23 22:09:34 - [MESSAGE][PASSED] - Delayed 1 second(s)

2022-06-23 22:09:34 - [TEST_STEP][PASSED] - selectOptionByValue(findTestObject("1. Constant/xpath", ["xpath":"//*[@id="var_92"]"]), "1298", false): All options with value '1298' are selected in object 'Object Repository/1. Constant/xpath' 

2022-06-23 22:09:35 - [MESSAGE][PASSED] - All options with value '1298' are selected in object 'Object Repository/1. Constant/xpath' 

2022-06-23 22:09:35 - [TEST_STEP][PASSED] - I.select_multiplelist("//*[@id="selSource_88"]", "//*[@id="btnAdd_88"]", "1303"): Delayed 1 second(s)

2022-06-23 22:09:36 - [MESSAGE][PASSED] - Delayed 1 second(s)

2022-06-23 22:09:37 - [MESSAGE][PASSED] - All options with value '1303' are selected in object 'Object Repository/1. Constant/xpath' 

2022-06-23 22:09:39 - [MESSAGE][PASSED] - Delayed 2 second(s)

2022-06-23 22:09:39 - [MESSAGE][PASSED] - Object: 'Object Repository/1. Constant/xpath' is clicked on

2022-06-23 22:09:40 - [MESSAGE][PASSED] - Delayed 1 second(s)

2022-06-23 22:09:40 - [TEST_STEP][PASSED] - I.select_multiplelist("//*[@id="selSource_86"]", "//*[@id="btnAdd_86"]", "1310"): Delayed 1 second(s)

2022-06-23 22:09:41 - [MESSAGE][PASSED] - Delayed 1 second(s)

2022-06-23 22:09:42 - [MESSAGE][PASSED] - All options with value '1310' are selected in object 'Object Repository/1. Constant/xpath' 

2022-06-23 22:09:44 - [MESSAGE][PASSED] - Delayed 2 second(s)

2022-06-23 22:09:45 - [MESSAGE][PASSED] - Object: 'Object Repository/1. Constant/xpath' is clicked on

2022-06-23 22:09:46 - [MESSAGE][PASSED] - Delayed 1 second(s)

2022-06-23 22:09:46 - [TEST_STEP][PASSED] - I.select_multiplelist("//*[@id="selSource_57"]", "//*[@id="btnAdd_57"]", "2304"): Delayed 1 second(s)

2022-06-23 22:09:47 - [MESSAGE][PASSED] - Delayed 1 second(s)

2022-06-23 22:09:50 - [MESSAGE][PASSED] - All options with value '2304' are selected in object 'Object Repository/1. Constant/xpath' 

2022-06-23 22:09:52 - [MESSAGE][PASSED] - Delayed 2 second(s)

2022-06-23 22:09:52 - [MESSAGE][PASSED] - Object: 'Object Repository/1. Constant/xpath' is clicked on

2022-06-23 22:09:53 - [MESSAGE][PASSED] - Delayed 1 second(s)

2022-06-23 22:09:53 - [TEST_STEP][PASSED] - selectOptionByValue(findTestObject("1. Constant/xpath", ["xpath":"//*[@id="var_87"]"]), "971", false): All options with value '971' are selected in object 'Object Repository/1. Constant/xpath' 

2022-06-23 22:09:55 - [MESSAGE][PASSED] - All options with value '971' are selected in object 'Object Repository/1. Constant/xpath' 

2022-06-23 22:09:55 - [TEST_STEP][PASSED] - selectOptionByValue(findTestObject("1. Constant/xpath", ["xpath":"//*[@id="var_109"]"]), "1325", false): All options with value '1325' are selected in object 'Object Repository/1. Constant/xpath' 

2022-06-23 22:09:57 - [MESSAGE][PASSED] - All options with value '1325' are selected in object 'Object Repository/1. Constant/xpath' 

2022-06-23 22:09:57 - [TEST_STEP][PASSED] - selectOptionByValue(findTestObject("1. Constant/xpath", ["xpath":"//*[@id="var_52"]"]), "1330", false): All options with value '1330' are selected in object 'Object Repository/1. Constant/xpath' 

2022-06-23 22:09:59 - [MESSAGE][PASSED] - All options with value '1330' are selected in object 'Object Repository/1. Constant/xpath' 

2022-06-23 22:09:59 - [TEST_STEP][PASSED] - I.select_multiplelist("//*[@id="selSource_67"]", "//*[@id="btnAdd_67"]", "1624"): Delayed 1 second(s)

2022-06-23 22:10:00 - [MESSAGE][PASSED] - Delayed 1 second(s)

2022-06-23 22:10:02 - [MESSAGE][PASSED] - All options with value '1624' are selected in object 'Object Repository/1. Constant/xpath' 

2022-06-23 22:10:04 - [MESSAGE][PASSED] - Delayed 2 second(s)

2022-06-23 22:10:05 - [MESSAGE][PASSED] - Object: 'Object Repository/1. Constant/xpath' is clicked on

2022-06-23 22:10:06 - [MESSAGE][PASSED] - Delayed 1 second(s)

2022-06-23 22:10:06 - [TEST_STEP][PASSED] - selectOptionByValue(findTestObject("1. Constant/xpath", ["xpath":"//*[@id="var_140"]"]), "2296", false): All options with value '2296' are selected in object 'Object Repository/1. Constant/xpath' 

2022-06-23 22:10:07 - [MESSAGE][PASSED] - All options with value '2296' are selected in object 'Object Repository/1. Constant/xpath' 

2022-06-23 22:10:07 - [TEST_STEP][PASSED] - I.select_multiplelist("//*[@id="selSource_51"]", "//*[@id="btnAdd_51"]", "1673"): Delayed 1 second(s)

2022-06-23 22:10:08 - [MESSAGE][PASSED] - Delayed 1 second(s)

2022-06-23 22:10:11 - [MESSAGE][PASSED] - All options with value '1673' are selected in object 'Object Repository/1. Constant/xpath' 

2022-06-23 22:10:13 - [MESSAGE][PASSED] - Delayed 2 second(s)

2022-06-23 22:10:13 - [MESSAGE][PASSED] - Object: 'Object Repository/1. Constant/xpath' is clicked on

2022-06-23 22:10:14 - [MESSAGE][PASSED] - Delayed 1 second(s)

[...]

2022-06-23 22:28:08 - [TEST_STEP][PASSED] - click(findTestObject("1. Constant/xpath", ["xpath":"//*[@id="fiches"]/table/tbody/tr/td[10]/div[1]/button"])): Object: 'Object Repository/1. Constant/xpath' is clicked on

2022-06-23 22:28:09 - [MESSAGE][PASSED] - Object: 'Object Repository/1. Constant/xpath' is clicked on

2022-06-23 22:28:09 - [TEST_STEP][PASSED] - delay(1): Delayed 1 second(s)

2022-06-23 22:28:10 - [MESSAGE][PASSED] - Delayed 1 second(s)

2022-06-23 22:28:10 - [TEST_STEP][PASSED] - click(findTestObject("1. Constant/xpath", ["xpath":"//*[@id="fiches"]/table/tbody/tr/td[10]/div[1]/div/a[2]"])): Object: 'Object Repository/1. Constant/xpath' is clicked on

2022-06-23 22:28:15 - [MESSAGE][PASSED] - Object: 'Object Repository/1. Constant/xpath' is clicked on

2022-06-23 22:28:15 - [TEST_STEP][PASSED] - delay(2): Delayed 2 second(s)

2022-06-23 22:28:17 - [MESSAGE][PASSED] - Delayed 2 second(s)

2022-06-23 22:28:17 - [TEST_STEP][PASSED] - takeScreenshot(): Taking screenshot successfully

2022-06-23 22:28:18 - [MESSAGE][PASSED] - Taking screenshot successfully
[[ATTACHMENT|D:\\Projet Test Auto\\Mediabox Test Automation\\Reports\\20220623_184212\\03. Parallel Testing (Testing)\\TS -PT PART 3\\10 NPP Support Action on Completed Ref\\20220623_184233\\1656016098367.png]]

2022-06-23 22:28:18 - [TEST_STEP][PASSED] - click(findTestObject("1. Constant/xpath", ["xpath":"//*[@id="aff_newfield_zone"]"])): Object: 'Object Repository/1. Constant/xpath' is clicked on

2022-06-23 22:28:19 - [MESSAGE][PASSED] - Object: 'Object Repository/1. Constant/xpath' is clicked on

2022-06-23 22:28:19 - [TEST_STEP][PASSED] - delay(2): Delayed 2 second(s)

2022-06-23 22:28:21 - [MESSAGE][PASSED] - Delayed 2 second(s)

2022-06-23 22:28:21 - [TEST_STEP][PASSED] - I.Pagedown(): Execute JavaScript 'window.scrollTo(0, document.body.scrollHeight)' successfully

2022-06-23 22:28:21 - [MESSAGE][PASSED] - Execute JavaScript 'window.scrollTo(0, document.body.scrollHeight)' successfully

2022-06-23 22:28:21 - [TEST_STEP][PASSED] - I.SelectFromList_Value("//*[@id="type_new"]", "160"): Delayed 2 second(s)

2022-06-23 22:28:25 - [MESSAGE][PASSED] - All options with value '160' are selected in object 'Object Repository/1. Constant/xpath' 

2022-06-23 22:28:27 - [MESSAGE][PASSED] - Delayed 2 second(s)

2022-06-23 22:28:27 - [TEST_STEP][PASSED] - click(findTestObject("1. Constant/xpath", ["xpath":"//*[@id="add_newtranslationfield"]"])): Object: 'Object Repository/1. Constant/xpath' is clicked on

2022-06-23 22:28:30 - [MESSAGE][PASSED] - Object: 'Object Repository/1. Constant/xpath' is clicked on

2022-06-23 22:28:30 - [TEST_STEP][PASSED] - delay(1): Delayed 1 second(s)

2022-06-23 22:28:31 - [MESSAGE][PASSED] - Delayed 1 second(s)

2022-06-23 22:28:31 - [TEST_STEP][PASSED] - I.click_button_javascript(findTestObject("1. Constant/xpath", ["xpath":"//*[@id="ModifFiche"]/div[1]/div[2]/button[2]"])): Execute JavaScript 'arguments[0].click()' successfully

2022-06-23 22:28:42 - [MESSAGE][PASSED] - Execute JavaScript 'arguments[0].click()' successfully

2022-06-23 22:28:42 - [TEST_STEP][PASSED] - delay(3): Delayed 3 second(s)

2022-06-23 22:28:45 - [MESSAGE][PASSED] - Delayed 3 second(s)

2022-06-23 22:28:45 - [TEST_STEP][PASSED] - takeScreenshot(): Taking screenshot successfully

2022-06-23 22:28:46 - [MESSAGE][PASSED] - Taking screenshot successfully
[[ATTACHMENT|D:\\Projet Test Auto\\Mediabox Test Automation\\Reports\\20220623_184212\\03. Parallel Testing (Testing)\\TS -PT PART 3\\10 NPP Support Action on Completed Ref\\20220623_184233\\1656016126069.png]]

2022-06-23 22:28:46 - [TEST_STEP][PASSED] - I.select_multiplelist("//*[@id="selSource_default_target_language"]", "//*[@id="btn_add_default_target_language"]", "EN"): Delayed 1 second(s)

2022-06-23 22:28:47 - [MESSAGE][PASSED] - Delayed 1 second(s)

2022-06-23 22:28:48 - [MESSAGE][PASSED] - All options with value 'EN' are selected in object 'Object Repository/1. Constant/xpath' 

2022-06-23 22:28:50 - [MESSAGE][PASSED] - Delayed 2 second(s)

2022-06-23 22:28:51 - [MESSAGE][PASSED] - Object: 'Object Repository/1. Constant/xpath' is clicked on

2022-06-23 22:28:52 - [MESSAGE][PASSED] - Delayed 1 second(s)

2022-06-23 22:28:52 - [TEST_STEP][PASSED] - delay(2): Delayed 2 second(s)

2022-06-23 22:28:54 - [MESSAGE][PASSED] - Delayed 2 second(s)

2022-06-23 22:28:54 - [TEST_STEP][PASSED] - I.SelectFromList_Value("//*[@id="var_127_128_line_1"]", "2211"): Delayed 2 second(s)

2022-06-23 22:28:55 - [MESSAGE][PASSED] - All options with value '2211' are selected in object 'Object Repository/1. Constant/xpath' 

2022-06-23 22:28:57 - [MESSAGE][PASSED] - Delayed 2 second(s)

2022-06-23 22:28:57 - [TEST_STEP][PASSED] - setText(findTestObject("1. Constant/xpath", ["xpath":"//*[@id="var_72"]"]), "01/12/2021"): Text '01/12/2021' is set on object 'Object Repository/1. Constant/xpath'

2022-06-23 22:29:00 - [MESSAGE][PASSED] - Text '01/12/2021' is set on object 'Object Repository/1. Constant/xpath'

2022-06-23 22:29:00 - [TEST_STEP][PASSED] - delay(2): Delayed 2 second(s)

2022-06-23 22:29:02 - [MESSAGE][PASSED] - Delayed 2 second(s)

2022-06-23 22:29:02 - [TEST_STEP][PASSED] - setText(findTestObject("1. Constant/xpath", ["xpath":"//*[@id="var_116"]"]), "01/12/2021"): Text '01/12/2021' is set on object 'Object Repository/1. Constant/xpath'

2022-06-23 22:29:03 - [MESSAGE][PASSED] - Text '01/12/2021' is set on object 'Object Repository/1. Constant/xpath'

2022-06-23 22:29:03 - [TEST_STEP][PASSED] - delay(1): Delayed 1 second(s)

2022-06-23 22:29:04 - [MESSAGE][PASSED] - Delayed 1 second(s)

2022-06-23 22:29:04 - [TEST_STEP][PASSED] - I.Pagedown(): Execute JavaScript 'window.scrollTo(0, document.body.scrollHeight)' successfully

2022-06-23 22:29:04 - [MESSAGE][PASSED] - Execute JavaScript 'window.scrollTo(0, document.body.scrollHeight)' successfully

2022-06-23 22:29:04 - [TEST_STEP][PASSED] - I.select_multiplelist("//*[@id="selSource_61"]", "//*[@id="btnAdd_61"]", "2147"): Delayed 1 second(s)

2022-06-23 22:29:05 - [MESSAGE][PASSED] - Delayed 1 second(s)

2022-06-23 22:29:08 - [MESSAGE][PASSED] - All options with value '2147' are selected in object 'Object Repository/1. Constant/xpath' 

2022-06-23 22:29:10 - [MESSAGE][PASSED] - Delayed 2 second(s)

2022-06-23 22:29:11 - [MESSAGE][PASSED] - Object: 'Object Repository/1. Constant/xpath' is clicked on

2022-06-23 22:29:12 - [MESSAGE][PASSED] - Delayed 1 second(s)

2022-06-23 22:29:12 - [TEST_STEP][PASSED] - delay(1): Delayed 1 second(s)

2022-06-23 22:29:13 - [MESSAGE][PASSED] - Delayed 1 second(s)

2022-06-23 22:29:13 - [TEST_STEP][PASSED] - takeScreenshot(): Taking screenshot successfully

2022-06-23 22:29:13 - [MESSAGE][PASSED] - Taking screenshot successfully
[[ATTACHMENT|D:\\Projet Test Auto\\Mediabox Test Automation\\Reports\\20220623_184212\\03. Parallel Testing (Testing)\\TS -PT PART 3\\10 NPP Support Action on Completed Ref\\20220623_184233\\1656016153191.png]]

2022-06-23 22:29:13 - [TEST_STEP][PASSED] - I.click_button_javascript(findTestObject("1. Constant/xpath", ["xpath":"//*[@id="ModifFiche"]/div[3]/div/button[2]"])): Execute JavaScript 'arguments[0].click()' successfully

2022-06-23 22:29:26 - [MESSAGE][PASSED] - Execute JavaScript 'arguments[0].click()' successfully

2022-06-23 22:29:26 - [TEST_STEP][PASSED] - delay(1): Delayed 1 second(s)

2022-06-23 22:29:27 - [MESSAGE][PASSED] - Delayed 1 second(s)

2022-06-23 22:29:27 - [TEST_STEP][PASSED] - takeScreenshot(): Taking screenshot successfully

2022-06-23 22:29:28 - [MESSAGE][PASSED] - Taking screenshot successfully
[[ATTACHMENT|D:\\Projet Test Auto\\Mediabox Test Automation\\Reports\\20220623_184212\\03. Parallel Testing (Testing)\\TS -PT PART 3\\10 NPP Support Action on Completed Ref\\20220623_184233\\1656016167651.png]]

2022-06-23 22:29:28 - [TEST_STEP][PASSED] - click(findTestObject("1. Constant/xpath", ["xpath":"/html/body/div[1]/div[2]/div[4]/div[3]/div/div[2]/div[2]/table/tbody/tr[2]/td[10]/a[3]"])): Object: 'Object Repository/1. Constant/xpath' is clicked on

2022-06-23 22:29:35 - [MESSAGE][PASSED] - Object: 'Object Repository/1. Constant/xpath' is clicked on

2022-06-23 22:29:35 - [TEST_STEP][PASSED] - takeScreenshot(): Taking screenshot successfully

2022-06-23 22:29:35 - [MESSAGE][PASSED] - Taking screenshot successfully
[[ATTACHMENT|D:\\Projet Test Auto\\Mediabox Test Automation\\Reports\\20220623_184212\\03. Parallel Testing (Testing)\\TS -PT PART 3\\10 NPP Support Action on Completed Ref\\20220623_184233\\1656016175295.png]]

2022-06-23 22:29:35 - [TEST_STEP][PASSED] - click(findTestObject("1. Constant/xpath", ["xpath":"/html/body/div[1]/div[2]/div[4]/div[3]/div/div[2]/div[2]/table/tbody/tr[2]/td[10]/a[3]"])): Object: 'Object Repository/1. Constant/xpath' is clicked on

2022-06-23 22:29:45 - [MESSAGE][PASSED] - Object: 'Object Repository/1. Constant/xpath' is clicked on

2022-06-23 22:29:45 - [TEST_STEP][PASSED] - delay(1): Delayed 1 second(s)

2022-06-23 22:29:46 - [MESSAGE][PASSED] - Delayed 1 second(s)

2022-06-23 22:29:46 - [TEST_STEP][PASSED] - click(findTestObject("1. Constant/xpath", ["xpath":"/html/body/div[1]/div[2]/div[4]/div[3]/div/div[2]/div[2]/table/tbody/tr[2]/td[5]/a"])): Object: 'Object Repository/1. Constant/xpath' is clicked on

2022-06-23 22:29:51 - [MESSAGE][PASSED] - Object: 'Object Repository/1. Constant/xpath' is clicked on

2022-06-23 22:29:51 - [TEST_STEP][PASSED] - click(findTestObject("1. Constant/xpath", ["xpath":"//*[@id="kt_content"]/div[3]/div/ul/li[3]/a"])): Object: 'Object Repository/1. Constant/xpath' is clicked on

2022-06-23 22:29:55 - [MESSAGE][PASSED] - Object: 'Object Repository/1. Constant/xpath' is clicked on

2022-06-23 22:29:55 - [TEST_STEP][PASSED] - delay(1): Delayed 1 second(s)

2022-06-23 22:29:56 - [MESSAGE][PASSED] - Delayed 1 second(s)

2022-06-23 22:29:56 - [TEST_STEP][PASSED] - click(findTestObject("1. Constant/xpath", ["xpath":"/html/body/div[1]/div[2]/div[8]/div[3]/div/div[3]/div[3]/div/ul/li/a"])): Object: 'Object Repository/1. Constant/xpath' is clicked on

2022-06-23 22:29:58 - [MESSAGE][PASSED] - Object: 'Object Repository/1. Constant/xpath' is clicked on

2022-06-23 22:29:58 - [TEST_STEP][PASSED] - delay(1): Delayed 1 second(s)

2022-06-23 22:29:59 - [MESSAGE][PASSED] - Delayed 1 second(s)

2022-06-23 22:29:59 - [TEST_STEP][PASSED] - takeScreenshot(): Taking screenshot successfully

2022-06-23 22:30:00 - [MESSAGE][PASSED] - Taking screenshot successfully
[[ATTACHMENT|D:\\Projet Test Auto\\Mediabox Test Automation\\Reports\\20220623_184212\\03. Parallel Testing (Testing)\\TS -PT PART 3\\10 NPP Support Action on Completed Ref\\20220623_184233\\1656016199754.png]]

2022-06-23 22:30:00 - [TEST_STEP][PASSED] - click(findTestObject("1. Constant/xpath", ["xpath":"/html/body/div[1]/div[2]/div[8]/div[3]/div/div[3]/div[3]/div/div/div/div/div[3]/div/div[1]/div[2]/div/button"])): Object: 'Object Repository/1. Constant/xpath' is clicked on

2022-06-23 22:30:01 - [MESSAGE][PASSED] - Object: 'Object Repository/1. Constant/xpath' is clicked on

2022-06-23 22:30:01 - [TEST_STEP][PASSED] - delay(3): Delayed 3 second(s)

2022-06-23 22:30:04 - [MESSAGE][PASSED] - Delayed 3 second(s)

2022-06-23 22:30:04 - [TEST_STEP][PASSED] - takeScreenshot(): Taking screenshot successfully

2022-06-23 22:30:04 - [MESSAGE][PASSED] - Taking screenshot successfully
[[ATTACHMENT|D:\\Projet Test Auto\\Mediabox Test Automation\\Reports\\20220623_184212\\03. Parallel Testing (Testing)\\TS -PT PART 3\\10 NPP Support Action on Completed Ref\\20220623_184233\\1656016204235.png]]

2022-06-23 22:30:04 - [TEST_STEP][PASSED] - x = 20: null

2022-06-23 22:30:04 - [TEST_STEP][PASSED] - i = 1: null

2022-06-23 22:30:04 - [TEST_STEP][PASSED] - while (i <= x): null

2022-06-23 22:30:04 - [TEST_STEP][PASSED] - Expected_SAS_Selected = "Reset to Agency translation": null

2022-06-23 22:30:04 - [TEST_STEP][PASSED] - xpath_SAS = "/html/body/div[1]/div[2]/div[8]/div[3]/div/div[3]/div[3]/div/div/div/div/div[3]/div/div[1]/div[2]/div/div/a[" + i + "]": null

2022-06-23 22:30:04 - [TEST_STEP][PASSED] - Actual_SAS = getText(findTestObject("1. Constant/xpath", ["xpath":xpath_SAS])): Text of object 'Object Repository/1. Constant/xpath' is: 'Reset to MKT translation'

2022-06-23 22:30:05 - [MESSAGE][PASSED] - Text of object 'Object Repository/1. Constant/xpath' is: 'Reset to MKT translation'

2022-06-23 22:30:05 - [TEST_STEP][PASSED] - I.print(i): null

2022-06-23 22:30:05 - [TEST_STEP][PASSED] - if (Actual_SAS.contains(Expected_SAS_Selected)): null

2022-06-23 22:30:05 - [TEST_STEP][PASSED] - i = i + 1: null

2022-06-23 22:30:05 - [TEST_STEP][PASSED] - Expected_SAS_Selected = "Reset to Agency translation": null

2022-06-23 22:30:05 - [TEST_STEP][PASSED] - xpath_SAS = "/html/body/div[1]/div[2]/div[8]/div[3]/div/div[3]/div[3]/div/div/div/div/div[3]/div/div[1]/div[2]/div/div/a[" + i + "]": null

2022-06-23 22:30:05 - [TEST_STEP][PASSED] - Actual_SAS = getText(findTestObject("1. Constant/xpath", ["xpath":xpath_SAS])): Text of object 'Object Repository/1. Constant/xpath' is: 'Reset to Agency translation'

2022-06-23 22:30:05 - [MESSAGE][PASSED] - Text of object 'Object Repository/1. Constant/xpath' is: 'Reset to Agency translation'

2022-06-23 22:30:05 - [TEST_STEP][PASSED] - I.print(i): null

2022-06-23 22:30:05 - [TEST_STEP][PASSED] - if (Actual_SAS.contains(Expected_SAS_Selected)): null

2022-06-23 22:30:05 - [TEST_STEP][PASSED] - click(findTestObject("1. Constant/xpath", ["xpath":xpath_SAS])): Object: 'Object Repository/1. Constant/xpath' is clicked on

2022-06-23 22:30:07 - [MESSAGE][PASSED] - Object: 'Object Repository/1. Constant/xpath' is clicked on

2022-06-23 22:30:07 - [TEST_STEP][PASSED] - break: null

2022-06-23 22:30:07 - [TEST_STEP][PASSED] - takeScreenshot(): Taking screenshot successfully

2022-06-23 22:30:08 - [MESSAGE][PASSED] - Taking screenshot successfully
[[ATTACHMENT|D:\\Projet Test Auto\\Mediabox Test Automation\\Reports\\20220623_184212\\03. Parallel Testing (Testing)\\TS -PT PART 3\\10 NPP Support Action on Completed Ref\\20220623_184233\\1656016207549.png]]

2022-06-23 22:30:08 - [TEST_STEP][PASSED] - I.SelectFromList_Value("//*[@id="added_support_action_reason"]", "3"): Delayed 2 second(s)

2022-06-23 22:30:10 - [MESSAGE][PASSED] - All options with value '3' are selected in object 'Object Repository/1. Constant/xpath' 

2022-06-23 22:30:12 - [MESSAGE][PASSED] - Delayed 2 second(s)

2022-06-23 22:30:12 - [TEST_STEP][PASSED] - click(findTestObject("1. Constant/xpath", ["xpath":"//*[@id="modal_support_action_shortcut"]/div/div/div[3]/button[2]"])): Object: 'Object Repository/1. Constant/xpath' is clicked on

2022-06-23 22:30:21 - [MESSAGE][PASSED] - Object: 'Object Repository/1. Constant/xpath' is clicked on

2022-06-23 22:30:21 - [TEST_STEP][PASSED] - delay(1): Delayed 1 second(s)

2022-06-23 22:30:22 - [MESSAGE][PASSED] - Delayed 1 second(s)

2022-06-23 22:30:22 - [TEST_STEP][PASSED] - I.Logout_xpath("//*[@id="kt_header"]/div/div[2]/div[2]/div[1]/div/span/img", "//*[@id="kt_header"]/div/div[2]/div[2]/div[2]"): Wait for page load successfully

2022-06-23 22:30:23 - [MESSAGE][PASSED] - Object: 'Object Repository/1. Constant/xpath' is clicked on

2022-06-23 22:30:24 - [MESSAGE][PASSED] - Delayed 1 second(s)

2022-06-23 22:30:27 - [MESSAGE][PASSED] - Object: 'Object Repository/1. Constant/xpath' is clicked on

2022-06-23 22:30:28 - [MESSAGE][PASSED] - Delayed 1 second(s)

2022-06-23 22:30:29 - [MESSAGE][PASSED] - Wait for page load successfully

2022-06-23 22:30:29 - [TEST_STEP][PASSED] - I.Login_password("lmoodie_mkt", password_lmoodie_mkt): Object: 'Object Repository/1. Constant/xpath' is clicked on

2022-06-23 22:30:31 - [MESSAGE][PASSED] - Text 'lmoodie_mkt' is set on object 'Object Repository/1. Constant/xpath'

2022-06-23 22:30:32 - [MESSAGE][PASSED] - Delayed 1 second(s)

2022-06-23 22:30:32 - [MESSAGE][PASSED] - Text 'dchi' is set on object 'Object Repository/1. Constant/xpath'

2022-06-23 22:30:33 - [MESSAGE][PASSED] - Delayed 1 second(s)

2022-06-23 22:30:38 - [MESSAGE][PASSED] - Object: 'Object Repository/1. Constant/xpath' is clicked on

2022-06-23 22:30:38 - [TEST_STEP][PASSED] - user1_b4 = I.Get_Task_No("//*[@id="kt_header"]/div/div[2]/div[1]/div[1]/span"): Text of object 'Object Repository/1. Constant/xpath' is: '73'

2022-06-23 22:30:39 - [MESSAGE][PASSED] - Text of object 'Object Repository/1. Constant/xpath' is: '73'

2022-06-23 22:30:39 - [TEST_STEP][PASSED] - click(findTestObject("1. Constant/02_LHSMenu_Projects")): Object: 'Object Repository/1. Constant/02_LHSMenu_Projects' is clicked on

2022-06-23 22:30:50 - [MESSAGE][PASSED] - Object: 'Object Repository/1. Constant/02_LHSMenu_Projects' is clicked on

2022-06-23 22:30:50 - [TEST_STEP][PASSED] - I.SearchProjectNo_xpath(Project_No, "//*[@id="keynum_project"]", "//*[@id="form_filters"]/div[20]/button"): Delayed 5 second(s)

2022-06-23 22:30:51 - [MESSAGE][PASSED] - Delayed 1 second(s)

2022-06-23 22:30:53 - [MESSAGE][PASSED] - Text 'MI001080' is set on object 'Object Repository/1. Constant/xpath'

2022-06-23 22:30:56 - [MESSAGE][PASSED] - Delayed 3 second(s)

2022-06-23 22:30:57 - [MESSAGE][PASSED] - Scroll to object 'Object Repository/1. Constant/xpath' successfully

2022-06-23 22:31:02 - [MESSAGE][PASSED] - Object: 'Object Repository/1. Constant/xpath' is clicked on

2022-06-23 22:31:07 - [MESSAGE][PASSED] - Delayed 5 second(s)

2022-06-23 22:31:07 - [TEST_STEP][PASSED] - delay(2): Delayed 2 second(s)

2022-06-23 22:31:09 - [MESSAGE][PASSED] - Delayed 2 second(s)

2022-06-23 22:31:09 - [TEST_STEP][PASSED] - takeScreenshot(): Taking screenshot successfully

2022-06-23 22:31:10 - [MESSAGE][PASSED] - Taking screenshot successfully
[[ATTACHMENT|D:\\Projet Test Auto\\Mediabox Test Automation\\Reports\\20220623_184212\\03. Parallel Testing (Testing)\\TS -PT PART 3\\10 NPP Support Action on Completed Ref\\20220623_184233\\1656016269660.png]]

2022-06-23 22:31:10 - [TEST_STEP][PASSED] - click(findTestObject("1. Constant/xpath", ["xpath":"/html/body/div[1]/div[2]/div[4]/div[3]/div/div[2]/div[2]/table/tbody/tr[2]/td[12]/a[2]"])): Object: 'Object Repository/1. Constant/xpath' is clicked on

2022-06-23 22:31:15 - [MESSAGE][PASSED] - Object: 'Object Repository/1. Constant/xpath' is clicked on

2022-06-23 22:31:15 - [TEST_STEP][PASSED] - delay(1): Delayed 1 second(s)

2022-06-23 22:31:16 - [MESSAGE][PASSED] - Delayed 1 second(s)

2022-06-23 22:31:16 - [TEST_STEP][PASSED] - takeScreenshot(): Taking screenshot successfully

2022-06-23 22:31:17 - [MESSAGE][PASSED] - Taking screenshot successfully
[[ATTACHMENT|D:\\Projet Test Auto\\Mediabox Test Automation\\Reports\\20220623_184212\\03. Parallel Testing (Testing)\\TS -PT PART 3\\10 NPP Support Action on Completed Ref\\20220623_184233\\1656016276993.png]]

2022-06-23 22:31:17 - [TEST_STEP][PASSED] - user1_a4 = I.Get_Task_No("//*[@id="kt_header"]/div/div[2]/div[1]/div[1]/span"): Text of object 'Object Repository/1. Constant/xpath' is: '72'

2022-06-23 22:31:18 - [MESSAGE][PASSED] - Text of object 'Object Repository/1. Constant/xpath' is: '72'

2022-06-23 22:31:18 - [TEST_STEP][PASSED] - verifyEqual(user1_a4, user1_b4 - 1): Actual object '72' and expected object '72' are equal

2022-06-23 22:31:18 - [MESSAGE][PASSED] - Actual object '72' and expected object '72' are equal

2022-06-23 22:31:18 - [TEST_STEP][PASSED] - closeBrowser(): Browser is closed

2022-06-23 22:31:24 - [MESSAGE][PASSED] - Browser is closed

2022-06-23 22:31:24 - [TEST_STEP][PASSED] - Start listener action : sampleAfterTestCase: null]]></system-out>
         <system-err><![CDATA[]]></system-err>
      </testcase>
      <system-out><![CDATA[2022-06-23 21:56:57 - [TEST_SUITE][PASSED] - 10 NPP Support Action on Completed Ref: Test Cases/16 Support action (Completed ref)/16.10 NPP SAS translation - Reset Agency (Not completed ref) S7]]></system-out>
      <system-err><![CDATA[]]></system-err>
   </testsuite>
</testsuites>
