# JRE version: Java(TM) SE Runtime Environment (8.0_181-b13) (build 1.8.0_181-b13)
# Java VM: Java HotSpot(TM) 64-Bit Server VM (25.181-b13 mixed mode windows-amd64 compressed oops)
Heap:
 PSYoungGen      total 202752K, used 24611K [0x00000000d5580000, 0x00000000e3780000, 0x0000000100000000)
  eden space 191488K, 6% used [0x00000000d5580000,0x00000000d6289730,0x00000000e1080000)
  from space 11264K, 99% used [0x00000000e1e00000,0x00000000e28ff738,0x00000000e2900000)
  to   space 13824K, 0% used [0x00000000e1080000,0x00000000e1080000,0x00000000e1e00000)
 ParOldGen       total 93184K, used 11238K [0x0000000080000000, 0x0000000085b00000, 0x00000000d5580000)
  object space 93184K, 12% used [0x0000000080000000,0x0000000080af9860,0x0000000085b00000)
 Metaspace       used 30455K, capacity 31384K, committed 31488K, reserved 1077248K
  class space    used 3594K, capacity 3839K, committed 3840K, reserved 1048576K
GC Heap History (10 events):
Event: 9.067 GC heap before
{Heap before GC invocations=5 (full 0):
 PSYoungGen      total 76288K, used 24170K [0x00000000d5580000, 0x00000000dea80000, 0x0000000100000000)
  eden space 65536K, 21% used [0x00000000d5580000,0x00000000d636d3c0,0x00000000d9580000)
  from space 10752K, 92% used [0x00000000da000000,0x00000000da9ad5d8,0x00000000daa80000)
  to   space 10752K, 0% used [0x00000000d9580000,0x00000000d9580000,0x00000000da000000)
 ParOldGen       total 175104K, used 16K [0x0000000080000000, 0x000000008ab00000, 0x00000000d5580000)
  object space 175104K, 0% used [0x0000000080000000,0x0000000080004000,0x000000008ab00000)
 Metaspace       used 20841K, capacity 21142K, committed 21296K, reserved 1069056K
  class space    used 2325K, capacity 2429K, committed 2432K, reserved 1048576K
Event: 9.167 GC heap after
Heap after GC invocations=5 (full 0):
 PSYoungGen      total 76288K, used 8337K [0x00000000d5580000, 0x00000000dea80000, 0x0000000100000000)
  eden space 65536K, 0% used [0x00000000d5580000,0x00000000d5580000,0x00000000d9580000)
  from space 10752K, 77% used [0x00000000d9580000,0x00000000d9da4430,0x00000000da000000)
  to   space 10752K, 0% used [0x00000000de000000,0x00000000de000000,0x00000000dea80000)
 ParOldGen       total 175104K, used 16K [0x0000000080000000, 0x000000008ab00000, 0x00000000d5580000)
  object space 175104K, 0% used [0x0000000080000000,0x0000000080004000,0x000000008ab00000)
 Metaspace       used 20841K, capacity 21142K, committed 21296K, reserved 1069056K
  class space    used 2325K, capacity 2429K, committed 2432K, reserved 1048576K
}
Event: 9.167 GC heap before
{Heap before GC invocations=6 (full 1):
 PSYoungGen      total 76288K, used 8337K [0x00000000d5580000, 0x00000000dea80000, 0x0000000100000000)
  eden space 65536K, 0% used [0x00000000d5580000,0x00000000d5580000,0x00000000d9580000)
  from space 10752K, 77% used [0x00000000d9580000,0x00000000d9da4430,0x00000000da000000)
  to   space 10752K, 0% used [0x00000000de000000,0x00000000de000000,0x00000000dea80000)
 ParOldGen       total 175104K, used 16K [0x0000000080000000, 0x000000008ab00000, 0x00000000d5580000)
  object space 175104K, 0% used [0x0000000080000000,0x0000000080004000,0x000000008ab00000)
 Metaspace       used 20841K, capacity 21142K, committed 21296K, reserved 1069056K
  class space    used 2325K, capacity 2429K, committed 2432K, reserved 1048576K
Event: 9.318 GC heap after
Heap after GC invocations=6 (full 1):
 PSYoungGen      total 76288K, used 0K [0x00000000d5580000, 0x00000000dea80000, 0x0000000100000000)
  eden space 65536K, 0% used [0x00000000d5580000,0x00000000d5580000,0x00000000d9580000)
  from space 10752K, 0% used [0x00000000d9580000,0x00000000d9580000,0x00000000da000000)
  to   space 10752K, 0% used [0x00000000de000000,0x00000000de000000,0x00000000dea80000)
 ParOldGen       total 93184K, used 8237K [0x0000000080000000, 0x0000000085b00000, 0x00000000d5580000)
  object space 93184K, 8% used [0x0000000080000000,0x000000008080b488,0x0000000085b00000)
 Metaspace       used 20841K, capacity 21142K, committed 21296K, reserved 1069056K
  class space    used 2325K, capacity 2429K, committed 2432K, reserved 1048576K
}
Event: 10.594 GC heap before
{Heap before GC invocations=7 (full 1):
 PSYoungGen      total 76288K, used 65536K [0x00000000d5580000, 0x00000000dea80000, 0x0000000100000000)
  eden space 65536K, 100% used [0x00000000d5580000,0x00000000d9580000,0x00000000d9580000)
  from space 10752K, 0% used [0x00000000d9580000,0x00000000d9580000,0x00000000da000000)
  to   space 10752K, 0% used [0x00000000de000000,0x00000000de000000,0x00000000dea80000)
 ParOldGen       total 93184K, used 8237K [0x0000000080000000, 0x0000000085b00000, 0x00000000d5580000)
  object space 93184K, 8% used [0x0000000080000000,0x000000008080b488,0x0000000085b00000)
 Metaspace       used 21805K, capacity 22192K, committed 22448K, reserved 1069056K
  class space    used 2398K, capacity 2520K, committed 2560K, reserved 1048576K
Event: 10.660 GC heap after
Heap after GC invocations=7 (full 1):
 PSYoungGen      total 116224K, used 3059K [0x00000000d5580000, 0x00000000de300000, 0x0000000100000000)
  eden space 113152K, 0% used [0x00000000d5580000,0x00000000d5580000,0x00000000dc400000)
  from space 3072K, 99% used [0x00000000de000000,0x00000000de2fcee8,0x00000000de300000)
  to   space 11264K, 0% used [0x00000000dcd00000,0x00000000dcd00000,0x00000000dd800000)
 ParOldGen       total 93184K, used 8237K [0x0000000080000000, 0x0000000085b00000, 0x00000000d5580000)
  object space 93184K, 8% used [0x0000000080000000,0x000000008080b488,0x0000000085b00000)
 Metaspace       used 21805K, capacity 22192K, committed 22448K, reserved 1069056K
  class space    used 2398K, capacity 2520K, committed 2560K, reserved 1048576K
}
Event: 11.365 GC heap before
{Heap before GC invocations=8 (full 1):
 PSYoungGen      total 116224K, used 116211K [0x00000000d5580000, 0x00000000de300000, 0x0000000100000000)
  eden space 113152K, 100% used [0x00000000d5580000,0x00000000dc400000,0x00000000dc400000)
  from space 3072K, 99% used [0x00000000de000000,0x00000000de2fcee8,0x00000000de300000)
  to   space 11264K, 0% used [0x00000000dcd00000,0x00000000dcd00000,0x00000000dd800000)
 ParOldGen       total 93184K, used 8237K [0x0000000080000000, 0x0000000085b00000, 0x00000000d5580000)
  object space 93184K, 8% used [0x0000000080000000,0x000000008080b488,0x0000000085b00000)
 Metaspace       used 22250K, capacity 22640K, committed 22960K, reserved 1069056K
  class space    used 2418K, capacity 2520K, committed 2560K, reserved 1048576K
Event: 11.393 GC heap after
Heap after GC invocations=8 (full 1):
 PSYoungGen      total 133632K, used 5697K [0x00000000d5580000, 0x00000000e2900000, 0x0000000100000000)
  eden space 122368K, 0% used [0x00000000d5580000,0x00000000d5580000,0x00000000dcd00000)
  from space 11264K, 50% used [0x00000000dcd00000,0x00000000dd290728,0x00000000dd800000)
  to   space 11264K, 0% used [0x00000000e1e00000,0x00000000e1e00000,0x00000000e2900000)
 ParOldGen       total 93184K, used 8237K [0x0000000080000000, 0x0000000085b00000, 0x00000000d5580000)
  object space 93184K, 8% used [0x0000000080000000,0x000000008080b488,0x0000000085b00000)
 Metaspace       used 22250K, capacity 22640K, committed 22960K, reserved 1069056K
  class space    used 2418K, capacity 2520K, committed 2560K, reserved 1048576K
}
Event: 16.407 GC heap before
{Heap before GC invocations=9 (full 1):
 PSYoungGen      total 133632K, used 128065K [0x00000000d5580000, 0x00000000e2900000, 0x0000000100000000)
  eden space 122368K, 100% used [0x00000000d5580000,0x00000000dcd00000,0x00000000dcd00000)
  from space 11264K, 50% used [0x00000000dcd00000,0x00000000dd290728,0x00000000dd800000)
  to   space 11264K, 0% used [0x00000000e1e00000,0x00000000e1e00000,0x00000000e2900000)
 ParOldGen       total 93184K, used 8237K [0x0000000080000000, 0x0000000085b00000, 0x00000000d5580000)
  object space 93184K, 8% used [0x0000000080000000,0x000000008080b488,0x0000000085b00000)
 Metaspace       used 29312K, capacity 30188K, committed 30336K, reserved 1075200K
  class space    used 3450K, capacity 3683K, committed 3712K, reserved 1048576K
Event: 16.436 GC heap after
Heap after GC invocations=9 (full 1):
 PSYoungGen      total 202752K, used 11261K [0x00000000d5580000, 0x00000000e3780000, 0x0000000100000000)
  eden space 191488K, 0% used [0x00000000d5580000,0x00000000d5580000,0x00000000e1080000)
  from space 11264K, 99% used [0x00000000e1e00000,0x00000000e28ff738,0x00000000e2900000)
  to   space 13824K, 0% used [0x00000000e1080000,0x00000000e1080000,0x00000000e1e00000)
 ParOldGen       total 93184K, used 11238K [0x0000000080000000, 0x0000000085b00000, 0x00000000d5580000)
  object space 93184K, 12% used [0x0000000080000000,0x0000000080af9860,0x0000000085b00000)
 Metaspace       used 29312K, capacity 30188K, committed 30336K, reserved 1075200K
  class space    used 3450K, capacity 3683K, committed 3712K, reserved 1048576K
}

