<?xml version="1.0" encoding="UTF-8"?>
<testsuites name="07 Tag Sephora Dreyers _ Empty Group _Lifecycle condition" time="2083.201" tests="10" failures="2" errors="0">
   <testsuite name="07 Tag Sephora Dreyers _ Empty Group _Lifecycle condition" tests="10" failures="2" errors="0" time="2083.201" skipped="0" timestamp="2022-06-09 19:00:15" hostname="lamhe - DPF-MBI-VERIF.ad.sgsco.int" id="Test Suites/03. Parallel Testing (Testing)/TS -PT PART 3/07 Tag Sephora Dreyers _ Empty Group _Lifecycle condition">
      <properties>
[...]
</properties>
      <testcase name="Test Cases/12. Tag Sephora Control Tag on Empty Group/12.1 Tag Empty Group Filtered group ( all field is filled _ no user) Existing P" time="132.504" classname="Test Cases/12. Tag Sephora Control Tag on Empty Group/12.1 Tag Empty Group Filtered group ( all field is filled _ no user) Existing P" status="PASSED">
         <system-out><![CDATA[2022-06-09 19:00:16 - [TEST_CASE][PASSED] - Test Cases/12. Tag Sephora Control Tag on Empty Group/12.1 Tag Empty Group Filtered group ( all field is filled _ no user) Existing P: Test Cases/12. Tag Sephora Control Tag on Empty Group/12.1 Tag Empty Group Filtered group ( all field is filled _ no user) Existing P

2022-06-09 19:00:17 - [TEST_STEP][PASSED] - data_Tag = findTestData("Data Files/Username_Password/Tag"): null

2022-06-09 19:00:17 - [TEST_STEP][PASSED] - password_jedun = data_Tag.getValue(3, 1): null

2022-06-09 19:00:17 - [TEST_STEP][PASSED] - password_rrowland = data_Tag.getValue(3, 2): null

2022-06-09 19:00:17 - [TEST_STEP][PASSED] - password_stest = data_Tag.getValue(3, 3): null

2022-06-09 19:00:17 - [TEST_STEP][PASSED] - password_itroin = data_Tag.getValue(3, 4): null

2022-06-09 19:00:17 - [TEST_STEP][PASSED] - password_igedik = data_Tag.getValue(3, 5): null

2022-06-09 19:00:17 - [TEST_STEP][PASSED] - password_mderdour = data_Tag.getValue(3, 6): null

2022-06-09 19:00:17 - [TEST_STEP][PASSED] - password_achatin = data_Tag.getValue(3, 7): null

2022-06-09 19:00:17 - [TEST_STEP][PASSED] - password_tliu = data_Tag.getValue(3, 8): null

2022-06-09 19:00:17 - [TEST_STEP][PASSED] - password_ccaramella = data_Tag.getValue(3, 9): null

2022-06-09 19:00:17 - [TEST_STEP][PASSED] - password_achay = data_Tag.getValue(3, 10): null

2022-06-09 19:00:17 - [TEST_STEP][PASSED] - password_cbono = data_Tag.getValue(3, 11): null

2022-06-09 19:00:17 - [TEST_STEP][PASSED] - password_pmareri = data_Tag.getValue(3, 12): null

2022-06-09 19:00:17 - [TEST_STEP][PASSED] - data_urlRELAUTO = findTestData("Data Files/URL/URL_relauto"): null

2022-06-09 19:00:17 - [TEST_STEP][PASSED] - Url_Tag = data_urlRELAUTO.getValue(2, 3): null

2022-06-09 19:00:17 - [TEST_STEP][PASSED] - Project_No = "MI003394": null

2022-06-09 19:00:17 - [TEST_STEP][PASSED] - ref_ID = "24383": null

2022-06-09 19:00:17 - [TEST_STEP][PASSED] - openBrowser(Url_Tag): Browser is opened with url: 'http://mdb-release.diadeis.lan/MediaboxIndependence/?MBI_datasource=RELTESTAUTO_TAG'

2022-06-09 19:00:18 - [MESSAGE][INFO] - Starting 'Chrome (headless)' driver

2022-06-09 19:00:18 - [MESSAGE][INFO] - User set preference: ['args', '[--window-size=1920,1080, --headless]']

2022-06-09 19:00:18 - [MESSAGE][INFO] - Action delay is set to 0 milliseconds

2022-06-09 19:00:33 - [MESSAGE][PASSED] - Browser is opened with url: 'http://mdb-release.diadeis.lan/MediaboxIndependence/?MBI_datasource=RELTESTAUTO_TAG'

2022-06-09 19:00:33 - [TEST_STEP][PASSED] - maximizeWindow(): Current window maximized

2022-06-09 19:00:34 - [MESSAGE][PASSED] - Current window maximized

2022-06-09 19:00:34 - [TEST_STEP][PASSED] - waitForPageLoad(30): Wait for page load successfully

2022-06-09 19:00:35 - [MESSAGE][PASSED] - Wait for page load successfully

2022-06-09 19:00:35 - [TEST_STEP][PASSED] - takeScreenshot(): Taking screenshot successfully

2022-06-09 19:00:36 - [MESSAGE][PASSED] - Taking screenshot successfully
[[ATTACHMENT|D:\\Projet Test Auto\\Mediabox Test Automation\\Reports\\20220609_181011\\03. Parallel Testing (Testing)\\TS -PT PART 3\\07 Tag Sephora Dreyers _ Empty Group _Lifecycle condition\\20220609_181049\\1654794035884.png]]

2022-06-09 19:00:36 - [TEST_STEP][PASSED] - I.Login_password("pmareri", password_pmareri): Object: 'Object Repository/1. Constant/xpath' is clicked on

2022-06-09 19:00:37 - [MESSAGE][PASSED] - Text 'pmareri' is set on object 'Object Repository/1. Constant/xpath'

2022-06-09 19:00:38 - [MESSAGE][PASSED] - Delayed 1 second(s)

2022-06-09 19:00:39 - [MESSAGE][PASSED] - Text 'dchi' is set on object 'Object Repository/1. Constant/xpath'

2022-06-09 19:00:40 - [MESSAGE][PASSED] - Delayed 1 second(s)

2022-06-09 19:00:51 - [MESSAGE][PASSED] - Object: 'Object Repository/1. Constant/xpath' is clicked on

2022-06-09 19:00:51 - [TEST_STEP][PASSED] - click(findTestObject("1. Constant/02_LHSMenu_Projects")): Object: 'Object Repository/1. Constant/02_LHSMenu_Projects' is clicked on

2022-06-09 19:00:58 - [MESSAGE][PASSED] - Object: 'Object Repository/1. Constant/02_LHSMenu_Projects' is clicked on

2022-06-09 19:00:58 - [TEST_STEP][PASSED] - I.SearchProjectNo_xpath(Project_No, "//*[@id="keynum_project"]", "//*[@id="form_filters"]/div[8]/button"): Delayed 5 second(s)

2022-06-09 19:00:59 - [MESSAGE][PASSED] - Delayed 1 second(s)

2022-06-09 19:00:59 - [MESSAGE][PASSED] - Text 'MI003394' is set on object 'Object Repository/1. Constant/xpath'

2022-06-09 19:01:02 - [MESSAGE][PASSED] - Delayed 3 second(s)

2022-06-09 19:01:02 - [MESSAGE][PASSED] - Scroll to object 'Object Repository/1. Constant/xpath' successfully

2022-06-09 19:01:10 - [MESSAGE][PASSED] - Object: 'Object Repository/1. Constant/xpath' is clicked on

2022-06-09 19:01:15 - [MESSAGE][PASSED] - Delayed 5 second(s)

2022-06-09 19:01:15 - [TEST_STEP][PASSED] - takeScreenshot(): Taking screenshot successfully

2022-06-09 19:01:15 - [MESSAGE][PASSED] - Taking screenshot successfully
[[ATTACHMENT|D:\\Projet Test Auto\\Mediabox Test Automation\\Reports\\20220609_181011\\03. Parallel Testing (Testing)\\TS -PT PART 3\\07 Tag Sephora Dreyers _ Empty Group _Lifecycle condition\\20220609_181049\\1654794075438.png]]

2022-06-09 19:01:15 - [TEST_STEP][PASSED] - delay(1): Delayed 1 second(s)

2022-06-09 19:01:16 - [MESSAGE][PASSED] - Delayed 1 second(s)

2022-06-09 19:01:16 - [TEST_STEP][PASSED] - click(findTestObject("1. Constant/xpath", ["xpath":"//*[@id="ancre_24373"]/a[2]"])): Object: 'Object Repository/1. Constant/xpath' is clicked on

2022-06-09 19:01:20 - [MESSAGE][PASSED] - Object: 'Object Repository/1. Constant/xpath' is clicked on

2022-06-09 19:01:20 - [TEST_STEP][PASSED] - I.click_button_javascript(findTestObject("1. Constant/xpath", ["xpath":"//*[@id="ModifFiche"]/div[1]/div/button[2]"])): Execute JavaScript 'arguments[0].click()' successfully

2022-06-09 19:01:25 - [MESSAGE][PASSED] - Execute JavaScript 'arguments[0].click()' successfully

2022-06-09 19:01:25 - [TEST_STEP][PASSED] - delay(1): Delayed 1 second(s)

2022-06-09 19:01:26 - [MESSAGE][PASSED] - Delayed 1 second(s)

2022-06-09 19:01:26 - [TEST_STEP][PASSED] - takeScreenshot(): Taking screenshot successfully

2022-06-09 19:01:26 - [MESSAGE][PASSED] - Taking screenshot successfully
[[ATTACHMENT|D:\\Projet Test Auto\\Mediabox Test Automation\\Reports\\20220609_181011\\03. Parallel Testing (Testing)\\TS -PT PART 3\\07 Tag Sephora Dreyers _ Empty Group _Lifecycle condition\\20220609_181049\\1654794086541.png]]

2022-06-09 19:01:26 - [TEST_STEP][PASSED] - empty_G1 = getText(findTestObject("1. Constant/xpath", ["xpath":"//*[@id="cardctrlphase"]/div[1]/div[1]/h3/span"])): Text of object 'Object Repository/1. Constant/xpath' is: 'Error : empty groups'

2022-06-09 19:01:27 - [MESSAGE][PASSED] - Text of object 'Object Repository/1. Constant/xpath' is: 'Error : empty groups'

2022-06-09 19:01:27 - [TEST_STEP][PASSED] - I.print(empty_G1): null

2022-06-09 19:01:27 - [TEST_STEP][PASSED] - verifyMatch(empty_G1, "Error : empty groups", false): Actual text 'Error : empty groups' and expected text 'Error : empty groups' are matched 

2022-06-09 19:01:27 - [MESSAGE][PASSED] - Actual text 'Error : empty groups' and expected text 'Error : empty groups' are matched 

2022-06-09 19:01:27 - [TEST_STEP][PASSED] - click(findTestObject("1. Constant/xpath", ["xpath":"//*[@id="cardctrlphase"]/div[1]/div[2]/a"])): Object: 'Object Repository/1. Constant/xpath' is clicked on

2022-06-09 19:01:27 - [MESSAGE][PASSED] - Object: 'Object Repository/1. Constant/xpath' is clicked on

2022-06-09 19:01:27 - [TEST_STEP][PASSED] - delay(2): Delayed 2 second(s)

2022-06-09 19:01:29 - [MESSAGE][PASSED] - Delayed 2 second(s)

2022-06-09 19:01:29 - [TEST_STEP][PASSED] - verifyElementNotVisible(findTestObject("1. Constant/xpath", ["xpath":"//*[@id="cardctrlphase"]/div[2]"])): Object 'Object Repository/1. Constant/xpath' is NOT visible

2022-06-09 19:01:30 - [MESSAGE][PASSED] - Object 'Object Repository/1. Constant/xpath' is NOT visible

2022-06-09 19:01:30 - [TEST_STEP][PASSED] - click(findTestObject("1. Constant/xpath", ["xpath":"//*[@id="cardctrlphase"]/div[1]/div[2]/a"])): Object: 'Object Repository/1. Constant/xpath' is clicked on

2022-06-09 19:01:30 - [MESSAGE][PASSED] - Object: 'Object Repository/1. Constant/xpath' is clicked on

2022-06-09 19:01:30 - [TEST_STEP][PASSED] - verifyElementVisible(findTestObject("1. Constant/xpath", ["xpath":"//*[@id="cardctrlphase"]/div[2]"])): Object 'Object Repository/1. Constant/xpath' is visible

2022-06-09 19:01:31 - [MESSAGE][PASSED] - Object 'Object Repository/1. Constant/xpath' is visible

2022-06-09 19:01:31 - [TEST_STEP][PASSED] - EmptyG_title = getText(findTestObject("1. Constant/xpath", ["xpath":"//*[@id="cardctrlphase"]/div[1]/div[1]/h3/span"])): Text of object 'Object Repository/1. Constant/xpath' is: 'Error : empty groups'

2022-06-09 19:01:31 - [MESSAGE][PASSED] - Text of object 'Object Repository/1. Constant/xpath' is: 'Error : empty groups'

2022-06-09 19:01:31 - [TEST_STEP][PASSED] - I.print(EmptyG_title): null

2022-06-09 19:01:31 - [TEST_STEP][PASSED] - verifyMatch("Error : empty groups", EmptyG_title, false): Actual text 'Error : empty groups' and expected text 'Error : empty groups' are matched 

2022-06-09 19:01:31 - [MESSAGE][PASSED] - Actual text 'Error : empty groups' and expected text 'Error : empty groups' are matched 

2022-06-09 19:01:31 - [TEST_STEP][PASSED] - EmptyG_PotentialProb = getText(findTestObject("1. Constant/xpath", ["xpath":"//*[@id="cardctrlphase"]/div[2]"])): Text of object 'Object Repository/1. Constant/xpath' is: 'Local Marketing (Leader) + Sub-Axis
Potential problem with these fields:
Signature (Project)
Garnier
Sub Axis (Project)
Hair Care
Leader country (Reference)
Algeria
Local Marketing (Approver) + Sub-Axis
Potential problem with these fields:
Signature (Project)
Garnier
Sub Axis (Project)
Hair Care
Approver countries/zones (Reference)
Belize
Algeria
Cambodia (kampuchea)
Modify this project
Modify this reference brief'

2022-06-09 19:01:32 - [MESSAGE][PASSED] - Text of object 'Object Repository/1. Constant/xpath' is: 'Local Marketing (Leader) + Sub-Axis
Potential problem with these fields:
Signature (Project)
Garnier
Sub Axis (Project)
Hair Care
Leader country (Reference)
Algeria
Local Marketing (Approver) + Sub-Axis
Potential problem with these fields:
Signature (Project)
Garnier
Sub Axis (Project)
Hair Care
Approver countries/zones (Reference)
Belize
Algeria
Cambodia (kampuchea)
Modify this project
Modify this reference brief'

2022-06-09 19:01:32 - [TEST_STEP][PASSED] - I.print(EmptyG_PotentialProb): null

2022-06-09 19:01:32 - [TEST_STEP][PASSED] - Expected_EmotyG_msg = "Local Marketing (Leader) + Sub-Axis" + "
" + "Potential problem with these fields:" + "
" + "Signature (Project)" + "
" + "Garnier" + "
" + "Sub Axis (Project)" + "
" + "Hair Care" + "
" + "Leader country (Reference)" + "
" + "Algeria" + "
" + "Local Marketing (Approver) + Sub-Axis" + "
" + "Potential problem with these fields:" + "
" + "Signature (Project)" + "
" + "Garnier" + "
" + "Sub Axis (Project)" + "
" + "Hair Care" + "
" + "Approver countries/zones (Reference)" + "
" + "Belize" + "
" + "Algeria" + "
" + "Cambodia (kampuchea)" + "
" + "Modify this project" + "
" + "Modify this reference brief": null

2022-06-09 19:01:32 - [TEST_STEP][PASSED] - I.print(Expected_EmotyG_msg): null

2022-06-09 19:01:32 - [TEST_STEP][PASSED] - verifyMatch(Expected_EmotyG_msg, EmptyG_PotentialProb, false): Actual text 'Local Marketing (Leader) + Sub-Axis
Potential problem with these fields:
Signature (Project)
Garnier
Sub Axis (Project)
Hair Care
Leader country (Reference)
Algeria
Local Marketing (Approver) + Sub-Axis
Potential problem with these fields:
Signature (Project)
Garnier
Sub Axis (Project)
Hair Care
Approver countries/zones (Reference)
Belize
Algeria
Cambodia (kampuchea)
Modify this project
Modify this reference brief' and expected text 'Local Marketing (Leader) + Sub-Axis
Potential problem with these fields:
Signature (Project)
Garnier
Sub Axis (Project)
Hair Care
Leader country (Reference)
Algeria
Local Marketing (Approver) + Sub-Axis
Potential problem with these fields:
Signature (Project)
Garnier
Sub Axis (Project)
Hair Care
Approver countries/zones (Reference)
Belize
Algeria
Cambodia (kampuchea)
Modify this project
Modify this reference brief' are matched 

2022-06-09 19:01:32 - [MESSAGE][PASSED] - Actual text 'Local Marketing (Leader) + Sub-Axis
Potential problem with these fields:
Signature (Project)
Garnier
Sub Axis (Project)
Hair Care
Leader country (Reference)
Algeria
Local Marketing (Approver) + Sub-Axis
Potential problem with these fields:
Signature (Project)
Garnier
Sub Axis (Project)
Hair Care
Approver countries/zones (Reference)
Belize
Algeria
Cambodia (kampuchea)
Modify this project
Modify this reference brief' and expected text 'Local Marketing (Leader) + Sub-Axis
Potential problem with these fields:
Signature (Project)
Garnier
Sub Axis (Project)
Hair Care
Leader country (Reference)
Algeria
Local Marketing (Approver) + Sub-Axis
Potential problem with these fields:
Signature (Project)
Garnier
Sub Axis (Project)
Hair Care
Approver countries/zones (Reference)
Belize
Algeria
Cambodia (kampuchea)
Modify this project
Modify this reference brief' are matched 

2022-06-09 19:01:32 - [TEST_STEP][PASSED] - click(findTestObject("1. Constant/xpath", ["xpath":"//*[@id="cardctrlphase"]/div[2]/div[9]/a[1]"])): Object: 'Object Repository/1. Constant/xpath' is clicked on

2022-06-09 19:01:37 - [MESSAGE][PASSED] - Object: 'Object Repository/1. Constant/xpath' is clicked on

2022-06-09 19:01:37 - [TEST_STEP][PASSED] - delay(1): Delayed 1 second(s)

2022-06-09 19:01:38 - [MESSAGE][PASSED] - Delayed 1 second(s)

2022-06-09 19:01:38 - [TEST_STEP][PASSED] - takeScreenshot(): Taking screenshot successfully

2022-06-09 19:01:38 - [MESSAGE][PASSED] - Taking screenshot successfully
[[ATTACHMENT|D:\\Projet Test Auto\\Mediabox Test Automation\\Reports\\20220609_181011\\03. Parallel Testing (Testing)\\TS -PT PART 3\\07 Tag Sephora Dreyers _ Empty Group _Lifecycle condition\\20220609_181049\\1654794098065.png]]

2022-06-09 19:01:38 - [TEST_STEP][PASSED] - verifyElementPresent(findTestObject("1. Constant/xpath", ["xpath":"//*[@id="var_141"]"]), 5): Object 'Object Repository/1. Constant/xpath' is present

2022-06-09 19:01:38 - [MESSAGE][PASSED] - Object 'Object Repository/1. Constant/xpath' is present

2022-06-09 19:01:38 - [TEST_STEP][PASSED] - setText(findTestObject("1. Constant/xpath", ["xpath":"//*[@id="var_141"]"]), "[Do not Edit] Existing Project Auto for Control Tag  Empty Group (Part 2) modif"): Text '[Do not Edit] Existing Project Auto for Control Tag  Empty Group (Part 2) modif' is set on object 'Object Repository/1. Constant/xpath'

2022-06-09 19:01:39 - [MESSAGE][PASSED] - Text '[Do not Edit] Existing Project Auto for Control Tag  Empty Group (Part 2) modif' is set on object 'Object Repository/1. Constant/xpath'

2022-06-09 19:01:39 - [TEST_STEP][PASSED] - click(findTestObject("1. Constant/xpath", ["xpath":"//*[@id="ModifFiche"]/div[1]/div/button"])): Object: 'Object Repository/1. Constant/xpath' is clicked on

2022-06-09 19:01:45 - [MESSAGE][PASSED] - Object: 'Object Repository/1. Constant/xpath' is clicked on

2022-06-09 19:01:45 - [TEST_STEP][PASSED] - delay(1): Delayed 1 second(s)

2022-06-09 19:01:46 - [MESSAGE][PASSED] - Delayed 1 second(s)

2022-06-09 19:01:46 - [TEST_STEP][PASSED] - ProjectName = getText(findTestObject("1. Constant/xpath", ["xpath":"//*[@id="card_project"]/div[1]/div[1]/h3"])): Text of object 'Object Repository/1. Constant/xpath' is: 'Garnier_Ga.Min Neo_2021_[Do not Edit] Existing Project Auto for Control Tag Empty Group (Part 2) modif - MI003394'

2022-06-09 19:01:46 - [MESSAGE][PASSED] - Text of object 'Object Repository/1. Constant/xpath' is: 'Garnier_Ga.Min Neo_2021_[Do not Edit] Existing Project Auto for Control Tag Empty Group (Part 2) modif - MI003394'

2022-06-09 19:01:46 - [TEST_STEP][PASSED] - I.print(ProjectName): null

2022-06-09 19:01:46 - [TEST_STEP][PASSED] - verifyMatch(ProjectName, "Garnier_Ga.Min Neo_2021_[Do not Edit] Existing Project Auto for Control Tag Empty Group (Part 2) modif - MI003394", false): Actual text 'Garnier_Ga.Min Neo_2021_[Do not Edit] Existing Project Auto for Control Tag Empty Group (Part 2) modif - MI003394' and expected text 'Garnier_Ga.Min Neo_2021_[Do not Edit] Existing Project Auto for Control Tag Empty Group (Part 2) modif - MI003394' are matched 

2022-06-09 19:01:46 - [MESSAGE][PASSED] - Actual text 'Garnier_Ga.Min Neo_2021_[Do not Edit] Existing Project Auto for Control Tag Empty Group (Part 2) modif - MI003394' and expected text 'Garnier_Ga.Min Neo_2021_[Do not Edit] Existing Project Auto for Control Tag Empty Group (Part 2) modif - MI003394' are matched 

2022-06-09 19:01:46 - [TEST_STEP][PASSED] - delay(1): Delayed 1 second(s)

2022-06-09 19:01:47 - [MESSAGE][PASSED] - Delayed 1 second(s)

2022-06-09 19:01:47 - [TEST_STEP][PASSED] - click(findTestObject("1. Constant/xpath", ["xpath":"//*[@id="ancre_24373"]/a[2]"])): Object: 'Object Repository/1. Constant/xpath' is clicked on

2022-06-09 19:01:51 - [MESSAGE][PASSED] - Object: 'Object Repository/1. Constant/xpath' is clicked on

2022-06-09 19:01:51 - [TEST_STEP][PASSED] - delay(1): Delayed 1 second(s)

2022-06-09 19:01:52 - [MESSAGE][PASSED] - Delayed 1 second(s)

2022-06-09 19:01:52 - [TEST_STEP][PASSED] - I.click_button_javascript(findTestObject("1. Constant/xpath", ["xpath":"//*[@id="ModifFiche"]/div[1]/div/button[2]"])): Execute JavaScript 'arguments[0].click()' successfully

2022-06-09 19:01:58 - [MESSAGE][PASSED] - Execute JavaScript 'arguments[0].click()' successfully

2022-06-09 19:01:58 - [TEST_STEP][PASSED] - takeScreenshot(): Taking screenshot successfully

2022-06-09 19:01:58 - [MESSAGE][PASSED] - Taking screenshot successfully
[[ATTACHMENT|D:\\Projet Test Auto\\Mediabox Test Automation\\Reports\\20220609_181011\\03. Parallel Testing (Testing)\\TS -PT PART 3\\07 Tag Sephora Dreyers _ Empty Group _Lifecycle condition\\20220609_181049\\1654794118078.png]]

2022-06-09 19:01:58 - [TEST_STEP][PASSED] - click(findTestObject("1. Constant/xpath", ["xpath":"//*[@id="cardctrlphase"]/div[2]/div[9]/a[2]"])): Object: 'Object Repository/1. Constant/xpath' is clicked on

2022-06-09 19:02:02 - [MESSAGE][PASSED] - Object: 'Object Repository/1. Constant/xpath' is clicked on

2022-06-09 19:02:02 - [TEST_STEP][PASSED] - delay(1): Delayed 1 second(s)

2022-06-09 19:02:03 - [MESSAGE][PASSED] - Delayed 1 second(s)

2022-06-09 19:02:03 - [TEST_STEP][PASSED] - click(findTestObject("1. Constant/xpath", ["xpath":"//*[@id="ModifFiche"]/div[1]/div[1]/a"])): Object: 'Object Repository/1. Constant/xpath' is clicked on

2022-06-09 19:02:06 - [MESSAGE][PASSED] - Object: 'Object Repository/1. Constant/xpath' is clicked on

2022-06-09 19:02:06 - [TEST_STEP][PASSED] - click(findTestObject("1. Constant/xpath", ["xpath":"//*[@id="ancre_24373"]/a[2]"])): Object: 'Object Repository/1. Constant/xpath' is clicked on

2022-06-09 19:02:11 - [MESSAGE][PASSED] - Object: 'Object Repository/1. Constant/xpath' is clicked on

2022-06-09 19:02:11 - [TEST_STEP][PASSED] - scrollToElement(findTestObject("1. Constant/xpath", ["xpath":"//*[@id="var_71"]"]), 5): Scroll to object 'Object Repository/1. Constant/xpath' successfully

2022-06-09 19:02:11 - [MESSAGE][PASSED] - Scroll to object 'Object Repository/1. Constant/xpath' successfully

2022-06-09 19:02:11 - [TEST_STEP][PASSED] - selectOptionByValue(findTestObject("1. Constant/xpath", ["xpath":"//*[@id="var_71"]"]), "1055", false): All options with value '1055' are selected in object 'Object Repository/1. Constant/xpath' 

2022-06-09 19:02:12 - [MESSAGE][PASSED] - All options with value '1055' are selected in object 'Object Repository/1. Constant/xpath' 

2022-06-09 19:02:12 - [TEST_STEP][PASSED] - I.select_multiplelist("//*[@id="selSource_72"]", "//*[@id="btnAdd_72"]", "1055"): Delayed 1 second(s)

2022-06-09 19:02:13 - [MESSAGE][PASSED] - Delayed 1 second(s)

2022-06-09 19:02:13 - [MESSAGE][PASSED] - All options with value '1055' are selected in object 'Object Repository/1. Constant/xpath' 

2022-06-09 19:02:15 - [MESSAGE][PASSED] - Delayed 2 second(s)

2022-06-09 19:02:17 - [MESSAGE][PASSED] - Object: 'Object Repository/1. Constant/xpath' is clicked on

2022-06-09 19:02:18 - [MESSAGE][PASSED] - Delayed 1 second(s)

2022-06-09 19:02:18 - [TEST_STEP][PASSED] - I.click_button_javascript(findTestObject("1. Constant/xpath", ["xpath":"//*[@id="ModifFiche"]/div[1]/div/button[2]"])): Execute JavaScript 'arguments[0].click()' successfully

2022-06-09 19:02:26 - [MESSAGE][PASSED] - Execute JavaScript 'arguments[0].click()' successfully

2022-06-09 19:02:26 - [TEST_STEP][PASSED] - lifecycle_status = getText(findTestObject("1. Constant/xpath", ["xpath":"//*[@id="source_24371"]/td[13]/span[1]"])): Text of object 'Object Repository/1. Constant/xpath' is: 'Leader MKT: Brief completion'

2022-06-09 19:02:27 - [MESSAGE][PASSED] - Text of object 'Object Repository/1. Constant/xpath' is: 'Leader MKT: Brief completion'

2022-06-09 19:02:27 - [TEST_STEP][PASSED] - verifyMatch(lifecycle_status, "Leader MKT: Brief completion", false): Actual text 'Leader MKT: Brief completion' and expected text 'Leader MKT: Brief completion' are matched 

2022-06-09 19:02:27 - [MESSAGE][PASSED] - Actual text 'Leader MKT: Brief completion' and expected text 'Leader MKT: Brief completion' are matched 

2022-06-09 19:02:27 - [TEST_STEP][PASSED] - closeBrowser(): Browser is closed

2022-06-09 19:02:28 - [MESSAGE][PASSED] - Browser is closed

2022-06-09 19:02:28 - [TEST_STEP][PASSED] - Start listener action : sampleAfterTestCase: null]]></system-out>
         <system-err><![CDATA[]]></system-err>
      </testcase>
      <testcase name="Test Cases/12. Tag Sephora Control Tag on Empty Group/12.2 Tag Existing Project Empty Group Filtered group (one of the field is empty _ no error)" time="111.094" classname="Test Cases/12. Tag Sephora Control Tag on Empty Group/12.2 Tag Existing Project Empty Group Filtered group (one of the field is empty _ no error)" status="PASSED">
         <system-out><![CDATA[2022-06-09 19:02:28 - [TEST_CASE][PASSED] - Test Cases/12. Tag Sephora Control Tag on Empty Group/12.2 Tag Existing Project Empty Group Filtered group (one of the field is empty _ no error): Test Cases/12. Tag Sephora Control Tag on Empty Group/12.2 Tag Existing Project Empty Group Filtered group (one of the field is empty _ no error)

2022-06-09 19:02:29 - [TEST_STEP][PASSED] - data_Tag = findTestData("Data Files/Username_Password/Tag"): null

2022-06-09 19:02:29 - [TEST_STEP][PASSED] - password_jedun = data_Tag.getValue(3, 1): null

2022-06-09 19:02:29 - [TEST_STEP][PASSED] - password_rrowland = data_Tag.getValue(3, 2): null

2022-06-09 19:02:29 - [TEST_STEP][PASSED] - password_stest = data_Tag.getValue(3, 3): null

2022-06-09 19:02:29 - [TEST_STEP][PASSED] - password_itroin = data_Tag.getValue(3, 4): null

2022-06-09 19:02:29 - [TEST_STEP][PASSED] - password_igedik = data_Tag.getValue(3, 5): null

2022-06-09 19:02:29 - [TEST_STEP][PASSED] - password_mderdour = data_Tag.getValue(3, 6): null

2022-06-09 19:02:29 - [TEST_STEP][PASSED] - password_achatin = data_Tag.getValue(3, 7): null

2022-06-09 19:02:29 - [TEST_STEP][PASSED] - password_tliu = data_Tag.getValue(3, 8): null

2022-06-09 19:02:29 - [TEST_STEP][PASSED] - password_ccaramella = data_Tag.getValue(3, 9): null

2022-06-09 19:02:29 - [TEST_STEP][PASSED] - password_achay = data_Tag.getValue(3, 10): null

2022-06-09 19:02:29 - [TEST_STEP][PASSED] - password_cbono = data_Tag.getValue(3, 11): null

2022-06-09 19:02:29 - [TEST_STEP][PASSED] - password_pmareri = data_Tag.getValue(3, 12): null

2022-06-09 19:02:29 - [TEST_STEP][PASSED] - data_urlRELAUTO = findTestData("Data Files/URL/URL_relauto"): null

2022-06-09 19:02:29 - [TEST_STEP][PASSED] - Url_Tag = data_urlRELAUTO.getValue(2, 3): null

2022-06-09 19:02:29 - [TEST_STEP][PASSED] - Project_No = "MI003394": null

2022-06-09 19:02:29 - [TEST_STEP][PASSED] - ref_ID = "14874": null

2022-06-09 19:02:29 - [TEST_STEP][PASSED] - openBrowser(Url_Tag): Browser is opened with url: 'http://mdb-release.diadeis.lan/MediaboxIndependence/?MBI_datasource=RELTESTAUTO_TAG'

2022-06-09 19:02:29 - [MESSAGE][INFO] - Starting 'Chrome (headless)' driver

2022-06-09 19:02:29 - [MESSAGE][INFO] - User set preference: ['args', '[--window-size=1920,1080, --headless]']

2022-06-09 19:02:29 - [MESSAGE][INFO] - Action delay is set to 0 milliseconds

2022-06-09 19:02:42 - [MESSAGE][PASSED] - Browser is opened with url: 'http://mdb-release.diadeis.lan/MediaboxIndependence/?MBI_datasource=RELTESTAUTO_TAG'

2022-06-09 19:02:42 - [TEST_STEP][PASSED] - maximizeWindow(): Current window maximized

2022-06-09 19:02:43 - [MESSAGE][PASSED] - Current window maximized

2022-06-09 19:02:43 - [TEST_STEP][PASSED] - waitForPageLoad(30): Wait for page load successfully

2022-06-09 19:02:43 - [MESSAGE][PASSED] - Wait for page load successfully

2022-06-09 19:02:43 - [TEST_STEP][PASSED] - takeScreenshot(): Taking screenshot successfully

2022-06-09 19:02:44 - [MESSAGE][PASSED] - Taking screenshot successfully
[[ATTACHMENT|D:\\Projet Test Auto\\Mediabox Test Automation\\Reports\\20220609_181011\\03. Parallel Testing (Testing)\\TS -PT PART 3\\07 Tag Sephora Dreyers _ Empty Group _Lifecycle condition\\20220609_181049\\1654794164007.png]]

2022-06-09 19:02:44 - [TEST_STEP][PASSED] - I.Login_password("pmareri", password_pmareri): Object: 'Object Repository/1. Constant/xpath' is clicked on

2022-06-09 19:02:44 - [MESSAGE][PASSED] - Text 'pmareri' is set on object 'Object Repository/1. Constant/xpath'

2022-06-09 19:02:45 - [MESSAGE][PASSED] - Delayed 1 second(s)

2022-06-09 19:02:46 - [MESSAGE][PASSED] - Text 'dchi' is set on object 'Object Repository/1. Constant/xpath'

2022-06-09 19:02:47 - [MESSAGE][PASSED] - Delayed 1 second(s)

2022-06-09 19:03:02 - [MESSAGE][PASSED] - Object: 'Object Repository/1. Constant/xpath' is clicked on

2022-06-09 19:03:02 - [TEST_STEP][PASSED] - click(findTestObject("1. Constant/02_LHSMenu_Projects")): Object: 'Object Repository/1. Constant/02_LHSMenu_Projects' is clicked on

2022-06-09 19:03:15 - [MESSAGE][PASSED] - Object: 'Object Repository/1. Constant/02_LHSMenu_Projects' is clicked on

2022-06-09 19:03:15 - [TEST_STEP][PASSED] - I.SearchProjectNo_xpath(Project_No, "//*[@id="keynum_project"]", "//*[@id="form_filters"]/div[8]/button"): Delayed 5 second(s)

2022-06-09 19:03:16 - [MESSAGE][PASSED] - Delayed 1 second(s)

2022-06-09 19:03:18 - [MESSAGE][PASSED] - Text 'MI003394' is set on object 'Object Repository/1. Constant/xpath'

2022-06-09 19:03:21 - [MESSAGE][PASSED] - Delayed 3 second(s)

2022-06-09 19:03:21 - [MESSAGE][PASSED] - Scroll to object 'Object Repository/1. Constant/xpath' successfully

2022-06-09 19:03:29 - [MESSAGE][PASSED] - Object: 'Object Repository/1. Constant/xpath' is clicked on

2022-06-09 19:03:34 - [MESSAGE][PASSED] - Delayed 5 second(s)

2022-06-09 19:03:34 - [TEST_STEP][PASSED] - takeScreenshot(): Taking screenshot successfully

2022-06-09 19:03:35 - [MESSAGE][PASSED] - Taking screenshot successfully
[[ATTACHMENT|D:\\Projet Test Auto\\Mediabox Test Automation\\Reports\\20220609_181011\\03. Parallel Testing (Testing)\\TS -PT PART 3\\07 Tag Sephora Dreyers _ Empty Group _Lifecycle condition\\20220609_181049\\1654794214689.png]]

2022-06-09 19:03:35 - [TEST_STEP][PASSED] - delay(1): Delayed 1 second(s)

2022-06-09 19:03:36 - [MESSAGE][PASSED] - Delayed 1 second(s)

2022-06-09 19:03:36 - [TEST_STEP][PASSED] - click(findTestObject("1. Constant/xpath", ["xpath":"//*[@id="source_24374"]/td[15]/a[2]"])): Object: 'Object Repository/1. Constant/xpath' is clicked on

2022-06-09 19:03:41 - [MESSAGE][PASSED] - Object: 'Object Repository/1. Constant/xpath' is clicked on

2022-06-09 19:03:41 - [TEST_STEP][PASSED] - takeScreenshot(): Taking screenshot successfully

2022-06-09 19:03:42 - [MESSAGE][PASSED] - Taking screenshot successfully
[[ATTACHMENT|D:\\Projet Test Auto\\Mediabox Test Automation\\Reports\\20220609_181011\\03. Parallel Testing (Testing)\\TS -PT PART 3\\07 Tag Sephora Dreyers _ Empty Group _Lifecycle condition\\20220609_181049\\1654794221757.png]]

2022-06-09 19:03:42 - [TEST_STEP][PASSED] - I.select_multiplelist("//*[@id="selSource_10"]", "//*[@id="btnAdd_10"]", "1303"): Delayed 1 second(s)

2022-06-09 19:03:43 - [MESSAGE][PASSED] - Delayed 1 second(s)

2022-06-09 19:03:43 - [MESSAGE][PASSED] - All options with value '1303' are selected in object 'Object Repository/1. Constant/xpath' 

2022-06-09 19:03:45 - [MESSAGE][PASSED] - Delayed 2 second(s)

2022-06-09 19:03:46 - [MESSAGE][PASSED] - Object: 'Object Repository/1. Constant/xpath' is clicked on

2022-06-09 19:03:47 - [MESSAGE][PASSED] - Delayed 1 second(s)

2022-06-09 19:03:47 - [TEST_STEP][PASSED] - selectOptionByValue(findTestObject("1. Constant/xpath", ["xpath":"//*[@id="var_166"]"]), "1191", false): All options with value '1191' are selected in object 'Object Repository/1. Constant/xpath' 

2022-06-09 19:03:48 - [MESSAGE][PASSED] - All options with value '1191' are selected in object 'Object Repository/1. Constant/xpath' 

2022-06-09 19:03:48 - [TEST_STEP][PASSED] - selectOptionByValue(findTestObject("1. Constant/xpath", ["xpath":"//*[@id="var_71"]"]), "1518", false): All options with value '1518' are selected in object 'Object Repository/1. Constant/xpath' 

2022-06-09 19:03:48 - [MESSAGE][PASSED] - All options with value '1518' are selected in object 'Object Repository/1. Constant/xpath' 

2022-06-09 19:03:48 - [TEST_STEP][PASSED] - I.click_button_javascript(findTestObject("1. Constant/xpath", ["xpath":"//*[@id="ModifFiche"]/div[1]/div/button[2]"])): Execute JavaScript 'arguments[0].click()' successfully

2022-06-09 19:03:55 - [MESSAGE][PASSED] - Execute JavaScript 'arguments[0].click()' successfully

2022-06-09 19:03:55 - [TEST_STEP][PASSED] - delay(1): Delayed 1 second(s)

2022-06-09 19:03:56 - [MESSAGE][PASSED] - Delayed 1 second(s)

2022-06-09 19:03:56 - [TEST_STEP][PASSED] - click(findTestObject("1. Constant/xpath", ["xpath":"//*[@id="kt_subheader"]/div/nav/ol/li[2]/a"])): Object: 'Object Repository/1. Constant/xpath' is clicked on

2022-06-09 19:04:00 - [MESSAGE][PASSED] - Object: 'Object Repository/1. Constant/xpath' is clicked on

2022-06-09 19:04:00 - [TEST_STEP][PASSED] - delay(3): Delayed 3 second(s)

2022-06-09 19:04:03 - [MESSAGE][PASSED] - Delayed 3 second(s)

2022-06-09 19:04:03 - [TEST_STEP][PASSED] - click(findTestObject("1. Constant/xpath", ["xpath":"//*[@id="source_24374"]/td[15]/a[2]"])): Object: 'Object Repository/1. Constant/xpath' is clicked on

2022-06-09 19:04:08 - [MESSAGE][PASSED] - Object: 'Object Repository/1. Constant/xpath' is clicked on

2022-06-09 19:04:08 - [TEST_STEP][PASSED] - takeScreenshot(): Taking screenshot successfully

2022-06-09 19:04:09 - [MESSAGE][PASSED] - Taking screenshot successfully
[[ATTACHMENT|D:\\Projet Test Auto\\Mediabox Test Automation\\Reports\\20220609_181011\\03. Parallel Testing (Testing)\\TS -PT PART 3\\07 Tag Sephora Dreyers _ Empty Group _Lifecycle condition\\20220609_181049\\1654794248679.png]]

2022-06-09 19:04:09 - [TEST_STEP][PASSED] - selectOptionByValue(findTestObject("1. Constant/xpath", ["xpath":"//*[@id="var_71"]"]), "", false): All options with value '' are selected in object 'Object Repository/1. Constant/xpath' 

2022-06-09 19:04:10 - [MESSAGE][PASSED] - All options with value '' are selected in object 'Object Repository/1. Constant/xpath' 

2022-06-09 19:04:10 - [TEST_STEP][PASSED] - selectOptionByValue(findTestObject("1. Constant/xpath", ["xpath":"//*[@id="var_166"]"]), "1190", false): All options with value '1190' are selected in object 'Object Repository/1. Constant/xpath' 

2022-06-09 19:04:10 - [MESSAGE][PASSED] - All options with value '1190' are selected in object 'Object Repository/1. Constant/xpath' 

2022-06-09 19:04:10 - [TEST_STEP][PASSED] - I.click_button_javascript(findTestObject("1. Constant/xpath", ["xpath":"//*[@id="ModifFiche"]/div[1]/div/button[1]"])): Execute JavaScript 'arguments[0].click()' successfully

2022-06-09 19:04:17 - [MESSAGE][PASSED] - Execute JavaScript 'arguments[0].click()' successfully

2022-06-09 19:04:17 - [TEST_STEP][PASSED] - delay(1): Delayed 1 second(s)

2022-06-09 19:04:18 - [MESSAGE][PASSED] - Delayed 1 second(s)

2022-06-09 19:04:18 - [TEST_STEP][PASSED] - lifecycle_status = getText(findTestObject("1. Constant/xpath", ["xpath":"//*[@id="source_24374"]/td[13]/span[1]"])): Text of object 'Object Repository/1. Constant/xpath' is: 'Plant: Brief completion'

2022-06-09 19:04:18 - [MESSAGE][PASSED] - Text of object 'Object Repository/1. Constant/xpath' is: 'Plant: Brief completion'

2022-06-09 19:04:18 - [TEST_STEP][PASSED] - verifyMatch(lifecycle_status, "Plant: Brief completion", false): Actual text 'Plant: Brief completion' and expected text 'Plant: Brief completion' are matched 

2022-06-09 19:04:18 - [MESSAGE][PASSED] - Actual text 'Plant: Brief completion' and expected text 'Plant: Brief completion' are matched 

2022-06-09 19:04:18 - [TEST_STEP][PASSED] - closeBrowser(): Browser is closed

2022-06-09 19:04:19 - [MESSAGE][PASSED] - Browser is closed

2022-06-09 19:04:19 - [TEST_STEP][PASSED] - Start listener action : sampleAfterTestCase: null]]></system-out>
         <system-err><![CDATA[]]></system-err>
      </testcase>
      <testcase name="Test Cases/12. Tag Sephora Control Tag on Empty Group/12.3 Sephora Empty Group Filtered Gr (Field empty) _ User field _ Question phase" time="193.299" classname="Test Cases/12. Tag Sephora Control Tag on Empty Group/12.3 Sephora Empty Group Filtered Gr (Field empty) _ User field _ Question phase" status="PASSED">
         <system-out><![CDATA[2022-06-09 19:04:20 - [TEST_CASE][PASSED] - Test Cases/12. Tag Sephora Control Tag on Empty Group/12.3 Sephora Empty Group Filtered Gr (Field empty) _ User field _ Question phase: Test Cases/12. Tag Sephora Control Tag on Empty Group/12.3 Sephora Empty Group Filtered Gr (Field empty) _ User field _ Question phase

2022-06-09 19:04:20 - [TEST_STEP][PASSED] - data_Sephora = findTestData("Data Files/Username_Password/Sephora"): null

2022-06-09 19:04:20 - [TEST_STEP][PASSED] - password_atran = data_Sephora.getValue(2, 1): null

2022-06-09 19:04:21 - [TEST_STEP][PASSED] - password_marketing = data_Sephora.getValue(2, 2): null

2022-06-09 19:04:21 - [TEST_STEP][PASSED] - password_regulatory = data_Sephora.getValue(2, 3): null

2022-06-09 19:04:21 - [TEST_STEP][PASSED] - password_studio = data_Sephora.getValue(2, 4): null

2022-06-09 19:04:21 - [TEST_STEP][PASSED] - password_iraz = data_Sephora.getValue(2, 5): null

2022-06-09 19:04:21 - [TEST_STEP][PASSED] - password_cmouzawak = data_Sephora.getValue(2, 6): null

2022-06-09 19:04:21 - [TEST_STEP][PASSED] - password_aalbeaux = data_Sephora.getValue(2, 7): null

2022-06-09 19:04:21 - [TEST_STEP][PASSED] - password_hgarnier = data_Sephora.getValue(2, 8): null

2022-06-09 19:04:21 - [TEST_STEP][PASSED] - password_emartineau = data_Sephora.getValue(2, 9): null

2022-06-09 19:04:21 - [TEST_STEP][PASSED] - data_urlRELAUTO = findTestData("Data Files/URL/URL_relauto"): null

2022-06-09 19:04:21 - [TEST_STEP][PASSED] - Url_Sephora = data_urlRELAUTO.getValue(2, 1): null

2022-06-09 19:04:21 - [TEST_STEP][PASSED] - openBrowser(Url_Sephora): Browser is opened with url: 'http://mdb-release.diadeis.lan/MediaboxIndependence/?MBI_datasource=RELTESTAUTO_SEPHORA'

2022-06-09 19:04:21 - [MESSAGE][INFO] - Starting 'Chrome (headless)' driver

2022-06-09 19:04:21 - [MESSAGE][INFO] - User set preference: ['args', '[--window-size=1920,1080, --headless]']

2022-06-09 19:04:21 - [MESSAGE][INFO] - Action delay is set to 0 milliseconds

2022-06-09 19:04:29 - [MESSAGE][PASSED] - Browser is opened with url: 'http://mdb-release.diadeis.lan/MediaboxIndependence/?MBI_datasource=RELTESTAUTO_SEPHORA'

2022-06-09 19:04:29 - [TEST_STEP][PASSED] - maximizeWindow(): Current window maximized

2022-06-09 19:04:30 - [MESSAGE][PASSED] - Current window maximized

2022-06-09 19:04:30 - [TEST_STEP][PASSED] - takeScreenshot(): Taking screenshot successfully

2022-06-09 19:04:30 - [MESSAGE][PASSED] - Taking screenshot successfully
[[ATTACHMENT|D:\\Projet Test Auto\\Mediabox Test Automation\\Reports\\20220609_181011\\03. Parallel Testing (Testing)\\TS -PT PART 3\\07 Tag Sephora Dreyers _ Empty Group _Lifecycle condition\\20220609_181049\\1654794270168.png]]

2022-06-09 19:04:30 - [TEST_STEP][PASSED] - I.Login_password("emartineau", password_emartineau): Object: 'Object Repository/1. Constant/xpath' is clicked on

2022-06-09 19:04:32 - [MESSAGE][PASSED] - Text 'emartineau' is set on object 'Object Repository/1. Constant/xpath'

2022-06-09 19:04:33 - [MESSAGE][PASSED] - Delayed 1 second(s)

2022-06-09 19:04:34 - [MESSAGE][PASSED] - Text 'dchi3' is set on object 'Object Repository/1. Constant/xpath'

2022-06-09 19:04:35 - [MESSAGE][PASSED] - Delayed 1 second(s)

2022-06-09 19:04:44 - [MESSAGE][PASSED] - Object: 'Object Repository/1. Constant/xpath' is clicked on

2022-06-09 19:04:44 - [TEST_STEP][PASSED] - takeScreenshot(): Taking screenshot successfully

2022-06-09 19:04:45 - [MESSAGE][PASSED] - Taking screenshot successfully
[[ATTACHMENT|D:\\Projet Test Auto\\Mediabox Test Automation\\Reports\\20220609_181011\\03. Parallel Testing (Testing)\\TS -PT PART 3\\07 Tag Sephora Dreyers _ Empty Group _Lifecycle condition\\20220609_181049\\1654794285042.png]]

2022-06-09 19:04:45 - [TEST_STEP][PASSED] - click(findTestObject("1. Constant/02_LHSMenu_Projects")): Object: 'Object Repository/1. Constant/02_LHSMenu_Projects' is clicked on

2022-06-09 19:04:49 - [MESSAGE][PASSED] - Object: 'Object Repository/1. Constant/02_LHSMenu_Projects' is clicked on

2022-06-09 19:04:49 - [TEST_STEP][PASSED] - click(findTestObject("xxx Todelete/3 ProjectListPage_Create_Project_Button")): Object: 'Object Repository/xxx Todelete/3 ProjectListPage_Create_Project_Button' is clicked on

2022-06-09 19:04:51 - [MESSAGE][PASSED] - Object: 'Object Repository/xxx Todelete/3 ProjectListPage_Create_Project_Button' is clicked on

2022-06-09 19:04:51 - [TEST_STEP][PASSED] - takeScreenshot(): Taking screenshot successfully

2022-06-09 19:04:53 - [MESSAGE][PASSED] - Taking screenshot successfully
[[ATTACHMENT|D:\\Projet Test Auto\\Mediabox Test Automation\\Reports\\20220609_181011\\03. Parallel Testing (Testing)\\TS -PT PART 3\\07 Tag Sephora Dreyers _ Empty Group _Lifecycle condition\\20220609_181049\\1654794292366.png]]

2022-06-09 19:04:53 - [TEST_STEP][PASSED] - project_name = "AutoTest_Chrome_EmptyGroup_" + RandomStringUtils.randomAlphanumeric(10) + "_" + I.gettimedate(): null

2022-06-09 19:04:53 - [TEST_STEP][PASSED] - setText(findTestObject("HL Full Lifecycle/4 CreateProjPage_inputProjectname"), project_name): Text 'AutoTest_Chrome_EmptyGroup_08069C7BOE_juin092022_190453' is set on object 'Object Repository/HL Full Lifecycle/4 CreateProjPage_inputProjectname'

2022-06-09 19:04:53 - [MESSAGE][PASSED] - Text 'AutoTest_Chrome_EmptyGroup_08069C7BOE_juin092022_190453' is set on object 'Object Repository/HL Full Lifecycle/4 CreateProjPage_inputProjectname'

2022-06-09 19:04:53 - [TEST_STEP][PASSED] - takeScreenshot(): Taking screenshot successfully

2022-06-09 19:04:54 - [MESSAGE][PASSED] - Taking screenshot successfully
[[ATTACHMENT|D:\\Projet Test Auto\\Mediabox Test Automation\\Reports\\20220609_181011\\03. Parallel Testing (Testing)\\TS -PT PART 3\\07 Tag Sephora Dreyers _ Empty Group _Lifecycle condition\\20220609_181049\\1654794293806.png]]

2022-06-09 19:04:54 - [TEST_STEP][PASSED] - click(findTestObject("HL Full Lifecycle/4 CreateProjPage_Create Project_Bluebutton")): Object: 'Object Repository/HL Full Lifecycle/4 CreateProjPage_Create Project_Bluebutton' is clicked on

2022-06-09 19:04:57 - [MESSAGE][PASSED] - Object: 'Object Repository/HL Full Lifecycle/4 CreateProjPage_Create Project_Bluebutton' is clicked on

2022-06-09 19:04:57 - [TEST_STEP][PASSED] - takeScreenshot(): Taking screenshot successfully

2022-06-09 19:04:58 - [MESSAGE][PASSED] - Taking screenshot successfully
[[ATTACHMENT|D:\\Projet Test Auto\\Mediabox Test Automation\\Reports\\20220609_181011\\03. Parallel Testing (Testing)\\TS -PT PART 3\\07 Tag Sephora Dreyers _ Empty Group _Lifecycle condition\\20220609_181049\\1654794297809.png]]

2022-06-09 19:04:58 - [TEST_STEP][PASSED] - delay(1): Delayed 1 second(s)

2022-06-09 19:04:59 - [MESSAGE][PASSED] - Delayed 1 second(s)

2022-06-09 19:04:59 - [TEST_STEP][PASSED] - click(findTestObject("1. Constant/xpath", ["xpath":"//*[@id="card_phase_group_4294_ModifFiche"]/div[1]/div[2]/a"])): Object: 'Object Repository/1. Constant/xpath' is clicked on

2022-06-09 19:04:59 - [MESSAGE][PASSED] - Object: 'Object Repository/1. Constant/xpath' is clicked on

2022-06-09 19:04:59 - [TEST_STEP][PASSED] - delay(1): Delayed 1 second(s)

2022-06-09 19:05:00 - [MESSAGE][PASSED] - Delayed 1 second(s)

2022-06-09 19:05:00 - [TEST_STEP][PASSED] - verifyElementNotVisible(findTestObject("1. Constant/xpath", ["xpath":"//*[@id="card_phase_group_4294_ModifFiche"]/div[2]"]), OPTIONAL): Object 'Object Repository/1. Constant/xpath' is NOT visible

2022-06-09 19:05:02 - [MESSAGE][PASSED] - Object 'Object Repository/1. Constant/xpath' is NOT visible

2022-06-09 19:05:02 - [TEST_STEP][PASSED] - takeScreenshot(): Taking screenshot successfully

2022-06-09 19:05:02 - [MESSAGE][PASSED] - Taking screenshot successfully
[[ATTACHMENT|D:\\Projet Test Auto\\Mediabox Test Automation\\Reports\\20220609_181011\\03. Parallel Testing (Testing)\\TS -PT PART 3\\07 Tag Sephora Dreyers _ Empty Group _Lifecycle condition\\20220609_181049\\1654794302191.png]]

2022-06-09 19:05:02 - [TEST_STEP][PASSED] - click(findTestObject("1. Constant/xpath", ["xpath":"//*[@id="card_phase_group_4294_ModifFiche"]/div[1]/div[2]/a"])): Object: 'Object Repository/1. Constant/xpath' is clicked on

2022-06-09 19:05:02 - [MESSAGE][PASSED] - Object: 'Object Repository/1. Constant/xpath' is clicked on

2022-06-09 19:05:02 - [TEST_STEP][PASSED] - delay(1): Delayed 1 second(s)

2022-06-09 19:05:03 - [MESSAGE][PASSED] - Delayed 1 second(s)

2022-06-09 19:05:03 - [TEST_STEP][PASSED] - verifyElementVisible(findTestObject("1. Constant/xpath", ["xpath":"//*[@id="card_phase_group_4294_ModifFiche"]/div[2]"]), OPTIONAL): Object 'Object Repository/1. Constant/xpath' is visible

2022-06-09 19:05:03 - [MESSAGE][PASSED] - Object 'Object Repository/1. Constant/xpath' is visible

2022-06-09 19:05:03 - [TEST_STEP][PASSED] - delay(10): Delayed 10 second(s)

2022-06-09 19:05:13 - [MESSAGE][PASSED] - Delayed 10 second(s)

2022-06-09 19:05:13 - [TEST_STEP][PASSED] - takeScreenshot(): Taking screenshot successfully

2022-06-09 19:05:14 - [MESSAGE][PASSED] - Taking screenshot successfully
[[ATTACHMENT|D:\\Projet Test Auto\\Mediabox Test Automation\\Reports\\20220609_181011\\03. Parallel Testing (Testing)\\TS -PT PART 3\\07 Tag Sephora Dreyers _ Empty Group _Lifecycle condition\\20220609_181049\\1654794313952.png]]

2022-06-09 19:05:14 - [TEST_STEP][PASSED] - click(findTestObject("HL Full Lifecycle/5 ModifyProjPage_button_Update")): Object: 'Object Repository/HL Full Lifecycle/5 ModifyProjPage_button_Update' is clicked on

2022-06-09 19:05:17 - [MESSAGE][PASSED] - Object: 'Object Repository/HL Full Lifecycle/5 ModifyProjPage_button_Update' is clicked on

2022-06-09 19:05:17 - [TEST_STEP][PASSED] - Project_No = I.ProjectNo(): Current window's url is: 'http://mdb-release.diadeis.lan/MediaboxIndependence/Base/ExecAction?IDSession=MBI%21RELTESTAUTO_SEPHORA%21CEC8S5GRB5L27RJKB761ARBL3PJCI08L90F7AIB4&default_action=AfficheFichesProjet&id_project=MI001944'

2022-06-09 19:05:22 - [MESSAGE][PASSED] - Delayed 5 second(s)

2022-06-09 19:05:22 - [MESSAGE][PASSED] - Current window's url is: 'http://mdb-release.diadeis.lan/MediaboxIndependence/Base/ExecAction?IDSession=MBI%21RELTESTAUTO_SEPHORA%21CEC8S5GRB5L27RJKB761ARBL3PJCI08L90F7AIB4&default_action=AfficheFichesProjet&id_project=MI001944'

2022-06-09 19:05:22 - [TEST_STEP][PASSED] - click(findTestObject("HL Full Lifecycle/6 ReferenceListPage_createrefbutton")): Object: 'Object Repository/HL Full Lifecycle/6 ReferenceListPage_createrefbutton' is clicked on

2022-06-09 19:05:24 - [MESSAGE][PASSED] - Object: 'Object Repository/HL Full Lifecycle/6 ReferenceListPage_createrefbutton' is clicked on

2022-06-09 19:05:24 - [TEST_STEP][PASSED] - click(findTestObject("HL Full Lifecycle/6 ReferenceListPaga_Create a component_button")): Object: 'Object Repository/HL Full Lifecycle/6 ReferenceListPaga_Create a component_button' is clicked on

2022-06-09 19:05:26 - [MESSAGE][PASSED] - Object: 'Object Repository/HL Full Lifecycle/6 ReferenceListPaga_Create a component_button' is clicked on

2022-06-09 19:05:26 - [TEST_STEP][PASSED] - waitForPageLoad(25): Wait for page load successfully

2022-06-09 19:05:26 - [MESSAGE][PASSED] - Wait for page load successfully

2022-06-09 19:05:26 - [TEST_STEP][PASSED] - selectOptionByValue(findTestObject("HL Full Lifecycle/6 ReferenceList_Choose Lifecycle"), "32", false): All options with value '32' are selected in object 'Object Repository/HL Full Lifecycle/6 ReferenceList_Choose Lifecycle' 

2022-06-09 19:05:28 - [MESSAGE][PASSED] - All options with value '32' are selected in object 'Object Repository/HL Full Lifecycle/6 ReferenceList_Choose Lifecycle' 

2022-06-09 19:05:28 - [TEST_STEP][PASSED] - ref_name = RandomStringUtils.randomAlphanumeric(10) + "_EmptyGroup_" + I.gettimedate(): null

2022-06-09 19:05:28 - [TEST_STEP][PASSED] - setText(findTestObject("HL Full Lifecycle/6 Reference_input_Component name_field"), "Component_" + ref_name): Text 'Component_1AnK8lycQh_EmptyGroup_juin092022_190528' is set on object 'Object Repository/HL Full Lifecycle/6 Reference_input_Component name_field'

2022-06-09 19:05:29 - [MESSAGE][PASSED] - Text 'Component_1AnK8lycQh_EmptyGroup_juin092022_190528' is set on object 'Object Repository/HL Full Lifecycle/6 Reference_input_Component name_field'

2022-06-09 19:05:29 - [TEST_STEP][PASSED] - takeScreenshot(): Taking screenshot successfully

2022-06-09 19:05:30 - [MESSAGE][PASSED] - Taking screenshot successfully
[[ATTACHMENT|D:\\Projet Test Auto\\Mediabox Test Automation\\Reports\\20220609_181011\\03. Parallel Testing (Testing)\\TS -PT PART 3\\07 Tag Sephora Dreyers _ Empty Group _Lifecycle condition\\20220609_181049\\1654794329981.png]]

2022-06-09 19:05:30 - [TEST_STEP][PASSED] - click(findTestObject("HL Full Lifecycle/6 ReferencePg_Create a component_bluebutton")): Object: 'Object Repository/HL Full Lifecycle/6 ReferencePg_Create a component_bluebutton' is clicked on

2022-06-09 19:05:33 - [MESSAGE][PASSED] - Object: 'Object Repository/HL Full Lifecycle/6 ReferencePg_Create a component_bluebutton' is clicked on

2022-06-09 19:05:33 - [TEST_STEP][PASSED] - refID = I.RefID(): Current window's url is: 'http://mdb-release.diadeis.lan/MediaboxIndependence/Base/ExecAction?IDSession=MBI%21RELTESTAUTO_SEPHORA%21CEC8S5GRB5L27RJKB761ARBL3PJCI08L90F7AIB4&default_action=ModifierRef&id_project=MI001944&id_ref=4992&action_from=create_ref'

2022-06-09 19:05:38 - [MESSAGE][PASSED] - Delayed 5 second(s)

2022-06-09 19:05:38 - [MESSAGE][PASSED] - Current window's url is: 'http://mdb-release.diadeis.lan/MediaboxIndependence/Base/ExecAction?IDSession=MBI%21RELTESTAUTO_SEPHORA%21CEC8S5GRB5L27RJKB761ARBL3PJCI08L90F7AIB4&default_action=ModifierRef&id_project=MI001944&id_ref=4992&action_from=create_ref'

2022-06-09 19:05:38 - [TEST_STEP][PASSED] - takeScreenshot(): Taking screenshot successfully

2022-06-09 19:05:39 - [MESSAGE][PASSED] - Taking screenshot successfully
[[ATTACHMENT|D:\\Projet Test Auto\\Mediabox Test Automation\\Reports\\20220609_181011\\03. Parallel Testing (Testing)\\TS -PT PART 3\\07 Tag Sephora Dreyers _ Empty Group _Lifecycle condition\\20220609_181049\\1654794338963.png]]

2022-06-09 19:05:39 - [TEST_STEP][PASSED] - delay(1): Delayed 1 second(s)

2022-06-09 19:05:40 - [MESSAGE][PASSED] - Delayed 1 second(s)

2022-06-09 19:05:40 - [TEST_STEP][PASSED] - click(findTestObject("1. Constant/xpath", ["xpath":"//*[@id="card_phase_group_7196_ModifFiche"]/div[1]/div[2]/a"])): Object: 'Object Repository/1. Constant/xpath' is clicked on

2022-06-09 19:05:41 - [MESSAGE][PASSED] - Object: 'Object Repository/1. Constant/xpath' is clicked on

2022-06-09 19:05:41 - [TEST_STEP][PASSED] - delay(1): Delayed 1 second(s)

2022-06-09 19:05:42 - [MESSAGE][PASSED] - Delayed 1 second(s)

2022-06-09 19:05:42 - [TEST_STEP][PASSED] - verifyElementNotVisible(findTestObject("1. Constant/xpath", ["xpath":"//*[@id="card_phase_group_7196_ModifFiche"]/div[2]"]), OPTIONAL): Object 'Object Repository/1. Constant/xpath' is NOT visible

2022-06-09 19:05:42 - [MESSAGE][PASSED] - Object 'Object Repository/1. Constant/xpath' is NOT visible

2022-06-09 19:05:42 - [TEST_STEP][PASSED] - takeScreenshot(): Taking screenshot successfully

2022-06-09 19:05:42 - [MESSAGE][PASSED] - Taking screenshot successfully
[[ATTACHMENT|D:\\Projet Test Auto\\Mediabox Test Automation\\Reports\\20220609_181011\\03. Parallel Testing (Testing)\\TS -PT PART 3\\07 Tag Sephora Dreyers _ Empty Group _Lifecycle condition\\20220609_181049\\1654794342360.png]]

2022-06-09 19:05:42 - [TEST_STEP][PASSED] - click(findTestObject("1. Constant/xpath", ["xpath":"//*[@id="card_phase_group_7196_ModifFiche"]/div[1]/div[2]/a"])): Object: 'Object Repository/1. Constant/xpath' is clicked on

2022-06-09 19:05:43 - [MESSAGE][PASSED] - Object: 'Object Repository/1. Constant/xpath' is clicked on

2022-06-09 19:05:43 - [TEST_STEP][PASSED] - delay(1): Delayed 1 second(s)

2022-06-09 19:05:44 - [MESSAGE][PASSED] - Delayed 1 second(s)

2022-06-09 19:05:44 - [TEST_STEP][PASSED] - verifyElementVisible(findTestObject("1. Constant/xpath", ["xpath":"//*[@id="card_phase_group_7196_ModifFiche"]/div[2]"]), OPTIONAL): Object 'Object Repository/1. Constant/xpath' is visible

2022-06-09 19:05:44 - [MESSAGE][PASSED] - Object 'Object Repository/1. Constant/xpath' is visible

2022-06-09 19:05:44 - [TEST_STEP][PASSED] - delay(1): Delayed 1 second(s)

2022-06-09 19:05:45 - [MESSAGE][PASSED] - Delayed 1 second(s)

2022-06-09 19:05:45 - [TEST_STEP][PASSED] - takeScreenshot(): Taking screenshot successfully

2022-06-09 19:05:45 - [MESSAGE][PASSED] - Taking screenshot successfully
[[ATTACHMENT|D:\\Projet Test Auto\\Mediabox Test Automation\\Reports\\20220609_181011\\03. Parallel Testing (Testing)\\TS -PT PART 3\\07 Tag Sephora Dreyers _ Empty Group _Lifecycle condition\\20220609_181049\\1654794345316.png]]

2022-06-09 19:05:45 - [TEST_STEP][PASSED] - click(findTestObject("HL Full Lifecycle/7 ModifyRefPage_button_Save")): Object: 'Object Repository/HL Full Lifecycle/7 ModifyRefPage_button_Save' is clicked on

2022-06-09 19:05:48 - [MESSAGE][PASSED] - Object: 'Object Repository/HL Full Lifecycle/7 ModifyRefPage_button_Save' is clicked on

2022-06-09 19:05:48 - [TEST_STEP][PASSED] - delay(3): Delayed 3 second(s)

2022-06-09 19:05:51 - [MESSAGE][PASSED] - Delayed 3 second(s)

2022-06-09 19:05:51 - [TEST_STEP][PASSED] - click(findTestObject("HL Full Lifecycle/8 ReferencePage_ActionButton", ["refID":"source_" + refID])): Object: 'Object Repository/HL Full Lifecycle/8 ReferencePage_ActionButton' is clicked on

2022-06-09 19:05:53 - [MESSAGE][PASSED] - Object: 'Object Repository/HL Full Lifecycle/8 ReferencePage_ActionButton' is clicked on

2022-06-09 19:05:53 - [TEST_STEP][PASSED] - click(findTestObject("Object Repository/TAG/id_ModifFiche_div3_div_button2")): Object: 'Object Repository/TAG/id_ModifFiche_div3_div_button2' is clicked on

2022-06-09 19:05:56 - [MESSAGE][PASSED] - Object: 'Object Repository/TAG/id_ModifFiche_div3_div_button2' is clicked on

2022-06-09 19:05:56 - [TEST_STEP][PASSED] - takeScreenshot(): Taking screenshot successfully

2022-06-09 19:05:56 - [MESSAGE][PASSED] - Taking screenshot successfully
[[ATTACHMENT|D:\\Projet Test Auto\\Mediabox Test Automation\\Reports\\20220609_181011\\03. Parallel Testing (Testing)\\TS -PT PART 3\\07 Tag Sephora Dreyers _ Empty Group _Lifecycle condition\\20220609_181049\\1654794356251.png]]

2022-06-09 19:05:56 - [TEST_STEP][PASSED] - Actual_Error_msg1 = getText(findTestObject("1. Constant/xpath", ["xpath":"//*[@id="cardctrlphase"]/div[2]"])): Text of object 'Object Repository/1. Constant/xpath' is: 'Studio (Project)
This group has no related user
Modify this project'

2022-06-09 19:05:56 - [MESSAGE][PASSED] - Text of object 'Object Repository/1. Constant/xpath' is: 'Studio (Project)
This group has no related user
Modify this project'

2022-06-09 19:05:56 - [TEST_STEP][PASSED] - I.print(Actual_Error_msg1): null

2022-06-09 19:05:56 - [TEST_STEP][PASSED] - Expected_Error_msg1 = "Studio (Project)" + "
" + "This group has no related user" + "
" + "Modify this project": null

2022-06-09 19:05:56 - [TEST_STEP][PASSED] - verifyMatch(Actual_Error_msg1, Expected_Error_msg1, false): Actual text 'Studio (Project)
This group has no related user
Modify this project' and expected text 'Studio (Project)
This group has no related user
Modify this project' are matched 

2022-06-09 19:05:56 - [MESSAGE][PASSED] - Actual text 'Studio (Project)
This group has no related user
Modify this project' and expected text 'Studio (Project)
This group has no related user
Modify this project' are matched 

2022-06-09 19:05:56 - [TEST_STEP][PASSED] - click(findTestObject("1. Constant/xpath", ["xpath":"//*[@id="cardctrlphase"]/div[2]/div[2]/div/a"])): Object: 'Object Repository/1. Constant/xpath' is clicked on

2022-06-09 19:05:59 - [MESSAGE][PASSED] - Object: 'Object Repository/1. Constant/xpath' is clicked on

2022-06-09 19:05:59 - [TEST_STEP][PASSED] - takeScreenshot(): Taking screenshot successfully

2022-06-09 19:05:59 - [MESSAGE][PASSED] - Taking screenshot successfully
[[ATTACHMENT|D:\\Projet Test Auto\\Mediabox Test Automation\\Reports\\20220609_181011\\03. Parallel Testing (Testing)\\TS -PT PART 3\\07 Tag Sephora Dreyers _ Empty Group _Lifecycle condition\\20220609_181049\\1654794359397.png]]

2022-06-09 19:05:59 - [TEST_STEP][PASSED] - delay(1): Delayed 1 second(s)

2022-06-09 19:06:00 - [MESSAGE][PASSED] - Delayed 1 second(s)

2022-06-09 19:06:00 - [TEST_STEP][PASSED] - I.select_multiplelist("//*[@id="selSource_24"]", "//*[@id="btnAdd_24"]", "studio"): Delayed 1 second(s)

2022-06-09 19:06:01 - [MESSAGE][PASSED] - Delayed 1 second(s)

2022-06-09 19:06:01 - [MESSAGE][PASSED] - All options with value 'studio' are selected in object 'Object Repository/1. Constant/xpath' 

2022-06-09 19:06:03 - [MESSAGE][PASSED] - Delayed 2 second(s)

2022-06-09 19:06:04 - [MESSAGE][PASSED] - Object: 'Object Repository/1. Constant/xpath' is clicked on

2022-06-09 19:06:05 - [MESSAGE][PASSED] - Delayed 1 second(s)

2022-06-09 19:06:05 - [TEST_STEP][PASSED] - I.click_button_javascript(findTestObject("1. Constant/xpath", ["xpath":"//*[@id="ModifFiche"]/div[3]/div/button"])): Execute JavaScript 'arguments[0].click()' successfully

2022-06-09 19:06:07 - [MESSAGE][PASSED] - Execute JavaScript 'arguments[0].click()' successfully

2022-06-09 19:06:07 - [TEST_STEP][PASSED] - takeScreenshot(): Taking screenshot successfully

2022-06-09 19:06:07 - [MESSAGE][PASSED] - Taking screenshot successfully
[[ATTACHMENT|D:\\Projet Test Auto\\Mediabox Test Automation\\Reports\\20220609_181011\\03. Parallel Testing (Testing)\\TS -PT PART 3\\07 Tag Sephora Dreyers _ Empty Group _Lifecycle condition\\20220609_181049\\1654794367498.png]]

2022-06-09 19:06:07 - [TEST_STEP][PASSED] - click(findTestObject("HL Full Lifecycle/8 ReferencePage_ActionButton", ["refID":"source_" + refID])): Object: 'Object Repository/HL Full Lifecycle/8 ReferencePage_ActionButton' is clicked on

2022-06-09 19:06:10 - [MESSAGE][PASSED] - Object: 'Object Repository/HL Full Lifecycle/8 ReferencePage_ActionButton' is clicked on

2022-06-09 19:06:10 - [TEST_STEP][PASSED] - click(findTestObject("Object Repository/TAG/id_ModifFiche_div3_div_button2")): Object: 'Object Repository/TAG/id_ModifFiche_div3_div_button2' is clicked on

2022-06-09 19:06:14 - [MESSAGE][PASSED] - Object: 'Object Repository/TAG/id_ModifFiche_div3_div_button2' is clicked on

2022-06-09 19:06:14 - [TEST_STEP][PASSED] - Actual_status1 = getText(findTestObject("Object Repository/TAG/id_refid_td5_span1", ["refID":"source_" + refID])): Text of object 'Object Repository/TAG/id_refid_td5_span1' is: 'Phase 1.2'

2022-06-09 19:06:14 - [MESSAGE][PASSED] - Text of object 'Object Repository/TAG/id_refid_td5_span1' is: 'Phase 1.2'

2022-06-09 19:06:14 - [TEST_STEP][PASSED] - verifyMatch(Actual_status1, "Phase 1.2", false): Actual text 'Phase 1.2' and expected text 'Phase 1.2' are matched 

2022-06-09 19:06:14 - [MESSAGE][PASSED] - Actual text 'Phase 1.2' and expected text 'Phase 1.2' are matched 

2022-06-09 19:06:14 - [TEST_STEP][PASSED] - click(findTestObject("HL Full Lifecycle/8 ReferencePage_ActionButton", ["refID":"source_" + refID])): Object: 'Object Repository/HL Full Lifecycle/8 ReferencePage_ActionButton' is clicked on

2022-06-09 19:06:16 - [MESSAGE][PASSED] - Object: 'Object Repository/HL Full Lifecycle/8 ReferencePage_ActionButton' is clicked on

2022-06-09 19:06:16 - [TEST_STEP][PASSED] - takeScreenshot(): Taking screenshot successfully

2022-06-09 19:06:16 - [MESSAGE][PASSED] - Taking screenshot successfully
[[ATTACHMENT|D:\\Projet Test Auto\\Mediabox Test Automation\\Reports\\20220609_181011\\03. Parallel Testing (Testing)\\TS -PT PART 3\\07 Tag Sephora Dreyers _ Empty Group _Lifecycle condition\\20220609_181049\\1654794376076.png]]

2022-06-09 19:06:16 - [TEST_STEP][PASSED] - click(findTestObject("Object Repository/TAG/id_ModifFiche_div3_div_button2")): Object: 'Object Repository/TAG/id_ModifFiche_div3_div_button2' is clicked on

2022-06-09 19:06:18 - [MESSAGE][PASSED] - Object: 'Object Repository/TAG/id_ModifFiche_div3_div_button2' is clicked on

2022-06-09 19:06:18 - [TEST_STEP][PASSED] - takeScreenshot(): Taking screenshot successfully

2022-06-09 19:06:19 - [MESSAGE][PASSED] - Taking screenshot successfully
[[ATTACHMENT|D:\\Projet Test Auto\\Mediabox Test Automation\\Reports\\20220609_181011\\03. Parallel Testing (Testing)\\TS -PT PART 3\\07 Tag Sephora Dreyers _ Empty Group _Lifecycle condition\\20220609_181049\\1654794379007.png]]

2022-06-09 19:06:19 - [TEST_STEP][PASSED] - Actual_Error_msg2 = getText(findTestObject("1. Constant/xpath", ["xpath":"//*[@id="cardctrlphase"]/div[2]"])): Text of object 'Object Repository/1. Constant/xpath' is: 'Printer_FG
Potential problem with these fields:
Printer (Component)
Modify this component brief'

2022-06-09 19:06:19 - [MESSAGE][PASSED] - Text of object 'Object Repository/1. Constant/xpath' is: 'Printer_FG
Potential problem with these fields:
Printer (Component)
Modify this component brief'

2022-06-09 19:06:19 - [TEST_STEP][PASSED] - I.print(Actual_Error_msg2): null

2022-06-09 19:06:19 - [TEST_STEP][PASSED] - Expected_Error_msg2 = "Printer_FG" + "
" + "Potential problem with these fields:" + "
" + "Printer (Component)" + "
" + "Modify this component brief": null

2022-06-09 19:06:19 - [TEST_STEP][PASSED] - verifyMatch(Actual_Error_msg2, Expected_Error_msg2, false): Actual text 'Printer_FG
Potential problem with these fields:
Printer (Component)
Modify this component brief' and expected text 'Printer_FG
Potential problem with these fields:
Printer (Component)
Modify this component brief' are matched 

2022-06-09 19:06:19 - [MESSAGE][PASSED] - Actual text 'Printer_FG
Potential problem with these fields:
Printer (Component)
Modify this component brief' and expected text 'Printer_FG
Potential problem with these fields:
Printer (Component)
Modify this component brief' are matched 

2022-06-09 19:06:19 - [TEST_STEP][PASSED] - click(findTestObject("1. Constant/xpath", ["xpath":"//*[@id="cardctrlphase"]/div[2]/div[3]/div/a"])): Object: 'Object Repository/1. Constant/xpath' is clicked on

2022-06-09 19:06:20 - [MESSAGE][PASSED] - Object: 'Object Repository/1. Constant/xpath' is clicked on

2022-06-09 19:06:20 - [TEST_STEP][PASSED] - takeScreenshot(): Taking screenshot successfully

2022-06-09 19:06:21 - [MESSAGE][PASSED] - Taking screenshot successfully
[[ATTACHMENT|D:\\Projet Test Auto\\Mediabox Test Automation\\Reports\\20220609_181011\\03. Parallel Testing (Testing)\\TS -PT PART 3\\07 Tag Sephora Dreyers _ Empty Group _Lifecycle condition\\20220609_181049\\1654794380730.png]]

2022-06-09 19:06:21 - [TEST_STEP][PASSED] - delay(1): Delayed 1 second(s)

2022-06-09 19:06:22 - [MESSAGE][PASSED] - Delayed 1 second(s)

2022-06-09 19:06:22 - [TEST_STEP][PASSED] - selectOptionByValue(findTestObject("1. Constant/xpath", ["xpath":"//*[@id="var_18"]"]), "180", false): All options with value '180' are selected in object 'Object Repository/1. Constant/xpath' 

2022-06-09 19:06:22 - [MESSAGE][PASSED] - All options with value '180' are selected in object 'Object Repository/1. Constant/xpath' 

2022-06-09 19:06:22 - [TEST_STEP][PASSED] - click(findTestObject("1. Constant/xpath", ["xpath":"//*[@id="type_save"]"])): Object: 'Object Repository/1. Constant/xpath' is clicked on

2022-06-09 19:06:24 - [MESSAGE][PASSED] - Object: 'Object Repository/1. Constant/xpath' is clicked on

2022-06-09 19:06:24 - [TEST_STEP][PASSED] - click(findTestObject("HL Full Lifecycle/8 ReferencePage_ActionButton", ["refID":"source_" + refID])): Object: 'Object Repository/HL Full Lifecycle/8 ReferencePage_ActionButton' is clicked on

2022-06-09 19:06:26 - [MESSAGE][PASSED] - Object: 'Object Repository/HL Full Lifecycle/8 ReferencePage_ActionButton' is clicked on

2022-06-09 19:06:26 - [TEST_STEP][PASSED] - click(findTestObject("Object Repository/TAG/id_ModifFiche_div3_div_button2")): Object: 'Object Repository/TAG/id_ModifFiche_div3_div_button2' is clicked on

2022-06-09 19:06:31 - [MESSAGE][PASSED] - Object: 'Object Repository/TAG/id_ModifFiche_div3_div_button2' is clicked on

2022-06-09 19:06:31 - [TEST_STEP][PASSED] - takeScreenshot(): Taking screenshot successfully

2022-06-09 19:06:32 - [MESSAGE][PASSED] - Taking screenshot successfully
[[ATTACHMENT|D:\\Projet Test Auto\\Mediabox Test Automation\\Reports\\20220609_181011\\03. Parallel Testing (Testing)\\TS -PT PART 3\\07 Tag Sephora Dreyers _ Empty Group _Lifecycle condition\\20220609_181049\\1654794391828.png]]

2022-06-09 19:06:32 - [TEST_STEP][PASSED] - Actual_status2 = getText(findTestObject("Object Repository/TAG/id_refid_td5_span1", ["refID":"source_" + refID])): Text of object 'Object Repository/TAG/id_refid_td5_span1' is: 'Phase 2.1'

2022-06-09 19:06:32 - [MESSAGE][PASSED] - Text of object 'Object Repository/TAG/id_refid_td5_span1' is: 'Phase 2.1'

2022-06-09 19:06:32 - [TEST_STEP][PASSED] - verifyMatch(Actual_status2, "Phase 2.1", false): Actual text 'Phase 2.1' and expected text 'Phase 2.1' are matched 

2022-06-09 19:06:32 - [MESSAGE][PASSED] - Actual text 'Phase 2.1' and expected text 'Phase 2.1' are matched 

2022-06-09 19:06:32 - [TEST_STEP][PASSED] - takeScreenshot(): Taking screenshot successfully

2022-06-09 19:06:32 - [MESSAGE][PASSED] - Taking screenshot successfully
[[ATTACHMENT|D:\\Projet Test Auto\\Mediabox Test Automation\\Reports\\20220609_181011\\03. Parallel Testing (Testing)\\TS -PT PART 3\\07 Tag Sephora Dreyers _ Empty Group _Lifecycle condition\\20220609_181049\\1654794392491.png]]

2022-06-09 19:06:32 - [TEST_STEP][PASSED] - I.submitquesiton_ref(findTestObject("Object Repository/TAG/id_refid_td7_div_1", ["refID":"source_" + refID]), findTestObject("Object Repository/TAG/id_refid_td7_div1_div_a1", ["refID":"source_" + refID])): Object: 'Object Repository/TAG/id_refid_td7_div1_div_a1' is clicked on

2022-06-09 19:06:33 - [MESSAGE][PASSED] - Object: 'Object Repository/TAG/id_refid_td7_div_1' is clicked on

2022-06-09 19:06:36 - [MESSAGE][PASSED] - Delayed 3 second(s)

2022-06-09 19:06:37 - [MESSAGE][PASSED] - Object: 'Object Repository/TAG/id_refid_td7_div1_div_a1' is clicked on

2022-06-09 19:06:37 - [TEST_STEP][PASSED] - takeScreenshot(): Taking screenshot successfully

2022-06-09 19:06:38 - [MESSAGE][PASSED] - Taking screenshot successfully
[[ATTACHMENT|D:\\Projet Test Auto\\Mediabox Test Automation\\Reports\\20220609_181011\\03. Parallel Testing (Testing)\\TS -PT PART 3\\07 Tag Sephora Dreyers _ Empty Group _Lifecycle condition\\20220609_181049\\1654794397955.png]]

2022-06-09 19:06:38 - [TEST_STEP][PASSED] - selectOptionByValue(findTestObject("1. Constant/xpath", ["xpath":"//*[@id="var_133"]"]), "268", false): All options with value '268' are selected in object 'Object Repository/1. Constant/xpath' 

2022-06-09 19:06:39 - [MESSAGE][PASSED] - All options with value '268' are selected in object 'Object Repository/1. Constant/xpath' 

2022-06-09 19:06:39 - [TEST_STEP][PASSED] - click(findTestObject("Object Repository/TAG/id_ModifFiche_div3_div_button2")): Object: 'Object Repository/TAG/id_ModifFiche_div3_div_button2' is clicked on

2022-06-09 19:06:42 - [MESSAGE][PASSED] - Object: 'Object Repository/TAG/id_ModifFiche_div3_div_button2' is clicked on

2022-06-09 19:06:42 - [TEST_STEP][PASSED] - takeScreenshot(): Taking screenshot successfully

2022-06-09 19:06:42 - [MESSAGE][PASSED] - Taking screenshot successfully
[[ATTACHMENT|D:\\Projet Test Auto\\Mediabox Test Automation\\Reports\\20220609_181011\\03. Parallel Testing (Testing)\\TS -PT PART 3\\07 Tag Sephora Dreyers _ Empty Group _Lifecycle condition\\20220609_181049\\1654794402200.png]]

2022-06-09 19:06:42 - [TEST_STEP][PASSED] - Actual_Error_msg3 = getText(findTestObject("1. Constant/xpath", ["xpath":"//*[@id="cardctrlphase"]/div[2]"])): Text of object 'Object Repository/1. Constant/xpath' is: 'Studio (Project)
Potential problem with these fields:
External agency (Component)
ANAIS LEFEVRE
Modify this component brief'

2022-06-09 19:06:42 - [MESSAGE][PASSED] - Text of object 'Object Repository/1. Constant/xpath' is: 'Studio (Project)
Potential problem with these fields:
External agency (Component)
ANAIS LEFEVRE
Modify this component brief'

2022-06-09 19:06:42 - [TEST_STEP][PASSED] - I.print(Actual_Error_msg3): null

2022-06-09 19:06:42 - [TEST_STEP][PASSED] - Expected_Error_msg3 = "Studio (Project)" + "
" + "Potential problem with these fields:" + "
" + "External agency (Component)" + "
" + "ANAIS LEFEVRE" + "
" + "Modify this component brief": null

2022-06-09 19:06:42 - [TEST_STEP][PASSED] - verifyMatch(Actual_Error_msg3, Expected_Error_msg3, false): Actual text 'Studio (Project)
Potential problem with these fields:
External agency (Component)
ANAIS LEFEVRE
Modify this component brief' and expected text 'Studio (Project)
Potential problem with these fields:
External agency (Component)
ANAIS LEFEVRE
Modify this component brief' are matched 

2022-06-09 19:06:42 - [MESSAGE][PASSED] - Actual text 'Studio (Project)
Potential problem with these fields:
External agency (Component)
ANAIS LEFEVRE
Modify this component brief' and expected text 'Studio (Project)
Potential problem with these fields:
External agency (Component)
ANAIS LEFEVRE
Modify this component brief' are matched 

2022-06-09 19:06:42 - [TEST_STEP][PASSED] - click(findTestObject("1. Constant/xpath", ["xpath":"//*[@id="cardctrlphase"]/div[2]/div[3]/div/a"])): Object: 'Object Repository/1. Constant/xpath' is clicked on

2022-06-09 19:06:44 - [MESSAGE][PASSED] - Object: 'Object Repository/1. Constant/xpath' is clicked on

2022-06-09 19:06:44 - [TEST_STEP][PASSED] - takeScreenshot(): Taking screenshot successfully

2022-06-09 19:06:44 - [MESSAGE][PASSED] - Taking screenshot successfully
[[ATTACHMENT|D:\\Projet Test Auto\\Mediabox Test Automation\\Reports\\20220609_181011\\03. Parallel Testing (Testing)\\TS -PT PART 3\\07 Tag Sephora Dreyers _ Empty Group _Lifecycle condition\\20220609_181049\\1654794404030.png]]

2022-06-09 19:06:44 - [TEST_STEP][PASSED] - delay(1): Delayed 1 second(s)

2022-06-09 19:06:45 - [MESSAGE][PASSED] - Delayed 1 second(s)

2022-06-09 19:06:45 - [TEST_STEP][PASSED] - click(findTestObject("1. Constant/xpath", ["xpath":"//*[@id="type_save"]"])): Object: 'Object Repository/1. Constant/xpath' is clicked on

2022-06-09 19:06:49 - [MESSAGE][PASSED] - Object: 'Object Repository/1. Constant/xpath' is clicked on

2022-06-09 19:06:49 - [TEST_STEP][PASSED] - I.submitquesiton_ref(findTestObject("Object Repository/TAG/id_refid_td7_div_1", ["refID":"source_" + refID]), findTestObject("Object Repository/TAG/id_refid_td7_div1_div_a2", ["refID":"source_" + refID])): Object: 'Object Repository/TAG/id_refid_td7_div1_div_a2' is clicked on

2022-06-09 19:06:49 - [MESSAGE][PASSED] - Object: 'Object Repository/TAG/id_refid_td7_div_1' is clicked on

2022-06-09 19:06:52 - [MESSAGE][PASSED] - Delayed 3 second(s)

2022-06-09 19:06:54 - [MESSAGE][PASSED] - Object: 'Object Repository/TAG/id_refid_td7_div1_div_a2' is clicked on

2022-06-09 19:06:54 - [TEST_STEP][PASSED] - click(findTestObject("Object Repository/TAG/id_ModifFiche_div3_div_button2")): Object: 'Object Repository/TAG/id_ModifFiche_div3_div_button2' is clicked on

2022-06-09 19:06:56 - [MESSAGE][PASSED] - Object: 'Object Repository/TAG/id_ModifFiche_div3_div_button2' is clicked on

2022-06-09 19:06:56 - [TEST_STEP][PASSED] - takeScreenshot(): Taking screenshot successfully

2022-06-09 19:06:57 - [MESSAGE][PASSED] - Taking screenshot successfully
[[ATTACHMENT|D:\\Projet Test Auto\\Mediabox Test Automation\\Reports\\20220609_181011\\03. Parallel Testing (Testing)\\TS -PT PART 3\\07 Tag Sephora Dreyers _ Empty Group _Lifecycle condition\\20220609_181049\\1654794416799.png]]

2022-06-09 19:06:57 - [TEST_STEP][PASSED] - Actual_Error_msg4 = getText(findTestObject("1. Constant/xpath", ["xpath":"//*[@id="cardctrlphase"]/div[2]"])): Text of object 'Object Repository/1. Constant/xpath' is: 'Studio (Project)
Potential problem with these fields:
External agency (Component)
ANAIS LEFEVRE
Modify this component brief'

2022-06-09 19:06:57 - [MESSAGE][PASSED] - Text of object 'Object Repository/1. Constant/xpath' is: 'Studio (Project)
Potential problem with these fields:
External agency (Component)
ANAIS LEFEVRE
Modify this component brief'

2022-06-09 19:06:57 - [TEST_STEP][PASSED] - I.print(Actual_Error_msg4): null

2022-06-09 19:06:57 - [TEST_STEP][PASSED] - Expected_Error_msg4 = "Studio (Project)" + "
" + "Potential problem with these fields:" + "
" + "External agency (Component)" + "
" + "ANAIS LEFEVRE" + "
" + "Modify this component brief": null

2022-06-09 19:06:57 - [TEST_STEP][PASSED] - verifyMatch(Actual_Error_msg4, Expected_Error_msg4, false): Actual text 'Studio (Project)
Potential problem with these fields:
External agency (Component)
ANAIS LEFEVRE
Modify this component brief' and expected text 'Studio (Project)
Potential problem with these fields:
External agency (Component)
ANAIS LEFEVRE
Modify this component brief' are matched 

2022-06-09 19:06:57 - [MESSAGE][PASSED] - Actual text 'Studio (Project)
Potential problem with these fields:
External agency (Component)
ANAIS LEFEVRE
Modify this component brief' and expected text 'Studio (Project)
Potential problem with these fields:
External agency (Component)
ANAIS LEFEVRE
Modify this component brief' are matched 

2022-06-09 19:06:57 - [TEST_STEP][PASSED] - click(findTestObject("1. Constant/xpath", ["xpath":"//*[@id="cardctrlphase"]/div[2]/div[3]/div/a"])): Object: 'Object Repository/1. Constant/xpath' is clicked on

2022-06-09 19:06:58 - [MESSAGE][PASSED] - Object: 'Object Repository/1. Constant/xpath' is clicked on

2022-06-09 19:06:58 - [TEST_STEP][PASSED] - takeScreenshot(): Taking screenshot successfully

2022-06-09 19:06:58 - [MESSAGE][PASSED] - Taking screenshot successfully
[[ATTACHMENT|D:\\Projet Test Auto\\Mediabox Test Automation\\Reports\\20220609_181011\\03. Parallel Testing (Testing)\\TS -PT PART 3\\07 Tag Sephora Dreyers _ Empty Group _Lifecycle condition\\20220609_181049\\1654794418244.png]]

2022-06-09 19:06:58 - [TEST_STEP][PASSED] - delay(1): Delayed 1 second(s)

2022-06-09 19:06:59 - [MESSAGE][PASSED] - Delayed 1 second(s)

2022-06-09 19:06:59 - [TEST_STEP][PASSED] - selectOptionByValue(findTestObject("1. Constant/xpath", ["xpath":"//*[@id="var_133"]"]), "253", false): All options with value '253' are selected in object 'Object Repository/1. Constant/xpath' 

2022-06-09 19:06:59 - [MESSAGE][PASSED] - All options with value '253' are selected in object 'Object Repository/1. Constant/xpath' 

2022-06-09 19:06:59 - [TEST_STEP][PASSED] - click(findTestObject("1. Constant/xpath", ["xpath":"//*[@id="type_save"]"])): Object: 'Object Repository/1. Constant/xpath' is clicked on

2022-06-09 19:07:02 - [MESSAGE][PASSED] - Object: 'Object Repository/1. Constant/xpath' is clicked on

2022-06-09 19:07:02 - [TEST_STEP][PASSED] - I.submitquesiton_ref(findTestObject("Object Repository/TAG/id_refid_td7_div_1", ["refID":"source_" + refID]), findTestObject("Object Repository/TAG/id_refid_td7_div1_div_a2", ["refID":"source_" + refID])): Object: 'Object Repository/TAG/id_refid_td7_div1_div_a2' is clicked on

2022-06-09 19:07:03 - [MESSAGE][PASSED] - Object: 'Object Repository/TAG/id_refid_td7_div_1' is clicked on

2022-06-09 19:07:06 - [MESSAGE][PASSED] - Delayed 3 second(s)

2022-06-09 19:07:07 - [MESSAGE][PASSED] - Object: 'Object Repository/TAG/id_refid_td7_div1_div_a2' is clicked on

2022-06-09 19:07:07 - [TEST_STEP][PASSED] - click(findTestObject("Object Repository/TAG/id_ModifFiche_div3_div_button2")): Object: 'Object Repository/TAG/id_ModifFiche_div3_div_button2' is clicked on

2022-06-09 19:07:13 - [MESSAGE][PASSED] - Object: 'Object Repository/TAG/id_ModifFiche_div3_div_button2' is clicked on

2022-06-09 19:07:13 - [TEST_STEP][PASSED] - takeScreenshot(): Taking screenshot successfully

2022-06-09 19:07:14 - [MESSAGE][PASSED] - Taking screenshot successfully
[[ATTACHMENT|D:\\Projet Test Auto\\Mediabox Test Automation\\Reports\\20220609_181011\\03. Parallel Testing (Testing)\\TS -PT PART 3\\07 Tag Sephora Dreyers _ Empty Group _Lifecycle condition\\20220609_181049\\1654794433903.png]]

2022-06-09 19:07:14 - [TEST_STEP][PASSED] - Actual_status3 = getText(findTestObject("Object Repository/TAG/id_refid_td5_span1", ["refID":"source_" + refID])): Text of object 'Object Repository/TAG/id_refid_td5_span1' is: 'Phase 1.2'

2022-06-09 19:07:14 - [MESSAGE][PASSED] - Text of object 'Object Repository/TAG/id_refid_td5_span1' is: 'Phase 1.2'

2022-06-09 19:07:14 - [TEST_STEP][PASSED] - verifyMatch(Actual_status3, "Phase 1.2", false): Actual text 'Phase 1.2' and expected text 'Phase 1.2' are matched 

2022-06-09 19:07:14 - [MESSAGE][PASSED] - Actual text 'Phase 1.2' and expected text 'Phase 1.2' are matched 

2022-06-09 19:07:14 - [TEST_STEP][PASSED] - click(findTestObject("HL Full Lifecycle/8 ReferencePage_ActionButton", ["refID":"source_" + refID])): Object: 'Object Repository/HL Full Lifecycle/8 ReferencePage_ActionButton' is clicked on

2022-06-09 19:07:16 - [MESSAGE][PASSED] - Object: 'Object Repository/HL Full Lifecycle/8 ReferencePage_ActionButton' is clicked on

2022-06-09 19:07:16 - [TEST_STEP][PASSED] - click(findTestObject("Object Repository/TAG/id_ModifFiche_div3_div_button2")): Object: 'Object Repository/TAG/id_ModifFiche_div3_div_button2' is clicked on

2022-06-09 19:07:20 - [MESSAGE][PASSED] - Object: 'Object Repository/TAG/id_ModifFiche_div3_div_button2' is clicked on

2022-06-09 19:07:20 - [TEST_STEP][PASSED] - takeScreenshot(): Taking screenshot successfully

2022-06-09 19:07:21 - [MESSAGE][PASSED] - Taking screenshot successfully
[[ATTACHMENT|D:\\Projet Test Auto\\Mediabox Test Automation\\Reports\\20220609_181011\\03. Parallel Testing (Testing)\\TS -PT PART 3\\07 Tag Sephora Dreyers _ Empty Group _Lifecycle condition\\20220609_181049\\1654794440949.png]]

2022-06-09 19:07:21 - [TEST_STEP][PASSED] - Actual_status4 = getText(findTestObject("Object Repository/TAG/id_refid_td5_span1", ["refID":"source_" + refID])): Text of object 'Object Repository/TAG/id_refid_td5_span1' is: 'Phase 2.1'

2022-06-09 19:07:21 - [MESSAGE][PASSED] - Text of object 'Object Repository/TAG/id_refid_td5_span1' is: 'Phase 2.1'

2022-06-09 19:07:21 - [TEST_STEP][PASSED] - verifyMatch(Actual_status4, "Phase 2.1", false): Actual text 'Phase 2.1' and expected text 'Phase 2.1' are matched 

2022-06-09 19:07:21 - [MESSAGE][PASSED] - Actual text 'Phase 2.1' and expected text 'Phase 2.1' are matched 

2022-06-09 19:07:21 - [TEST_STEP][PASSED] - takeScreenshot(): Taking screenshot successfully

2022-06-09 19:07:22 - [MESSAGE][PASSED] - Taking screenshot successfully
[[ATTACHMENT|D:\\Projet Test Auto\\Mediabox Test Automation\\Reports\\20220609_181011\\03. Parallel Testing (Testing)\\TS -PT PART 3\\07 Tag Sephora Dreyers _ Empty Group _Lifecycle condition\\20220609_181049\\1654794441835.png]]

2022-06-09 19:07:22 - [TEST_STEP][PASSED] - I.submitquesiton_ref(findTestObject("Object Repository/TAG/id_refid_td7_div_1", ["refID":"source_" + refID]), findTestObject("Object Repository/TAG/id_refid_td7_div1_div_a1", ["refID":"source_" + refID])): Object: 'Object Repository/TAG/id_refid_td7_div1_div_a1' is clicked on

2022-06-09 19:07:23 - [MESSAGE][PASSED] - Object: 'Object Repository/TAG/id_refid_td7_div_1' is clicked on

2022-06-09 19:07:26 - [MESSAGE][PASSED] - Delayed 3 second(s)

2022-06-09 19:07:27 - [MESSAGE][PASSED] - Object: 'Object Repository/TAG/id_refid_td7_div1_div_a1' is clicked on

2022-06-09 19:07:27 - [TEST_STEP][PASSED] - takeScreenshot(): Taking screenshot successfully

2022-06-09 19:07:27 - [MESSAGE][PASSED] - Taking screenshot successfully
[[ATTACHMENT|D:\\Projet Test Auto\\Mediabox Test Automation\\Reports\\20220609_181011\\03. Parallel Testing (Testing)\\TS -PT PART 3\\07 Tag Sephora Dreyers _ Empty Group _Lifecycle condition\\20220609_181049\\1654794447206.png]]

2022-06-09 19:07:27 - [TEST_STEP][PASSED] - click(findTestObject("Object Repository/TAG/id_ModifFiche_div3_div_button2")): Object: 'Object Repository/TAG/id_ModifFiche_div3_div_button2' is clicked on

2022-06-09 19:07:31 - [MESSAGE][PASSED] - Object: 'Object Repository/TAG/id_ModifFiche_div3_div_button2' is clicked on

2022-06-09 19:07:31 - [TEST_STEP][PASSED] - takeScreenshot(): Taking screenshot successfully

2022-06-09 19:07:32 - [MESSAGE][PASSED] - Taking screenshot successfully
[[ATTACHMENT|D:\\Projet Test Auto\\Mediabox Test Automation\\Reports\\20220609_181011\\03. Parallel Testing (Testing)\\TS -PT PART 3\\07 Tag Sephora Dreyers _ Empty Group _Lifecycle condition\\20220609_181049\\1654794451906.png]]

2022-06-09 19:07:32 - [TEST_STEP][PASSED] - Actual_status5 = getText(findTestObject("Object Repository/TAG/id_refid_td5_span", ["refID":"source_" + refID])): Text of object 'Object Repository/TAG/id_refid_td5_span' is: 'Complete'

2022-06-09 19:07:32 - [MESSAGE][PASSED] - Text of object 'Object Repository/TAG/id_refid_td5_span' is: 'Complete'

2022-06-09 19:07:32 - [TEST_STEP][PASSED] - verifyMatch(Actual_status5, "Complete", false): Actual text 'Complete' and expected text 'Complete' are matched 

2022-06-09 19:07:32 - [MESSAGE][PASSED] - Actual text 'Complete' and expected text 'Complete' are matched 

2022-06-09 19:07:32 - [TEST_STEP][PASSED] - closeBrowser(): Browser is closed

[...]

2022-06-09 19:33:41 - [MESSAGE][PASSED] - Delayed 2 second(s)

2022-06-09 19:33:41 - [TEST_STEP][PASSED] - takeScreenshot(): Taking screenshot successfully

2022-06-09 19:33:41 - [MESSAGE][PASSED] - Taking screenshot successfully
[[ATTACHMENT|D:\\Projet Test Auto\\Mediabox Test Automation\\Reports\\20220609_181011\\03. Parallel Testing (Testing)\\TS -PT PART 3\\07 Tag Sephora Dreyers _ Empty Group _Lifecycle condition\\20220609_181049\\1654796021640.png]]

2022-06-09 19:33:41 - [TEST_STEP][PASSED] - Project_name1 = getText(findTestObject("1. Constant/xpath", ["xpath":"//*[@id="select2-nbProject-container"]"])): Text of object 'Object Repository/1. Constant/xpath' is: 'ADMF - FABRICE BRAOUEZEC - MI000494'

2022-06-09 19:33:42 - [MESSAGE][PASSED] - Text of object 'Object Repository/1. Constant/xpath' is: 'ADMF - FABRICE BRAOUEZEC - MI000494'

2022-06-09 19:33:42 - [TEST_STEP][PASSED] - verifyMatch(Project_name1, "ADMF - FABRICE BRAOUEZEC - " + Project_No, false): Actual text 'ADMF - FABRICE BRAOUEZEC - MI000494' and expected text 'ADMF - FABRICE BRAOUEZEC - MI000494' are matched 

2022-06-09 19:33:42 - [MESSAGE][PASSED] - Actual text 'ADMF - FABRICE BRAOUEZEC - MI000494' and expected text 'ADMF - FABRICE BRAOUEZEC - MI000494' are matched 

2022-06-09 19:33:42 - [TEST_STEP][PASSED] - I.print(Project_name1): null

2022-06-09 19:33:42 - [TEST_STEP][PASSED] - click(findTestObject("1. Constant/xpath", ["xpath":"//*[@id="btn_submit_duplication"]"])): Object: 'Object Repository/1. Constant/xpath' is clicked on

2022-06-09 19:33:46 - [MESSAGE][PASSED] - Object: 'Object Repository/1. Constant/xpath' is clicked on

2022-06-09 19:33:46 - [TEST_STEP][PASSED] - takeScreenshot(): Taking screenshot successfully

2022-06-09 19:33:47 - [MESSAGE][PASSED] - Taking screenshot successfully
[[ATTACHMENT|D:\\Projet Test Auto\\Mediabox Test Automation\\Reports\\20220609_181011\\03. Parallel Testing (Testing)\\TS -PT PART 3\\07 Tag Sephora Dreyers _ Empty Group _Lifecycle condition\\20220609_181049\\1654796026783.png]]

2022-06-09 19:33:47 - [TEST_STEP][PASSED] - delay(1): Delayed 1 second(s)

2022-06-09 19:33:48 - [MESSAGE][PASSED] - Delayed 1 second(s)

2022-06-09 19:33:48 - [TEST_STEP][PASSED] - click(findTestObject("1. Constant/xpath", ["xpath":"/html/body/div[1]/div[2]/div[4]/div[3]/div/div[2]/div[2]/div[1]/table/tbody/tr[2]/td[12]/a"])): Object: 'Object Repository/1. Constant/xpath' is clicked on

2022-06-09 19:33:50 - [MESSAGE][PASSED] - Object: 'Object Repository/1. Constant/xpath' is clicked on

2022-06-09 19:33:50 - [TEST_STEP][PASSED] - delay(1): Delayed 1 second(s)

2022-06-09 19:33:51 - [MESSAGE][PASSED] - Delayed 1 second(s)

2022-06-09 19:33:51 - [TEST_STEP][PASSED] - toastr1 = getText(findTestObject("1. Constant/xpath", ["xpath":"//*[@id="toast-container"]/div/div[2]"])): Text of object 'Object Repository/1. Constant/xpath' is: 'The condition 'Quantité des produits - JDE' is not matched'

2022-06-09 19:33:51 - [MESSAGE][PASSED] - Text of object 'Object Repository/1. Constant/xpath' is: 'The condition 'Quantité des produits - JDE' is not matched'

2022-06-09 19:33:51 - [TEST_STEP][PASSED] - verifyMatch(toastr1, "The condition 'Quantité des produits - JDE' is not matched", false): Actual text 'The condition 'Quantité des produits - JDE' is not matched' and expected text 'The condition 'Quantité des produits - JDE' is not matched' are matched 

2022-06-09 19:33:51 - [MESSAGE][PASSED] - Actual text 'The condition 'Quantité des produits - JDE' is not matched' and expected text 'The condition 'Quantité des produits - JDE' is not matched' are matched 

2022-06-09 19:33:51 - [TEST_STEP][PASSED] - takeScreenshot(): Taking screenshot successfully

2022-06-09 19:33:52 - [MESSAGE][PASSED] - Taking screenshot successfully
[[ATTACHMENT|D:\\Projet Test Auto\\Mediabox Test Automation\\Reports\\20220609_181011\\03. Parallel Testing (Testing)\\TS -PT PART 3\\07 Tag Sephora Dreyers _ Empty Group _Lifecycle condition\\20220609_181049\\1654796032046.png]]

2022-06-09 19:33:52 - [TEST_STEP][PASSED] - I.Logout(): Delayed 3 second(s)

2022-06-09 19:33:55 - [MESSAGE][PASSED] - Delayed 3 second(s)

2022-06-09 19:33:55 - [MESSAGE][PASSED] - Object: 'Object Repository/1. Constant/xpath' is clicked on

2022-06-09 19:33:58 - [MESSAGE][PASSED] - Delayed 3 second(s)

2022-06-09 19:34:01 - [MESSAGE][PASSED] - Object: 'Object Repository/1. Constant/xpath' is clicked on

2022-06-09 19:34:04 - [MESSAGE][PASSED] - Delayed 3 second(s)

2022-06-09 19:34:04 - [TEST_STEP][PASSED] - I.Login_password("jde_rcr", password_jde_rcr): Object: 'Object Repository/1. Constant/xpath' is clicked on

2022-06-09 19:34:05 - [MESSAGE][PASSED] - Text 'jde_rcr' is set on object 'Object Repository/1. Constant/xpath'

2022-06-09 19:34:06 - [MESSAGE][PASSED] - Delayed 1 second(s)

2022-06-09 19:34:07 - [MESSAGE][PASSED] - Text 'dchi1' is set on object 'Object Repository/1. Constant/xpath'

2022-06-09 19:34:08 - [MESSAGE][PASSED] - Delayed 1 second(s)

2022-06-09 19:34:13 - [MESSAGE][PASSED] - Object: 'Object Repository/1. Constant/xpath' is clicked on

2022-06-09 19:34:13 - [TEST_STEP][PASSED] - click(findTestObject("1. Constant/02_LHSMenu_Projects")): Object: 'Object Repository/1. Constant/02_LHSMenu_Projects' is clicked on

2022-06-09 19:34:15 - [MESSAGE][PASSED] - Object: 'Object Repository/1. Constant/02_LHSMenu_Projects' is clicked on

2022-06-09 19:34:15 - [TEST_STEP][PASSED] - I.SearchProjectNo(Project_No, findTestObject("1. Constant/xpath", ["xpath":"//*[@id="form_filters"]/div[4]/button"])): Delayed 5 second(s)

2022-06-09 19:34:17 - [MESSAGE][PASSED] - Text 'MI000494' is set on object 'Object Repository/1. Constant/xpath'

2022-06-09 19:34:20 - [MESSAGE][PASSED] - Delayed 3 second(s)

2022-06-09 19:34:23 - [MESSAGE][PASSED] - Object: 'Object Repository/1. Constant/xpath' is clicked on

2022-06-09 19:34:28 - [MESSAGE][PASSED] - Delayed 5 second(s)

2022-06-09 19:34:28 - [TEST_STEP][PASSED] - takeScreenshot(): Taking screenshot successfully

2022-06-09 19:34:28 - [MESSAGE][PASSED] - Taking screenshot successfully
[[ATTACHMENT|D:\\Projet Test Auto\\Mediabox Test Automation\\Reports\\20220609_181011\\03. Parallel Testing (Testing)\\TS -PT PART 3\\07 Tag Sephora Dreyers _ Empty Group _Lifecycle condition\\20220609_181049\\1654796068566.png]]

2022-06-09 19:34:28 - [TEST_STEP][PASSED] - click(findTestObject("1. Constant/xpath", ["xpath":"/html/body/div[1]/div[2]/div[4]/div[3]/div/div[2]/div[2]/div[1]/table/tbody/tr[1]/td[9]/a[1]"])): Object: 'Object Repository/1. Constant/xpath' is clicked on

2022-06-09 19:34:32 - [MESSAGE][PASSED] - Object: 'Object Repository/1. Constant/xpath' is clicked on

2022-06-09 19:34:32 - [TEST_STEP][PASSED] - takeScreenshot(): Taking screenshot successfully

2022-06-09 19:34:33 - [MESSAGE][PASSED] - Taking screenshot successfully
[[ATTACHMENT|D:\\Projet Test Auto\\Mediabox Test Automation\\Reports\\20220609_181011\\03. Parallel Testing (Testing)\\TS -PT PART 3\\07 Tag Sephora Dreyers _ Empty Group _Lifecycle condition\\20220609_181049\\1654796073062.png]]

2022-06-09 19:34:33 - [TEST_STEP][PASSED] - refID = I.RefID(): Current window's url is: 'http://mdb-release.diadeis.lan/MediaboxIndependence/Base/ExecAction?action=VoirRef&IDSession=MBI!RELTESTAUTO_CLICKNPRINT!E2FKG91XCV6L5OUXOX2RGMK319PCFBWEB1V1WEX2&num=W7VLEG5WZ0&id_ref=3817'

2022-06-09 19:34:38 - [MESSAGE][PASSED] - Delayed 5 second(s)

2022-06-09 19:34:38 - [MESSAGE][PASSED] - Current window's url is: 'http://mdb-release.diadeis.lan/MediaboxIndependence/Base/ExecAction?action=VoirRef&IDSession=MBI!RELTESTAUTO_CLICKNPRINT!E2FKG91XCV6L5OUXOX2RGMK319PCFBWEB1V1WEX2&num=W7VLEG5WZ0&id_ref=3817'

2022-06-09 19:34:38 - [TEST_STEP][PASSED] - refID_daughter1 = Integer.parseInt(refID) + 1: null

2022-06-09 19:34:38 - [TEST_STEP][PASSED] - I.print(refID): null

2022-06-09 19:34:38 - [TEST_STEP][PASSED] - I.print(refID_daughter1): null

2022-06-09 19:34:38 - [TEST_STEP][PASSED] - click(findTestObject("1. Constant/xpath", ["xpath":"//*[@id="kt_content"]/div[3]/div/ul/li[3]/a"])): Object: 'Object Repository/1. Constant/xpath' is clicked on

2022-06-09 19:34:40 - [MESSAGE][PASSED] - Object: 'Object Repository/1. Constant/xpath' is clicked on

2022-06-09 19:34:40 - [TEST_STEP][PASSED] - lifecyclestatus_Mother = getText(findTestObject("1. Constant/xpath", ["xpath":"/html/body/div[1]/div[2]/div[8]/div[3]/div/div[3]/div[3]/div/div/div[1]/div/div/div/div[1]/div[1]/h3"])): Text of object 'Object Repository/1. Constant/xpath' is: 'Attente des produits individuels'

2022-06-09 19:34:40 - [MESSAGE][PASSED] - Text of object 'Object Repository/1. Constant/xpath' is: 'Attente des produits individuels'

2022-06-09 19:34:40 - [TEST_STEP][PASSED] - verifyMatch(lifecyclestatus_Mother, "Attente des produits individuels", false): Actual text 'Attente des produits individuels' and expected text 'Attente des produits individuels' are matched 

2022-06-09 19:34:40 - [MESSAGE][PASSED] - Actual text 'Attente des produits individuels' and expected text 'Attente des produits individuels' are matched 

2022-06-09 19:34:40 - [TEST_STEP][PASSED] - takeScreenshot(): Taking screenshot successfully

2022-06-09 19:34:40 - [MESSAGE][PASSED] - Taking screenshot successfully
[[ATTACHMENT|D:\\Projet Test Auto\\Mediabox Test Automation\\Reports\\20220609_181011\\03. Parallel Testing (Testing)\\TS -PT PART 3\\07 Tag Sephora Dreyers _ Empty Group _Lifecycle condition\\20220609_181049\\1654796080273.png]]

2022-06-09 19:34:40 - [TEST_STEP][PASSED] - click(findTestObject("1. Constant/xpath", ["xpath":"//*[@id="kt_subheader"]/div/nav/ol/li[2]/a"])): Object: 'Object Repository/1. Constant/xpath' is clicked on

2022-06-09 19:34:42 - [MESSAGE][PASSED] - Object: 'Object Repository/1. Constant/xpath' is clicked on

2022-06-09 19:34:42 - [TEST_STEP][PASSED] - takeScreenshot(): Taking screenshot successfully

2022-06-09 19:34:42 - [MESSAGE][PASSED] - Taking screenshot successfully
[[ATTACHMENT|D:\\Projet Test Auto\\Mediabox Test Automation\\Reports\\20220609_181011\\03. Parallel Testing (Testing)\\TS -PT PART 3\\07 Tag Sephora Dreyers _ Empty Group _Lifecycle condition\\20220609_181049\\1654796082180.png]]

2022-06-09 19:34:42 - [TEST_STEP][PASSED] - click(findTestObject("1. Constant/xpath", ["xpath":"//*[@id="source_" + refID_daughter1 + ""]/td[12]/a[2]"])): Object: 'Object Repository/1. Constant/xpath' is clicked on

2022-06-09 19:34:45 - [MESSAGE][PASSED] - Object: 'Object Repository/1. Constant/xpath' is clicked on

2022-06-09 19:34:45 - [TEST_STEP][PASSED] - takeScreenshot(): Taking screenshot successfully

2022-06-09 19:34:45 - [MESSAGE][PASSED] - Taking screenshot successfully
[[ATTACHMENT|D:\\Projet Test Auto\\Mediabox Test Automation\\Reports\\20220609_181011\\03. Parallel Testing (Testing)\\TS -PT PART 3\\07 Tag Sephora Dreyers _ Empty Group _Lifecycle condition\\20220609_181049\\1654796085053.png]]

2022-06-09 19:34:45 - [TEST_STEP][PASSED] - setText(findTestObject("1. Constant/xpath", ["xpath":"//*[@id="var_23"]"]), "1"): Text '1' is set on object 'Object Repository/1. Constant/xpath'

2022-06-09 19:34:45 - [MESSAGE][PASSED] - Text '1' is set on object 'Object Repository/1. Constant/xpath'

2022-06-09 19:34:45 - [TEST_STEP][PASSED] - click(findTestObject("1. Constant/xpath", ["xpath":"//*[@id="ModifFiche"]/div[1]/div/button[2]"])): Object: 'Object Repository/1. Constant/xpath' is clicked on

2022-06-09 19:34:48 - [MESSAGE][PASSED] - Object: 'Object Repository/1. Constant/xpath' is clicked on

2022-06-09 19:34:48 - [TEST_STEP][PASSED] - click(findTestObject("1. Constant/xpath", ["xpath":"//*[@id="source_" + refID + ""]/td[12]/a"])): Object: 'Object Repository/1. Constant/xpath' is clicked on

2022-06-09 19:34:52 - [MESSAGE][PASSED] - Object: 'Object Repository/1. Constant/xpath' is clicked on

2022-06-09 19:34:52 - [TEST_STEP][PASSED] - delay(1): Delayed 1 second(s)

2022-06-09 19:34:53 - [MESSAGE][PASSED] - Delayed 1 second(s)

2022-06-09 19:34:53 - [TEST_STEP][PASSED] - click(findTestObject("1. Constant/xpath", ["xpath":"//*[@id="source_" + refID + ""]/td[9]/a[1]"])): Object: 'Object Repository/1. Constant/xpath' is clicked on

2022-06-09 19:34:55 - [MESSAGE][PASSED] - Object: 'Object Repository/1. Constant/xpath' is clicked on

2022-06-09 19:34:55 - [TEST_STEP][PASSED] - click(findTestObject("1. Constant/xpath", ["xpath":"//*[@id="kt_content"]/div[3]/div/ul/li[3]/a"])): Object: 'Object Repository/1. Constant/xpath' is clicked on

2022-06-09 19:34:57 - [MESSAGE][PASSED] - Object: 'Object Repository/1. Constant/xpath' is clicked on

2022-06-09 19:34:57 - [TEST_STEP][PASSED] - lifecyclestatus_Mother1 = getText(findTestObject("1. Constant/xpath", ["xpath":"/html/body/div[1]/div[2]/div[8]/div[3]/div/div[3]/div[3]/div/div/div[2]/div/div/div/div[1]/div[1]/h3"])): Text of object 'Object Repository/1. Constant/xpath' is: 'Vérification de la quantité'

2022-06-09 19:34:57 - [MESSAGE][PASSED] - Text of object 'Object Repository/1. Constant/xpath' is: 'Vérification de la quantité'

2022-06-09 19:34:57 - [TEST_STEP][PASSED] - verifyMatch(lifecyclestatus_Mother1, "Vérification de la quantité", false): Actual text 'Vérification de la quantité' and expected text 'Vérification de la quantité' are matched 

2022-06-09 19:34:57 - [MESSAGE][PASSED] - Actual text 'Vérification de la quantité' and expected text 'Vérification de la quantité' are matched 

2022-06-09 19:34:57 - [TEST_STEP][PASSED] - closeBrowser(): Browser is closed

2022-06-09 19:34:58 - [MESSAGE][PASSED] - Browser is closed

2022-06-09 19:34:58 - [TEST_STEP][PASSED] - Start listener action : sampleAfterTestCase: null]]></system-out>
         <system-err><![CDATA[]]></system-err>
      </testcase>
      <system-out><![CDATA[2022-06-09 19:00:15 - [TEST_SUITE][FAILED] - 07 Tag Sephora Dreyers _ Empty Group _Lifecycle condition: Test Cases/13. Dreyers Lifecycle condition/13.2 Dreyers Lifecycle conditions _ Partial Submission Backup User field P1 (16.03) FAILED.
Reason:
com.kms.katalon.core.exception.StepFailedException: Unable to click on object 'Object Repository/1. Constant/xpath'
	at com.kms.katalon.core.webui.keyword.internal.WebUIKeywordMain.stepFailed(WebUIKeywordMain.groovy:64)
	at com.kms.katalon.core.webui.keyword.internal.WebUIKeywordMain.runKeyword(WebUIKeywordMain.groovy:26)
	at com.kms.katalon.core.webui.keyword.builtin.ClickKeyword.click(ClickKeyword.groovy:74)
	at com.kms.katalon.core.webui.keyword.builtin.ClickKeyword.execute(ClickKeyword.groovy:40)
	at com.kms.katalon.core.keyword.internal.KeywordExecutor.executeKeywordForPlatform(KeywordExecutor.groovy:74)
	at com.kms.katalon.core.webui.keyword.WebUiBuiltInKeywords.click(WebUiBuiltInKeywords.groovy:620)
	at com.kms.katalon.core.webui.keyword.WebUiBuiltInKeywords$click$5.call(Unknown Source)
	at 13.2 Dreyers Lifecycle conditions _ Partial Submission Backup User field P1 (16.03).run(13.2 Dreyers Lifecycle conditions _ Partial Submission Backup User field P1 (16.03):215)
	at com.kms.katalon.core.main.ScriptEngine.run(ScriptEngine.java:194)
	at com.kms.katalon.core.main.ScriptEngine.runScriptAsRawText(ScriptEngine.java:119)
	at com.kms.katalon.core.main.TestCaseExecutor.runScript(TestCaseExecutor.java:445)
	at com.kms.katalon.core.main.TestCaseExecutor.doExecute(TestCaseExecutor.java:436)
	at com.kms.katalon.core.main.TestCaseExecutor.processExecutionPhase(TestCaseExecutor.java:415)
	at com.kms.katalon.core.main.TestCaseExecutor.accessMainPhase(TestCaseExecutor.java:407)
	at com.kms.katalon.core.main.TestCaseExecutor.execute(TestCaseExecutor.java:284)
	at com.kms.katalon.core.common.CommonExecutor.accessTestCaseMainPhase(CommonExecutor.java:65)
	at com.kms.katalon.core.main.TestSuiteExecutor.accessTestSuiteMainPhase(TestSuiteExecutor.java:144)
	at com.kms.katalon.core.main.TestSuiteExecutor.execute(TestSuiteExecutor.java:106)
	at com.kms.katalon.core.main.TestCaseMain.startTestSuite(TestCaseMain.java:185)
	at com.kms.katalon.core.main.TestCaseMain$startTestSuite$0.call(Unknown Source)
	at TempTestSuite1654791049878.run(TempTestSuite1654791049878.groovy:36)
Caused by: com.kms.katalon.core.webui.exception.WebElementNotFoundException: Web element with id: 'Object Repository/1. Constant/xpath' located by '//*[@id="source_5254"]/td[15]/a[2]' not found
	at com.kms.katalon.core.webui.common.WebUiCommonHelper.findWebElement(WebUiCommonHelper.java:1370)
	at com.kms.katalon.core.webui.keyword.internal.WebUIAbstractKeyword.findWebElement(WebUIAbstractKeyword.groovy:27)
	at com.kms.katalon.core.webui.keyword.builtin.ClickKeyword$_click_closure1.doCall(ClickKeyword.groovy:65)
	at com.kms.katalon.core.webui.keyword.builtin.ClickKeyword$_click_closure1.call(ClickKeyword.groovy)
	at com.kms.katalon.core.webui.keyword.internal.WebUIKeywordMain.runKeyword(WebUIKeywordMain.groovy:20)
	... 19 more]]></system-out>
      <system-err><![CDATA[2022-06-09 19:00:15 - [TEST_SUITE][FAILED] - 07 Tag Sephora Dreyers _ Empty Group _Lifecycle condition: Test Cases/13. Dreyers Lifecycle condition/13.2 Dreyers Lifecycle conditions _ Partial Submission Backup User field P1 (16.03) FAILED.
Reason:
com.kms.katalon.core.exception.StepFailedException: Unable to click on object 'Object Repository/1. Constant/xpath'
	at com.kms.katalon.core.webui.keyword.internal.WebUIKeywordMain.stepFailed(WebUIKeywordMain.groovy:64)
	at com.kms.katalon.core.webui.keyword.internal.WebUIKeywordMain.runKeyword(WebUIKeywordMain.groovy:26)
	at com.kms.katalon.core.webui.keyword.builtin.ClickKeyword.click(ClickKeyword.groovy:74)
	at com.kms.katalon.core.webui.keyword.builtin.ClickKeyword.execute(ClickKeyword.groovy:40)
	at com.kms.katalon.core.keyword.internal.KeywordExecutor.executeKeywordForPlatform(KeywordExecutor.groovy:74)
	at com.kms.katalon.core.webui.keyword.WebUiBuiltInKeywords.click(WebUiBuiltInKeywords.groovy:620)
	at com.kms.katalon.core.webui.keyword.WebUiBuiltInKeywords$click$5.call(Unknown Source)
	at 13.2 Dreyers Lifecycle conditions _ Partial Submission Backup User field P1 (16.03).run(13.2 Dreyers Lifecycle conditions _ Partial Submission Backup User field P1 (16.03):215)
	at com.kms.katalon.core.main.ScriptEngine.run(ScriptEngine.java:194)
	at com.kms.katalon.core.main.ScriptEngine.runScriptAsRawText(ScriptEngine.java:119)
	at com.kms.katalon.core.main.TestCaseExecutor.runScript(TestCaseExecutor.java:445)
	at com.kms.katalon.core.main.TestCaseExecutor.doExecute(TestCaseExecutor.java:436)
	at com.kms.katalon.core.main.TestCaseExecutor.processExecutionPhase(TestCaseExecutor.java:415)
	at com.kms.katalon.core.main.TestCaseExecutor.accessMainPhase(TestCaseExecutor.java:407)
	at com.kms.katalon.core.main.TestCaseExecutor.execute(TestCaseExecutor.java:284)
	at com.kms.katalon.core.common.CommonExecutor.accessTestCaseMainPhase(CommonExecutor.java:65)
	at com.kms.katalon.core.main.TestSuiteExecutor.accessTestSuiteMainPhase(TestSuiteExecutor.java:144)
	at com.kms.katalon.core.main.TestSuiteExecutor.execute(TestSuiteExecutor.java:106)
	at com.kms.katalon.core.main.TestCaseMain.startTestSuite(TestCaseMain.java:185)
	at com.kms.katalon.core.main.TestCaseMain$startTestSuite$0.call(Unknown Source)
	at TempTestSuite1654791049878.run(TempTestSuite1654791049878.groovy:36)
Caused by: com.kms.katalon.core.webui.exception.WebElementNotFoundException: Web element with id: 'Object Repository/1. Constant/xpath' located by '//*[@id="source_5254"]/td[15]/a[2]' not found
	at com.kms.katalon.core.webui.common.WebUiCommonHelper.findWebElement(WebUiCommonHelper.java:1370)
	at com.kms.katalon.core.webui.keyword.internal.WebUIAbstractKeyword.findWebElement(WebUIAbstractKeyword.groovy:27)
	at com.kms.katalon.core.webui.keyword.builtin.ClickKeyword$_click_closure1.doCall(ClickKeyword.groovy:65)
	at com.kms.katalon.core.webui.keyword.builtin.ClickKeyword$_click_closure1.call(ClickKeyword.groovy)
	at com.kms.katalon.core.webui.keyword.internal.WebUIKeywordMain.runKeyword(WebUIKeywordMain.groovy:20)
	... 19 more]]></system-err>
   </testsuite>
</testsuites>
