<?xml version="1.0" encoding="UTF-8"?>
<testsuites name="14.03 Dreyers Support Action (Ongoing _ Completed ref) - PART 3" time="3103.421" tests="6" failures="0" errors="0">
   <testsuite name="14.03 Dreyers Support Action (Ongoing _ Completed ref) - PART 3" tests="6" failures="0" errors="0" time="3103.421" skipped="0" timestamp="2022-06-09 19:55:51" hostname="lamhe - DPF-MBI-VERIF.ad.sgsco.int" id="Test Suites/03. Parallel Testing (Testing)/TS -PT PART 3/14.03 Dreyers Support Action (Ongoing _ Completed ref) - PART 3">
      <properties>
[...]
</properties>
      <testcase name="Test Cases/19. Dreyers Support Action (Ongoing ref_completed)/19.10 Dreyers SAS Add Step Group (Ongoing ref) S15- P10 (will be used in P16)" time="923.759" classname="Test Cases/19. Dreyers Support Action (Ongoing ref_completed)/19.10 Dreyers SAS Add Step Group (Ongoing ref) S15- P10 (will be used in P16)" status="PASSED">
         <system-out><![CDATA[2022-06-09 19:55:52 - [TEST_CASE][PASSED] - Test Cases/19. Dreyers Support Action (Ongoing ref_completed)/19.10 Dreyers SAS Add Step Group (Ongoing ref) S15- P10 (will be used in P16): Test Cases/19. Dreyers Support Action (Ongoing ref_completed)/19.10 Dreyers SAS Add Step Group (Ongoing ref) S15- P10 (will be used in P16)

2022-06-09 19:55:54 - [TEST_STEP][PASSED] - data_Dreyers = findTestData("Data Files/Username_Password/Dreyer"): null

2022-06-09 19:55:54 - [TEST_STEP][PASSED] - password_suser = data_Dreyers.getValue(2, 1): null

2022-06-09 19:55:54 - [TEST_STEP][PASSED] - password_blemco = data_Dreyers.getValue(2, 2): null

2022-06-09 19:55:54 - [TEST_STEP][PASSED] - password_nturner = data_Dreyers.getValue(2, 6): null

2022-06-09 19:55:54 - [TEST_STEP][PASSED] - password_talexeeva = data_Dreyers.getValue(2, 7): null

2022-06-09 19:55:54 - [TEST_STEP][PASSED] - password_jryan = data_Dreyers.getValue(2, 12): null

2022-06-09 19:55:54 - [TEST_STEP][PASSED] - password_lmary = data_Dreyers.getValue(2, 13): null

2022-06-09 19:55:54 - [TEST_STEP][PASSED] - data_urlRELAUTO = findTestData("Data Files/URL/URL_relauto"): null

2022-06-09 19:55:54 - [TEST_STEP][PASSED] - Url_Dreyer = data_urlRELAUTO.getValue(2, 4): null

2022-06-09 19:55:54 - [TEST_STEP][PASSED] - Project_No = I.readnotepad("D:\Upoad_File\Projet_ Login\Dreyers\19.1\19.1_Dreyers_ProjectNo.txt"): null

2022-06-09 19:55:54 - [TEST_STEP][PASSED] - refID = I.readnotepad("D:\Upoad_File\Projet_ Login\Dreyers\19.1\19.1_Dreyers_refID.txt"): null

2022-06-09 19:55:54 - [TEST_STEP][PASSED] - I.clearnotepad("D:\Upoad_File\Projet_ Login\Dreyers\19.1\19.10_Dreyers_refID10.txt"): null

2022-06-09 19:55:54 - [TEST_STEP][PASSED] - openBrowser(Url_Dreyer): Browser is opened with url: 'http://mdb-release.diadeis.lan/MediaboxIndependence/?MBI_datasource=RELTESTAUTO_DREYERS'

2022-06-09 19:55:55 - [MESSAGE][INFO] - Starting 'Chrome (headless)' driver

2022-06-09 19:55:55 - [MESSAGE][INFO] - User set preference: ['args', '[--window-size=1920,1080, --headless]']

2022-06-09 19:55:55 - [MESSAGE][INFO] - Action delay is set to 0 milliseconds

2022-06-09 19:56:11 - [MESSAGE][PASSED] - Browser is opened with url: 'http://mdb-release.diadeis.lan/MediaboxIndependence/?MBI_datasource=RELTESTAUTO_DREYERS'

2022-06-09 19:56:11 - [TEST_STEP][PASSED] - maximizeWindow(): Current window maximized

2022-06-09 19:56:11 - [MESSAGE][PASSED] - Current window maximized

2022-06-09 19:56:11 - [TEST_STEP][PASSED] - I.Login_password("suser", password_suser): Object: 'Object Repository/1. Constant/xpath' is clicked on

2022-06-09 19:56:13 - [MESSAGE][PASSED] - Text 'suser' is set on object 'Object Repository/1. Constant/xpath'

2022-06-09 19:56:14 - [MESSAGE][PASSED] - Delayed 1 second(s)

2022-06-09 19:56:16 - [MESSAGE][PASSED] - Text 'diadeis' is set on object 'Object Repository/1. Constant/xpath'

2022-06-09 19:56:17 - [MESSAGE][PASSED] - Delayed 1 second(s)

2022-06-09 19:56:27 - [MESSAGE][PASSED] - Object: 'Object Repository/1. Constant/xpath' is clicked on

2022-06-09 19:56:27 - [TEST_STEP][PASSED] - click(findTestObject("1. Constant/02_LHSMenu_Projects")): Object: 'Object Repository/1. Constant/02_LHSMenu_Projects' is clicked on

2022-06-09 19:56:30 - [MESSAGE][PASSED] - Object: 'Object Repository/1. Constant/02_LHSMenu_Projects' is clicked on

2022-06-09 19:56:30 - [TEST_STEP][PASSED] - I.SearchProjectNo_xpath(Project_No, "//*[@id="keynum_project"]", "//*[@id="form_filters"]/div[4]/button"): Delayed 5 second(s)

2022-06-09 19:56:31 - [MESSAGE][PASSED] - Delayed 1 second(s)

2022-06-09 19:56:32 - [MESSAGE][PASSED] - Text 'MI000876' is set on object 'Object Repository/1. Constant/xpath'

2022-06-09 19:56:35 - [MESSAGE][PASSED] - Delayed 3 second(s)

2022-06-09 19:56:36 - [MESSAGE][PASSED] - Scroll to object 'Object Repository/1. Constant/xpath' successfully

2022-06-09 19:56:40 - [MESSAGE][PASSED] - Object: 'Object Repository/1. Constant/xpath' is clicked on

2022-06-09 19:56:45 - [MESSAGE][PASSED] - Delayed 5 second(s)

2022-06-09 19:56:45 - [TEST_STEP][PASSED] - takeScreenshot(): Taking screenshot successfully

2022-06-09 19:56:46 - [MESSAGE][PASSED] - Taking screenshot successfully
[[ATTACHMENT|D:\\Projet Test Auto\\Mediabox Test Automation\\Reports\\20220609_181011\\03. Parallel Testing (Testing)\\TS -PT PART 3\\14.03 Dreyers Support Action (Ongoing _ Completed ref) - PART 3\\20220609_181101\\1654797405673.png]]

2022-06-09 19:56:46 - [TEST_STEP][PASSED] - click(findTestObject("1. Constant/xpath", ["xpath":"//*[@id="create_ref_btn"]/button"])): Object: 'Object Repository/1. Constant/xpath' is clicked on

2022-06-09 19:56:46 - [MESSAGE][PASSED] - Object: 'Object Repository/1. Constant/xpath' is clicked on

2022-06-09 19:56:46 - [TEST_STEP][PASSED] - delay(1): Delayed 1 second(s)

2022-06-09 19:56:47 - [MESSAGE][PASSED] - Delayed 1 second(s)

2022-06-09 19:56:47 - [TEST_STEP][PASSED] - click(findTestObject("1. Constant/xpath", ["xpath":"//*[@id="create_ref_btn"]/div/a"])): Object: 'Object Repository/1. Constant/xpath' is clicked on

2022-06-09 19:56:49 - [MESSAGE][PASSED] - Object: 'Object Repository/1. Constant/xpath' is clicked on

2022-06-09 19:56:49 - [TEST_STEP][PASSED] - delay(1): Delayed 1 second(s)

2022-06-09 19:56:50 - [MESSAGE][PASSED] - Delayed 1 second(s)

2022-06-09 19:56:50 - [TEST_STEP][PASSED] - selectOptionByValue(findTestObject("1. Constant/xpath", ["xpath":"//*[@id="lfc_tpl"]"]), "36", false): All options with value '36' are selected in object 'Object Repository/1. Constant/xpath' 

2022-06-09 19:56:52 - [MESSAGE][PASSED] - All options with value '36' are selected in object 'Object Repository/1. Constant/xpath' 

2022-06-09 19:56:52 - [TEST_STEP][PASSED] - ref_name = "P10_Auto_SAS_S15_" + RandomStringUtils.randomAlphanumeric(5) + I.gettimedate(): null

2022-06-09 19:56:52 - [TEST_STEP][PASSED] - delay(1): Delayed 1 second(s)

2022-06-09 19:56:53 - [MESSAGE][PASSED] - Delayed 1 second(s)

2022-06-09 19:56:53 - [TEST_STEP][PASSED] - setText(findTestObject("1. Constant/xpath", ["xpath":"//*[@id="var_name"]"]), ref_name): Text 'P10_Auto_SAS_S15_1je58juin092022_195652' is set on object 'Object Repository/1. Constant/xpath'

2022-06-09 19:56:54 - [MESSAGE][PASSED] - Text 'P10_Auto_SAS_S15_1je58juin092022_195652' is set on object 'Object Repository/1. Constant/xpath'

2022-06-09 19:56:54 - [TEST_STEP][PASSED] - takeScreenshot(): Taking screenshot successfully

2022-06-09 19:56:54 - [MESSAGE][PASSED] - Taking screenshot successfully
[[ATTACHMENT|D:\\Projet Test Auto\\Mediabox Test Automation\\Reports\\20220609_181011\\03. Parallel Testing (Testing)\\TS -PT PART 3\\14.03 Dreyers Support Action (Ongoing _ Completed ref) - PART 3\\20220609_181101\\1654797414391.png]]

2022-06-09 19:56:54 - [TEST_STEP][PASSED] - click(findTestObject("1. Constant/xpath", ["xpath":"//*[@id="createRefBottom"]"])): Object: 'Object Repository/1. Constant/xpath' is clicked on

2022-06-09 19:56:57 - [MESSAGE][PASSED] - Object: 'Object Repository/1. Constant/xpath' is clicked on

2022-06-09 19:56:57 - [TEST_STEP][PASSED] - delay(1): Delayed 1 second(s)

2022-06-09 19:56:58 - [MESSAGE][PASSED] - Delayed 1 second(s)

2022-06-09 19:56:58 - [TEST_STEP][PASSED] - takeScreenshot(): Taking screenshot successfully

2022-06-09 19:56:59 - [MESSAGE][PASSED] - Taking screenshot successfully
[[ATTACHMENT|D:\\Projet Test Auto\\Mediabox Test Automation\\Reports\\20220609_181011\\03. Parallel Testing (Testing)\\TS -PT PART 3\\14.03 Dreyers Support Action (Ongoing _ Completed ref) - PART 3\\20220609_181101\\1654797419026.png]]

2022-06-09 19:56:59 - [TEST_STEP][PASSED] - refID10 = I.RefID(): Current window's url is: 'http://mdb-release.diadeis.lan/MediaboxIndependence/Base/ExecAction?IDSession=MBI%21RELTESTAUTO_DREYERS%21ZAGLGYCZF15LU9I4ZA39VHZH5N4R7SR3MO5OZOFP&default_action=ModifierRef&id_project=MI000876&id_ref=5268&action_from=create_ref'

2022-06-09 19:57:04 - [MESSAGE][PASSED] - Delayed 5 second(s)

2022-06-09 19:57:04 - [MESSAGE][PASSED] - Current window's url is: 'http://mdb-release.diadeis.lan/MediaboxIndependence/Base/ExecAction?IDSession=MBI%21RELTESTAUTO_DREYERS%21ZAGLGYCZF15LU9I4ZA39VHZH5N4R7SR3MO5OZOFP&default_action=ModifierRef&id_project=MI000876&id_ref=5268&action_from=create_ref'

2022-06-09 19:57:04 - [TEST_STEP][PASSED] - click(findTestObject("1. Constant/xpath", ["xpath":"//*[@id="type_save"]"])): Object: 'Object Repository/1. Constant/xpath' is clicked on

2022-06-09 19:57:07 - [MESSAGE][PASSED] - Object: 'Object Repository/1. Constant/xpath' is clicked on

2022-06-09 19:57:07 - [TEST_STEP][PASSED] - takeScreenshot(): Taking screenshot successfully

2022-06-09 19:57:08 - [MESSAGE][PASSED] - Taking screenshot successfully
[[ATTACHMENT|D:\\Projet Test Auto\\Mediabox Test Automation\\Reports\\20220609_181011\\03. Parallel Testing (Testing)\\TS -PT PART 3\\14.03 Dreyers Support Action (Ongoing _ Completed ref) - PART 3\\20220609_181101\\1654797427951.png]]

2022-06-09 19:57:08 - [TEST_STEP][PASSED] - delay(1): Delayed 1 second(s)

2022-06-09 19:57:09 - [MESSAGE][PASSED] - Delayed 1 second(s)

2022-06-09 19:57:09 - [TEST_STEP][PASSED] - I.SearchRefNo_xpath("P10_Auto", "//*[@id="fiche_filter_keywords11"]", "//*[@id="form_filters"]/div[3]/button"): Delayed 5 second(s)

2022-06-09 19:57:10 - [MESSAGE][PASSED] - Delayed 1 second(s)

2022-06-09 19:57:12 - [MESSAGE][PASSED] - Text 'P10_Auto' is set on object 'Object Repository/1. Constant/xpath'

2022-06-09 19:57:15 - [MESSAGE][PASSED] - Delayed 3 second(s)

2022-06-09 19:57:15 - [MESSAGE][PASSED] - Scroll to object 'Object Repository/1. Constant/xpath' successfully

2022-06-09 19:57:18 - [MESSAGE][PASSED] - Object: 'Object Repository/1. Constant/xpath' is clicked on

2022-06-09 19:57:23 - [MESSAGE][PASSED] - Delayed 5 second(s)

2022-06-09 19:57:23 - [TEST_STEP][PASSED] - click(findTestObject("1. Constant/xpath", ["xpath":"//*[@id="source_" + refID10 + ""]/td[14]/a[3]"])): Object: 'Object Repository/1. Constant/xpath' is clicked on

2022-06-09 19:57:25 - [MESSAGE][PASSED] - Object: 'Object Repository/1. Constant/xpath' is clicked on

2022-06-09 19:57:25 - [TEST_STEP][PASSED] - click(findTestObject("1. Constant/xpath", ["xpath":"//*[@id="ModifFiche"]/div[1]/div/button[2]"])): Object: 'Object Repository/1. Constant/xpath' is clicked on

2022-06-09 19:57:28 - [MESSAGE][PASSED] - Object: 'Object Repository/1. Constant/xpath' is clicked on

2022-06-09 19:57:28 - [TEST_STEP][PASSED] - takeScreenshot(): Taking screenshot successfully

2022-06-09 19:57:28 - [MESSAGE][PASSED] - Taking screenshot successfully
[[ATTACHMENT|D:\\Projet Test Auto\\Mediabox Test Automation\\Reports\\20220609_181011\\03. Parallel Testing (Testing)\\TS -PT PART 3\\14.03 Dreyers Support Action (Ongoing _ Completed ref) - PART 3\\20220609_181101\\1654797448673.png]]

2022-06-09 19:57:28 - [TEST_STEP][PASSED] - delay(1): Delayed 1 second(s)

2022-06-09 19:57:29 - [MESSAGE][PASSED] - Delayed 1 second(s)

2022-06-09 19:57:29 - [TEST_STEP][PASSED] - click(findTestObject("1. Constant/xpath", ["xpath":"//*[@id="source_" + refID10 + ""]/td[14]/a[3]"])): Object: 'Object Repository/1. Constant/xpath' is clicked on

2022-06-09 19:57:31 - [MESSAGE][PASSED] - Object: 'Object Repository/1. Constant/xpath' is clicked on

2022-06-09 19:57:31 - [TEST_STEP][PASSED] - click(findTestObject("1. Constant/xpath", ["xpath":"//*[@id="ModifFiche"]/div[1]/div/button[2]"])): Object: 'Object Repository/1. Constant/xpath' is clicked on

2022-06-09 19:57:36 - [MESSAGE][PASSED] - Object: 'Object Repository/1. Constant/xpath' is clicked on

2022-06-09 19:57:36 - [TEST_STEP][PASSED] - takeScreenshot(): Taking screenshot successfully

2022-06-09 19:57:37 - [MESSAGE][PASSED] - Taking screenshot successfully
[[ATTACHMENT|D:\\Projet Test Auto\\Mediabox Test Automation\\Reports\\20220609_181011\\03. Parallel Testing (Testing)\\TS -PT PART 3\\14.03 Dreyers Support Action (Ongoing _ Completed ref) - PART 3\\20220609_181101\\1654797457051.png]]

2022-06-09 19:57:37 - [TEST_STEP][PASSED] - delay(1): Delayed 1 second(s)

2022-06-09 19:57:38 - [MESSAGE][PASSED] - Delayed 1 second(s)

2022-06-09 19:57:38 - [TEST_STEP][PASSED] - color1 = getCSSValue(findTestObject("1. Constant/xpath", ["xpath":"//*[@id="source_" + refID10 + ""]/td[14]/a[2]"]), "color", OPTIONAL): Get CSS 'color' value on 'Object Repository/1. Constant/xpath' successfully: 'rgba(255, 255, 255, 1)'.

2022-06-09 19:57:38 - [MESSAGE][PASSED] - Get CSS 'color' value on 'Object Repository/1. Constant/xpath' successfully: 'rgba(255, 255, 255, 1)'.

2022-06-09 19:57:38 - [TEST_STEP][PASSED] - I.print(color1): null

2022-06-09 19:57:39 - [TEST_STEP][PASSED] - while (color1 == "rgba(255, 255, 255, 1)"): Get CSS 'color' value on 'Object Repository/1. Constant/xpath' successfully: 'rgba(54, 153, 255, 1)'.

2022-06-09 19:57:39 - [TEST_STEP][PASSED] - click(findTestObject("1. Constant/xpath", ["xpath":"//*[@id="source_" + refID10 + ""]/td[14]/a[2]"])): Object: 'Object Repository/1. Constant/xpath' is clicked on

2022-06-09 19:57:40 - [MESSAGE][PASSED] - Object: 'Object Repository/1. Constant/xpath' is clicked on

2022-06-09 19:57:40 - [TEST_STEP][PASSED] - I.UploadDoc_sendkey_Prod(findTestObject("1. Constant/xpath", ["xpath":"//*[@id="kt_body"]/input[2]"]), "D:\Upoad_File\Upload doc\testdata1.pdf", "testdata1"): Delayed 5 second(s)

2022-06-09 19:57:40 - [MESSAGE][PASSED] - Scroll to object 'Object Repository/1. Constant/xpath' successfully

2022-06-09 19:57:45 - [MESSAGE][PASSED] - Delayed 5 second(s)

2022-06-09 19:57:45 - [MESSAGE][PASSED] - File 'D:\Upoad_File\Upload doc\testdata1.pdf' sent to object: 'Object Repository/1. Constant/xpath'

2022-06-09 19:57:50 - [MESSAGE][PASSED] - Delayed 5 second(s)

2022-06-09 19:57:50 - [MESSAGE][PASSED] - Text 'testdata1' is present on page 

2022-06-09 19:57:55 - [MESSAGE][PASSED] - Delayed 5 second(s)

2022-06-09 19:58:00 - [MESSAGE][PASSED] - Delayed 5 second(s)

2022-06-09 19:58:00 - [TEST_STEP][PASSED] - takeScreenshot(): Taking screenshot successfully

2022-06-09 19:58:01 - [MESSAGE][PASSED] - Taking screenshot successfully
[[ATTACHMENT|D:\\Projet Test Auto\\Mediabox Test Automation\\Reports\\20220609_181011\\03. Parallel Testing (Testing)\\TS -PT PART 3\\14.03 Dreyers Support Action (Ongoing _ Completed ref) - PART 3\\20220609_181101\\1654797480909.png]]

2022-06-09 19:58:01 - [TEST_STEP][PASSED] - delay(8): Delayed 8 second(s)

2022-06-09 19:58:09 - [MESSAGE][PASSED] - Delayed 8 second(s)

2022-06-09 19:58:09 - [TEST_STEP][PASSED] - click(findTestObject("HL Full Lifecycle/12 ReferncePage_Button_Updatensenddoc")): Object: 'Object Repository/HL Full Lifecycle/12 ReferncePage_Button_Updatensenddoc' is clicked on

2022-06-09 19:58:14 - [MESSAGE][PASSED] - Object: 'Object Repository/HL Full Lifecycle/12 ReferncePage_Button_Updatensenddoc' is clicked on

2022-06-09 19:58:14 - [TEST_STEP][PASSED] - delay(5): Delayed 5 second(s)

2022-06-09 19:58:19 - [MESSAGE][PASSED] - Delayed 5 second(s)

2022-06-09 19:58:19 - [TEST_STEP][PASSED] - color1 = getCSSValue(findTestObject("1. Constant/xpath", ["xpath":"//*[@id="source_" + refID10 + ""]/td[14]/a[2]"]), "color", OPTIONAL): Get CSS 'color' value on 'Object Repository/1. Constant/xpath' successfully: 'rgba(54, 153, 255, 1)'.

2022-06-09 19:58:19 - [MESSAGE][PASSED] - Get CSS 'color' value on 'Object Repository/1. Constant/xpath' successfully: 'rgba(54, 153, 255, 1)'.

2022-06-09 19:58:19 - [TEST_STEP][PASSED] - takeScreenshot(): Taking screenshot successfully

2022-06-09 19:58:20 - [MESSAGE][PASSED] - Taking screenshot successfully
[[ATTACHMENT|D:\\Projet Test Auto\\Mediabox Test Automation\\Reports\\20220609_181011\\03. Parallel Testing (Testing)\\TS -PT PART 3\\14.03 Dreyers Support Action (Ongoing _ Completed ref) - PART 3\\20220609_181101\\1654797499782.png]]

2022-06-09 19:58:20 - [TEST_STEP][PASSED] - click(findTestObject("1. Constant/xpath", ["xpath":"//*[@id="source_" + refID10 + ""]/td[6]/a"])): Object: 'Object Repository/1. Constant/xpath' is clicked on

2022-06-09 19:58:24 - [MESSAGE][PASSED] - Object: 'Object Repository/1. Constant/xpath' is clicked on

2022-06-09 19:58:24 - [TEST_STEP][PASSED] - takeScreenshot(): Taking screenshot successfully

2022-06-09 19:58:25 - [MESSAGE][PASSED] - Taking screenshot successfully
[[ATTACHMENT|D:\\Projet Test Auto\\Mediabox Test Automation\\Reports\\20220609_181011\\03. Parallel Testing (Testing)\\TS -PT PART 3\\14.03 Dreyers Support Action (Ongoing _ Completed ref) - PART 3\\20220609_181101\\1654797504700.png]]

2022-06-09 19:58:25 - [TEST_STEP][PASSED] - delay(1): Delayed 1 second(s)

2022-06-09 19:58:26 - [MESSAGE][PASSED] - Delayed 1 second(s)

2022-06-09 19:58:26 - [TEST_STEP][PASSED] - I.Approveforothers("/html/body/div[1]/div[2]/div[8]/div[3]/div/div[3]/div[2]/div/div[3]/div/div[2]/div[1]/div/div[2]/div/div[2]/div[2]/div/div/div[1]/img", "/html/body/div[1]/div[2]/div[8]/div[3]/div/div[3]/div[2]/div/div[3]/div/div[2]/div[1]/div/div[2]/div/div[2]/div[2]/div/div/div[6]/a[2]/span"): Object: 'Object Repository/1. Constant/xpath' is clicked on

2022-06-09 19:58:27 - [MESSAGE][PASSED] - Object: 'Object Repository/1. Constant/xpath' is clicked on

2022-06-09 19:58:28 - [MESSAGE][PASSED] - Delayed 1 second(s)

2022-06-09 19:58:29 - [MESSAGE][PASSED] - Object: 'Object Repository/1. Constant/xpath' is clicked on

2022-06-09 19:58:30 - [MESSAGE][PASSED] - Delayed 1 second(s)

2022-06-09 19:58:31 - [MESSAGE][PASSED] - Object: 'Object Repository/1. Constant/xpath' is hovered

2022-06-09 19:58:31 - [MESSAGE][PASSED] - Object: 'Object Repository/1. Constant/xpath' is clicked on

2022-06-09 19:58:32 - [MESSAGE][PASSED] - Delayed 1 second(s)

2022-06-09 19:58:36 - [MESSAGE][PASSED] - Object: 'Object Repository/1. Constant/xpath' is clicked on

2022-06-09 19:58:36 - [TEST_STEP][PASSED] - delay(1): Delayed 1 second(s)

2022-06-09 19:58:37 - [MESSAGE][PASSED] - Delayed 1 second(s)

2022-06-09 19:58:37 - [TEST_STEP][PASSED] - click(findTestObject("1. Constant/xpath", ["xpath":"//*[@id="kt_subheader"]/div/nav/ol/li[2]/a"])): Object: 'Object Repository/1. Constant/xpath' is clicked on

2022-06-09 19:58:40 - [MESSAGE][PASSED] - Object: 'Object Repository/1. Constant/xpath' is clicked on

2022-06-09 19:58:40 - [TEST_STEP][PASSED] - delay(1): Delayed 1 second(s)

2022-06-09 19:58:41 - [MESSAGE][PASSED] - Delayed 1 second(s)

2022-06-09 19:58:41 - [TEST_STEP][PASSED] - I.submitquesiton_ref(findTestObject("1. Constant/xpath", ["xpath":"//*[@id="source_" + refID10 + ""]/td[14]/div[1]/button"]), findTestObject("1. Constant/xpath", ["xpath":"//*[@id="source_" + refID10 + ""]/td[14]/div[1]/div/a[1]"])): Object: 'Object Repository/1. Constant/xpath' is clicked on

2022-06-09 19:58:42 - [MESSAGE][PASSED] - Object: 'Object Repository/1. Constant/xpath' is clicked on

2022-06-09 19:58:45 - [MESSAGE][PASSED] - Delayed 3 second(s)

2022-06-09 19:58:46 - [MESSAGE][PASSED] - Object: 'Object Repository/1. Constant/xpath' is clicked on

2022-06-09 19:58:46 - [TEST_STEP][PASSED] - click(findTestObject("1. Constant/xpath", ["xpath":"//*[@id="ModifFiche"]/div[1]/div/button[2]"])): Object: 'Object Repository/1. Constant/xpath' is clicked on

2022-06-09 19:58:52 - [MESSAGE][PASSED] - Object: 'Object Repository/1. Constant/xpath' is clicked on

2022-06-09 19:58:52 - [TEST_STEP][PASSED] - takeScreenshot(): Taking screenshot successfully

2022-06-09 19:58:52 - [MESSAGE][PASSED] - Taking screenshot successfully
[[ATTACHMENT|D:\\Projet Test Auto\\Mediabox Test Automation\\Reports\\20220609_181011\\03. Parallel Testing (Testing)\\TS -PT PART 3\\14.03 Dreyers Support Action (Ongoing _ Completed ref) - PART 3\\20220609_181101\\1654797532281.png]]

2022-06-09 19:58:52 - [TEST_STEP][PASSED] - I.submitquesiton_ref(findTestObject("1. Constant/xpath", ["xpath":"//*[@id="source_" + refID10 + ""]/td[14]/div[1]/button"]), findTestObject("1. Constant/xpath", ["xpath":"//*[@id="source_" + refID10 + ""]/td[14]/div[1]/div/a[1]"])): Object: 'Object Repository/1. Constant/xpath' is clicked on

2022-06-09 19:58:52 - [MESSAGE][PASSED] - Object: 'Object Repository/1. Constant/xpath' is clicked on

2022-06-09 19:58:55 - [MESSAGE][PASSED] - Delayed 3 second(s)

2022-06-09 19:58:58 - [MESSAGE][PASSED] - Object: 'Object Repository/1. Constant/xpath' is clicked on

2022-06-09 19:58:58 - [TEST_STEP][PASSED] - click(findTestObject("1. Constant/xpath", ["xpath":"//*[@id="ModifFiche"]/div[1]/div/button[2]"])): Object: 'Object Repository/1. Constant/xpath' is clicked on

2022-06-09 19:59:04 - [MESSAGE][PASSED] - Object: 'Object Repository/1. Constant/xpath' is clicked on

2022-06-09 19:59:04 - [TEST_STEP][PASSED] - takeScreenshot(): Taking screenshot successfully

2022-06-09 19:59:04 - [MESSAGE][PASSED] - Taking screenshot successfully
[[ATTACHMENT|D:\\Projet Test Auto\\Mediabox Test Automation\\Reports\\20220609_181011\\03. Parallel Testing (Testing)\\TS -PT PART 3\\14.03 Dreyers Support Action (Ongoing _ Completed ref) - PART 3\\20220609_181101\\1654797544358.png]]

2022-06-09 19:59:04 - [TEST_STEP][PASSED] - click(findTestObject("1. Constant/xpath", ["xpath":"//*[@id="source_" + refID10 + ""]/td[14]/a[3]"])): Object: 'Object Repository/1. Constant/xpath' is clicked on

2022-06-09 19:59:06 - [MESSAGE][PASSED] - Object: 'Object Repository/1. Constant/xpath' is clicked on

2022-06-09 19:59:06 - [TEST_STEP][PASSED] - click(findTestObject("1. Constant/xpath", ["xpath":"//*[@id="ModifFiche"]/div[1]/div/button[2]"])): Object: 'Object Repository/1. Constant/xpath' is clicked on

2022-06-09 19:59:10 - [MESSAGE][PASSED] - Object: 'Object Repository/1. Constant/xpath' is clicked on

2022-06-09 19:59:10 - [TEST_STEP][PASSED] - takeScreenshot(): Taking screenshot successfully

2022-06-09 19:59:11 - [MESSAGE][PASSED] - Taking screenshot successfully
[[ATTACHMENT|D:\\Projet Test Auto\\Mediabox Test Automation\\Reports\\20220609_181011\\03. Parallel Testing (Testing)\\TS -PT PART 3\\14.03 Dreyers Support Action (Ongoing _ Completed ref) - PART 3\\20220609_181101\\1654797550768.png]]

2022-06-09 19:59:11 - [TEST_STEP][PASSED] - click(findTestObject("1. Constant/xpath", ["xpath":"//*[@id="source_" + refID10 + ""]/td[14]/a[3]"])): Object: 'Object Repository/1. Constant/xpath' is clicked on

2022-06-09 19:59:12 - [MESSAGE][PASSED] - Object: 'Object Repository/1. Constant/xpath' is clicked on

2022-06-09 19:59:12 - [TEST_STEP][PASSED] - click(findTestObject("1. Constant/xpath", ["xpath":"//*[@id="ModifFiche"]/div[1]/div/button[2]"])): Object: 'Object Repository/1. Constant/xpath' is clicked on

2022-06-09 19:59:16 - [MESSAGE][PASSED] - Object: 'Object Repository/1. Constant/xpath' is clicked on

2022-06-09 19:59:16 - [TEST_STEP][PASSED] - takeScreenshot(): Taking screenshot successfully

2022-06-09 19:59:16 - [MESSAGE][PASSED] - Taking screenshot successfully
[[ATTACHMENT|D:\\Projet Test Auto\\Mediabox Test Automation\\Reports\\20220609_181011\\03. Parallel Testing (Testing)\\TS -PT PART 3\\14.03 Dreyers Support Action (Ongoing _ Completed ref) - PART 3\\20220609_181101\\1654797556410.png]]

2022-06-09 19:59:16 - [TEST_STEP][PASSED] - click(findTestObject("1. Constant/xpath", ["xpath":"//*[@id="source_" + refID10 + ""]/td[14]/div[1]/button"])): Object: 'Object Repository/1. Constant/xpath' is clicked on

2022-06-09 19:59:17 - [MESSAGE][PASSED] - Object: 'Object Repository/1. Constant/xpath' is clicked on

2022-06-09 19:59:17 - [TEST_STEP][PASSED] - delay(1): Delayed 1 second(s)

2022-06-09 19:59:18 - [MESSAGE][PASSED] - Delayed 1 second(s)

2022-06-09 19:59:18 - [TEST_STEP][PASSED] - takeScreenshot(): Taking screenshot successfully

2022-06-09 19:59:18 - [MESSAGE][PASSED] - Taking screenshot successfully
[[ATTACHMENT|D:\\Projet Test Auto\\Mediabox Test Automation\\Reports\\20220609_181011\\03. Parallel Testing (Testing)\\TS -PT PART 3\\14.03 Dreyers Support Action (Ongoing _ Completed ref) - PART 3\\20220609_181101\\1654797558231.png]]

2022-06-09 19:59:18 - [TEST_STEP][PASSED] - delay(1): Delayed 1 second(s)

2022-06-09 19:59:19 - [MESSAGE][PASSED] - Delayed 1 second(s)

2022-06-09 19:59:19 - [TEST_STEP][PASSED] - x = 20: null

2022-06-09 19:59:19 - [TEST_STEP][PASSED] - i = 1: null

2022-06-09 19:59:19 - [TEST_STEP][PASSED] - while (i <= x): null

2022-06-09 19:59:19 - [TEST_STEP][PASSED] - Expected_SAS_Selected = "SAS: S15 - Add Step Group A & C": null

2022-06-09 19:59:19 - [TEST_STEP][PASSED] - xpath_SAS = "//*[@id="source_" + refID10 + ""]/td[14]/div[1]/div/a[" + i + "]": null

2022-06-09 19:59:19 - [TEST_STEP][PASSED] - Actual_SAS = getText(findTestObject("1. Constant/xpath", ["xpath":xpath_SAS])): Text of object 'Object Repository/1. Constant/xpath' is: 'SAS S21 - Add Step Group C&A / Skip P3.4 [Complete]'

2022-06-09 19:59:19 - [MESSAGE][PASSED] - Text of object 'Object Repository/1. Constant/xpath' is: 'SAS S21 - Add Step Group C&A / Skip P3.4 [Complete]'

2022-06-09 19:59:19 - [TEST_STEP][PASSED] - I.print(i): null

2022-06-09 19:59:19 - [TEST_STEP][PASSED] - if (Actual_SAS.contains(Expected_SAS_Selected)): null

2022-06-09 19:59:19 - [TEST_STEP][PASSED] - i = i + 1: null

2022-06-09 19:59:19 - [TEST_STEP][PASSED] - Expected_SAS_Selected = "SAS: S15 - Add Step Group A & C": null

2022-06-09 19:59:19 - [TEST_STEP][PASSED] - xpath_SAS = "//*[@id="source_" + refID10 + ""]/td[14]/div[1]/div/a[" + i + "]": null

2022-06-09 19:59:19 - [TEST_STEP][PASSED] - Actual_SAS = getText(findTestObject("1. Constant/xpath", ["xpath":xpath_SAS])): Text of object 'Object Repository/1. Constant/xpath' is: 'SAS: S6 - Add Steps C'

2022-06-09 19:59:19 - [MESSAGE][PASSED] - Text of object 'Object Repository/1. Constant/xpath' is: 'SAS: S6 - Add Steps C'

2022-06-09 19:59:19 - [TEST_STEP][PASSED] - I.print(i): null

2022-06-09 19:59:19 - [TEST_STEP][PASSED] - if (Actual_SAS.contains(Expected_SAS_Selected)): null

2022-06-09 19:59:19 - [TEST_STEP][PASSED] - i = i + 1: null

2022-06-09 19:59:19 - [TEST_STEP][PASSED] - Expected_SAS_Selected = "SAS: S15 - Add Step Group A & C": null

2022-06-09 19:59:19 - [TEST_STEP][PASSED] - xpath_SAS = "//*[@id="source_" + refID10 + ""]/td[14]/div[1]/div/a[" + i + "]": null

2022-06-09 19:59:19 - [TEST_STEP][PASSED] - Actual_SAS = getText(findTestObject("1. Constant/xpath", ["xpath":xpath_SAS])): Text of object 'Object Repository/1. Constant/xpath' is: 'SAS: S14 - Add Step group (SAS Lifecycle - SAS Step C)'

2022-06-09 19:59:19 - [MESSAGE][PASSED] - Text of object 'Object Repository/1. Constant/xpath' is: 'SAS: S14 - Add Step group (SAS Lifecycle - SAS Step C)'

2022-06-09 19:59:19 - [TEST_STEP][PASSED] - I.print(i): null

2022-06-09 19:59:19 - [TEST_STEP][PASSED] - if (Actual_SAS.contains(Expected_SAS_Selected)): null

2022-06-09 19:59:19 - [TEST_STEP][PASSED] - i = i + 1: null

2022-06-09 19:59:19 - [TEST_STEP][PASSED] - Expected_SAS_Selected = "SAS: S15 - Add Step Group A & C": null

2022-06-09 19:59:19 - [TEST_STEP][PASSED] - xpath_SAS = "//*[@id="source_" + refID10 + ""]/td[14]/div[1]/div/a[" + i + "]": null

2022-06-09 19:59:19 - [TEST_STEP][PASSED] - Actual_SAS = getText(findTestObject("1. Constant/xpath", ["xpath":xpath_SAS])): Text of object 'Object Repository/1. Constant/xpath' is: 'SAS: S15 - Add Step Group A & C'

2022-06-09 19:59:20 - [MESSAGE][PASSED] - Text of object 'Object Repository/1. Constant/xpath' is: 'SAS: S15 - Add Step Group A & C'

2022-06-09 19:59:20 - [TEST_STEP][PASSED] - I.print(i): null

2022-06-09 19:59:20 - [TEST_STEP][PASSED] - if (Actual_SAS.contains(Expected_SAS_Selected)): null

2022-06-09 19:59:20 - [TEST_STEP][PASSED] - click(findTestObject("1. Constant/xpath", ["xpath":xpath_SAS])): Object: 'Object Repository/1. Constant/xpath' is clicked on

2022-06-09 19:59:20 - [MESSAGE][PASSED] - Object: 'Object Repository/1. Constant/xpath' is clicked on

2022-06-09 19:59:20 - [TEST_STEP][PASSED] - break: null

2022-06-09 19:59:20 - [TEST_STEP][PASSED] - takeScreenshot(): Taking screenshot successfully

2022-06-09 19:59:20 - [MESSAGE][PASSED] - Taking screenshot successfully
[[ATTACHMENT|D:\\Projet Test Auto\\Mediabox Test Automation\\Reports\\20220609_181011\\03. Parallel Testing (Testing)\\TS -PT PART 3\\14.03 Dreyers Support Action (Ongoing _ Completed ref) - PART 3\\20220609_181101\\1654797560414.png]]

2022-06-09 19:59:20 - [TEST_STEP][PASSED] - click(findTestObject("1. Constant/xpath", ["xpath":"//*[@id="confirmSupportActionShortcut"]"])): Object: 'Object Repository/1. Constant/xpath' is clicked on

2022-06-09 19:59:26 - [MESSAGE][PASSED] - Object: 'Object Repository/1. Constant/xpath' is clicked on

2022-06-09 19:59:26 - [TEST_STEP][PASSED] - takeScreenshot(): Taking screenshot successfully

2022-06-09 19:59:27 - [MESSAGE][PASSED] - Taking screenshot successfully
[[ATTACHMENT|D:\\Projet Test Auto\\Mediabox Test Automation\\Reports\\20220609_181011\\03. Parallel Testing (Testing)\\TS -PT PART 3\\14.03 Dreyers Support Action (Ongoing _ Completed ref) - PART 3\\20220609_181101\\1654797566588.png]]

2022-06-09 19:59:27 - [TEST_STEP][PASSED] - click(findTestObject("1. Constant/xpath", ["xpath":"//*[@id="kt_content"]/div[3]/div/ul/li[3]/a"])): Object: 'Object Repository/1. Constant/xpath' is clicked on

2022-06-09 19:59:28 - [MESSAGE][PASSED] - Object: 'Object Repository/1. Constant/xpath' is clicked on

2022-06-09 19:59:28 - [TEST_STEP][PASSED] - takeScreenshot(): Taking screenshot successfully

2022-06-09 19:59:29 - [MESSAGE][PASSED] - Taking screenshot successfully
[[ATTACHMENT|D:\\Projet Test Auto\\Mediabox Test Automation\\Reports\\20220609_181011\\03. Parallel Testing (Testing)\\TS -PT PART 3\\14.03 Dreyers Support Action (Ongoing _ Completed ref) - PART 3\\20220609_181101\\1654797569099.png]]

2022-06-09 19:59:29 - [TEST_STEP][PASSED] - StepC_1 = getAttribute(findTestObject("1. Constant/xpath", ["xpath":"/html/body/div[1]/div[2]/div[8]/div[3]/div/div[3]/div[3]/div/ul/li[3]/a"]), "class"): Attribute 'class' of object 'Object Repository/1. Constant/xpath' is: 'nav-link timeline-badge badge-xl  bg-pending active'

2022-06-09 19:59:29 - [MESSAGE][PASSED] - Attribute 'class' of object 'Object Repository/1. Constant/xpath' is: 'nav-link timeline-badge badge-xl  bg-pending active'

2022-06-09 19:59:29 - [TEST_STEP][PASSED] - verifyMatch(StepC_1, "nav-link timeline-badge badge-xl  bg-pending active", false): Actual text 'nav-link timeline-badge badge-xl  bg-pending active' and expected text 'nav-link timeline-badge badge-xl  bg-pending active' are matched 

2022-06-09 19:59:29 - [MESSAGE][PASSED] - Actual text 'nav-link timeline-badge badge-xl  bg-pending active' and expected text 'nav-link timeline-badge badge-xl  bg-pending active' are matched 

2022-06-09 19:59:29 - [TEST_STEP][PASSED] - StepC_11 = I.Get_Stepname("/html/body/div[1]/div[2]/div[8]/div[3]/div/div[3]/div[3]/div/ul/li[3]/a"): Attribute 'href' of object 'Object Repository/1. Constant/xpath' is: 'http://mdb-release.diadeis.lan/MediaboxIndependence/Base/ExecAction?action=VoirRef&IDSession=MBI!RELTESTAUTO_DREYERS!ZAGLGYCZF15LU9I4ZA39VHZH5N4R7SR3MO5OZOFP&num=6X8B7MVVVI&id_ref=5268#tab_lifecycle_SASStepC_12163'

2022-06-09 19:59:34 - [MESSAGE][PASSED] - Delayed 5 second(s)

2022-06-09 19:59:34 - [MESSAGE][PASSED] - Attribute 'href' of object 'Object Repository/1. Constant/xpath' is: 'http://mdb-release.diadeis.lan/MediaboxIndependence/Base/ExecAction?action=VoirRef&IDSession=MBI!RELTESTAUTO_DREYERS!ZAGLGYCZF15LU9I4ZA39VHZH5N4R7SR3MO5OZOFP&num=6X8B7MVVVI&id_ref=5268#tab_lifecycle_SASStepC_12163'

2022-06-09 19:59:34 - [TEST_STEP][PASSED] - verifyMatch(StepC_11, "SASStepC", false): Actual text 'SASStepC' and expected text 'SASStepC' are matched 

2022-06-09 19:59:34 - [MESSAGE][PASSED] - Actual text 'SASStepC' and expected text 'SASStepC' are matched 

2022-06-09 19:59:34 - [TEST_STEP][PASSED] - Started_StepCP5_1 = getText(findTestObject("1. Constant/xpath", ["xpath":"/html/body/div[1]/div[2]/div[8]/div[3]/div/div[3]/div[3]/div/div/div[3]/div/div[5]/div/div[2]/div[1]"])): Text of object 'Object Repository/1. Constant/xpath' is: 'Started 06/09/22 01:59 PM'

2022-06-09 19:59:34 - [MESSAGE][PASSED] - Text of object 'Object Repository/1. Constant/xpath' is: 'Started 06/09/22 01:59 PM'

2022-06-09 19:59:34 - [TEST_STEP][PASSED] - if (Started_StepCP5_1.contains("Started")): Actual object '1' and expected object '1' are equal

2022-06-09 19:59:34 - [TEST_STEP][PASSED] - verifyEqual(1, 1): Actual object '1' and expected object '1' are equal

2022-06-09 19:59:34 - [MESSAGE][PASSED] - Actual object '1' and expected object '1' are equal

2022-06-09 19:59:34 - [TEST_STEP][PASSED] - verifyElementNotPresent(findTestObject("1. Constant/xpath", ["xpath":"/html/body/div[1]/div[2]/div[8]/div[3]/div/div[3]/div[3]/div/div/div[3]/div/div[6]"]), 10): Web element with id: 'Object Repository/1. Constant/xpath' located by 'By.xpath: /html/body/div[1]/div[2]/div[8]/div[3]/div/div[3]/div[3]/div/div/div[3]/div/div[6]' is not present after '10' second(s)

2022-06-09 19:59:35 - [MESSAGE][PASSED] - Web element with id: 'Object Repository/1. Constant/xpath' located by 'By.xpath: /html/body/div[1]/div[2]/div[8]/div[3]/div/div[3]/div[3]/div/div/div[3]/div/div[6]' is not present after '10' second(s)

2022-06-09 19:59:35 - [TEST_STEP][PASSED] - StepA_2 = getAttribute(findTestObject("1. Constant/xpath", ["xpath":"/html/body/div[1]/div[2]/div[8]/div[3]/div/div[3]/div[3]/div/ul/li[4]/a"]), "class"): Attribute 'class' of object 'Object Repository/1. Constant/xpath' is: 'nav-link timeline-badge badge-xl  bg-waiting '

2022-06-09 19:59:36 - [MESSAGE][PASSED] - Attribute 'class' of object 'Object Repository/1. Constant/xpath' is: 'nav-link timeline-badge badge-xl  bg-waiting '

2022-06-09 19:59:36 - [TEST_STEP][PASSED] - verifyMatch(StepA_2, "nav-link timeline-badge badge-xl  bg-waiting ", false): Actual text 'nav-link timeline-badge badge-xl  bg-waiting ' and expected text 'nav-link timeline-badge badge-xl  bg-waiting ' are matched 

2022-06-09 19:59:36 - [MESSAGE][PASSED] - Actual text 'nav-link timeline-badge badge-xl  bg-waiting ' and expected text 'nav-link timeline-badge badge-xl  bg-waiting ' are matched 

2022-06-09 19:59:36 - [TEST_STEP][PASSED] - StepA_22 = I.Get_Stepname("/html/body/div[1]/div[2]/div[8]/div[3]/div/div[3]/div[3]/div/ul/li[4]/a"): Attribute 'href' of object 'Object Repository/1. Constant/xpath' is: 'http://mdb-release.diadeis.lan/MediaboxIndependence/Base/ExecAction?action=VoirRef&IDSession=MBI!RELTESTAUTO_DREYERS!ZAGLGYCZF15LU9I4ZA39VHZH5N4R7SR3MO5OZOFP&num=6X8B7MVVVI&id_ref=5268#tab_lifecycle_SASStepA_12167'

2022-06-09 19:59:41 - [MESSAGE][PASSED] - Delayed 5 second(s)

2022-06-09 19:59:41 - [MESSAGE][PASSED] - Attribute 'href' of object 'Object Repository/1. Constant/xpath' is: 'http://mdb-release.diadeis.lan/MediaboxIndependence/Base/ExecAction?action=VoirRef&IDSession=MBI!RELTESTAUTO_DREYERS!ZAGLGYCZF15LU9I4ZA39VHZH5N4R7SR3MO5OZOFP&num=6X8B7MVVVI&id_ref=5268#tab_lifecycle_SASStepA_12167'

2022-06-09 19:59:41 - [TEST_STEP][PASSED] - verifyMatch(StepA_22, "SASStepA", false): Actual text 'SASStepA' and expected text 'SASStepA' are matched 

2022-06-09 19:59:41 - [MESSAGE][PASSED] - Actual text 'SASStepA' and expected text 'SASStepA' are matched 

2022-06-09 19:59:41 - [TEST_STEP][PASSED] - StepC_3 = getAttribute(findTestObject("1. Constant/xpath", ["xpath":"/html/body/div[1]/div[2]/div[8]/div[3]/div/div[3]/div[3]/div/ul/li[5]/a"]), "class"): Attribute 'class' of object 'Object Repository/1. Constant/xpath' is: 'nav-link timeline-badge badge-xl  bg-waiting '

2022-06-09 19:59:41 - [MESSAGE][PASSED] - Attribute 'class' of object 'Object Repository/1. Constant/xpath' is: 'nav-link timeline-badge badge-xl  bg-waiting '

2022-06-09 19:59:41 - [TEST_STEP][PASSED] - verifyMatch(StepC_3, "nav-link timeline-badge badge-xl  bg-waiting ", false): Actual text 'nav-link timeline-badge badge-xl  bg-waiting ' and expected text 'nav-link timeline-badge badge-xl  bg-waiting ' are matched 

2022-06-09 19:59:41 - [MESSAGE][PASSED] - Actual text 'nav-link timeline-badge badge-xl  bg-waiting ' and expected text 'nav-link timeline-badge badge-xl  bg-waiting ' are matched 

2022-06-09 19:59:41 - [TEST_STEP][PASSED] - StepC_33 = I.Get_Stepname("/html/body/div[1]/div[2]/div[8]/div[3]/div/div[3]/div[3]/div/ul/li[5]/a"): Attribute 'href' of object 'Object Repository/1. Constant/xpath' is: 'http://mdb-release.diadeis.lan/MediaboxIndependence/Base/ExecAction?action=VoirRef&IDSession=MBI!RELTESTAUTO_DREYERS!ZAGLGYCZF15LU9I4ZA39VHZH5N4R7SR3MO5OZOFP&num=6X8B7MVVVI&id_ref=5268#tab_lifecycle_SASStepC_12168'

2022-06-09 19:59:46 - [MESSAGE][PASSED] - Delayed 5 second(s)

2022-06-09 19:59:46 - [MESSAGE][PASSED] - Attribute 'href' of object 'Object Repository/1. Constant/xpath' is: 'http://mdb-release.diadeis.lan/MediaboxIndependence/Base/ExecAction?action=VoirRef&IDSession=MBI!RELTESTAUTO_DREYERS!ZAGLGYCZF15LU9I4ZA39VHZH5N4R7SR3MO5OZOFP&num=6X8B7MVVVI&id_ref=5268#tab_lifecycle_SASStepC_12168'

2022-06-09 19:59:46 - [TEST_STEP][PASSED] - verifyMatch(StepC_33, "SASStepC", false): Actual text 'SASStepC' and expected text 'SASStepC' are matched 

2022-06-09 19:59:46 - [MESSAGE][PASSED] - Actual text 'SASStepC' and expected text 'SASStepC' are matched 

2022-06-09 19:59:46 - [TEST_STEP][PASSED] - click(findTestObject("1. Constant/xpath", ["xpath":"/html/body/div[1]/div[2]/div[8]/div[2]/div/nav/ol/li[2]/a"])): Object: 'Object Repository/1. Constant/xpath' is clicked on

2022-06-09 19:59:49 - [MESSAGE][PASSED] - Object: 'Object Repository/1. Constant/xpath' is clicked on

2022-06-09 19:59:49 - [TEST_STEP][PASSED] - takeScreenshot(): Taking screenshot successfully

2022-06-09 19:59:49 - [MESSAGE][PASSED] - Taking screenshot successfully
[[ATTACHMENT|D:\\Projet Test Auto\\Mediabox Test Automation\\Reports\\20220609_181011\\03. Parallel Testing (Testing)\\TS -PT PART 3\\14.03 Dreyers Support Action (Ongoing _ Completed ref) - PART 3\\20220609_181101\\1654797589624.png]]

2022-06-09 19:59:49 - [TEST_STEP][PASSED] - delay(1): Delayed 1 second(s)

2022-06-09 19:59:50 - [MESSAGE][PASSED] - Delayed 1 second(s)

2022-06-09 19:59:50 - [TEST_STEP][PASSED] - color2 = getCSSValue(findTestObject("1. Constant/xpath", ["xpath":"//*[@id="source_" + refID10 + ""]/td[14]/a[2]"]), "color", OPTIONAL): Get CSS 'color' value on 'Object Repository/1. Constant/xpath' successfully: 'rgba(255, 255, 255, 1)'.

2022-06-09 19:59:51 - [MESSAGE][PASSED] - Get CSS 'color' value on 'Object Repository/1. Constant/xpath' successfully: 'rgba(255, 255, 255, 1)'.

2022-06-09 19:59:51 - [TEST_STEP][PASSED] - I.print(color2): null

2022-06-09 19:59:51 - [TEST_STEP][PASSED] - while (color2 == "rgba(255, 255, 255, 1)"): Get CSS 'color' value on 'Object Repository/1. Constant/xpath' successfully: 'rgba(54, 153, 255, 1)'.

2022-06-09 19:59:51 - [TEST_STEP][PASSED] - click(findTestObject("1. Constant/xpath", ["xpath":"//*[@id="source_" + refID10 + ""]/td[14]/a[2]"])): Object: 'Object Repository/1. Constant/xpath' is clicked on

2022-06-09 19:59:52 - [MESSAGE][PASSED] - Object: 'Object Repository/1. Constant/xpath' is clicked on

2022-06-09 19:59:52 - [TEST_STEP][PASSED] - selectOptionByValue(findTestObject("1. Constant/xpath", ["xpath":"//*[@id="id_approval_flow_tpl"]"]), "80", false): All options with value '80' are selected in object 'Object Repository/1. Constant/xpath' 

2022-06-09 19:59:53 - [MESSAGE][PASSED] - All options with value '80' are selected in object 'Object Repository/1. Constant/xpath' 

2022-06-09 19:59:53 - [TEST_STEP][PASSED] - I.UploadDoc_sendkey_Prod(findTestObject("1. Constant/xpath", ["xpath":"//*[@id="kt_body"]/input[2]"]), "D:\Upoad_File\Upload doc\testdata1.jpg", "testdata1"): Delayed 5 second(s)

2022-06-09 19:59:53 - [MESSAGE][PASSED] - Scroll to object 'Object Repository/1. Constant/xpath' successfully

2022-06-09 19:59:58 - [MESSAGE][PASSED] - Delayed 5 second(s)

2022-06-09 19:59:59 - [MESSAGE][PASSED] - File 'D:\Upoad_File\Upload doc\testdata1.jpg' sent to object: 'Object Repository/1. Constant/xpath'

2022-06-09 20:00:04 - [MESSAGE][PASSED] - Delayed 5 second(s)

2022-06-09 20:00:04 - [MESSAGE][PASSED] - Text 'testdata1' is present on page 

2022-06-09 20:00:09 - [MESSAGE][PASSED] - Delayed 5 second(s)

2022-06-09 20:00:14 - [MESSAGE][PASSED] - Delayed 5 second(s)

2022-06-09 20:00:14 - [TEST_STEP][PASSED] - takeScreenshot(): Taking screenshot successfully

2022-06-09 20:00:14 - [MESSAGE][PASSED] - Taking screenshot successfully
[[ATTACHMENT|D:\\Projet Test Auto\\Mediabox Test Automation\\Reports\\20220609_181011\\03. Parallel Testing (Testing)\\TS -PT PART 3\\14.03 Dreyers Support Action (Ongoing _ Completed ref) - PART 3\\20220609_181101\\1654797614609.png]]

2022-06-09 20:00:14 - [TEST_STEP][PASSED] - delay(8): Delayed 8 second(s)

2022-06-09 20:00:22 - [MESSAGE][PASSED] - Delayed 8 second(s)

2022-06-09 20:00:22 - [TEST_STEP][PASSED] - click(findTestObject("HL Full Lifecycle/12 ReferncePage_Button_Updatensenddoc")): Object: 'Object Repository/HL Full Lifecycle/12 ReferncePage_Button_Updatensenddoc' is clicked on

2022-06-09 20:00:27 - [MESSAGE][PASSED] - Object: 'Object Repository/HL Full Lifecycle/12 ReferncePage_Button_Updatensenddoc' is clicked on

2022-06-09 20:00:27 - [TEST_STEP][PASSED] - delay(5): Delayed 5 second(s)

2022-06-09 20:00:32 - [MESSAGE][PASSED] - Delayed 5 second(s)

2022-06-09 20:00:32 - [TEST_STEP][PASSED] - color2 = getCSSValue(findTestObject("1. Constant/xpath", ["xpath":"//*[@id="source_" + refID10 + ""]/td[14]/a[2]"]), "color", OPTIONAL): Get CSS 'color' value on 'Object Repository/1. Constant/xpath' successfully: 'rgba(54, 153, 255, 1)'.

2022-06-09 20:00:32 - [MESSAGE][PASSED] - Get CSS 'color' value on 'Object Repository/1. Constant/xpath' successfully: 'rgba(54, 153, 255, 1)'.

2022-06-09 20:00:32 - [TEST_STEP][PASSED] - takeScreenshot(): Taking screenshot successfully

2022-06-09 20:00:33 - [MESSAGE][PASSED] - Taking screenshot successfully
[[ATTACHMENT|D:\\Projet Test Auto\\Mediabox Test Automation\\Reports\\20220609_181011\\03. Parallel Testing (Testing)\\TS -PT PART 3\\14.03 Dreyers Support Action (Ongoing _ Completed ref) - PART 3\\20220609_181101\\1654797632958.png]]

2022-06-09 20:00:33 - [TEST_STEP][PASSED] - click(findTestObject("1. Constant/xpath", ["xpath":"//*[@id="source_" + refID10 + ""]/td[6]/a"])): Object: 'Object Repository/1. Constant/xpath' is clicked on

2022-06-09 20:00:37 - [MESSAGE][PASSED] - Object: 'Object Repository/1. Constant/xpath' is clicked on

2022-06-09 20:00:37 - [TEST_STEP][PASSED] - takeScreenshot(): Taking screenshot successfully

2022-06-09 20:00:37 - [MESSAGE][PASSED] - Taking screenshot successfully
[[ATTACHMENT|D:\\Projet Test Auto\\Mediabox Test Automation\\Reports\\20220609_181011\\03. Parallel Testing (Testing)\\TS -PT PART 3\\14.03 Dreyers Support Action (Ongoing _ Completed ref) - PART 3\\20220609_181101\\1654797637241.png]]

2022-06-09 20:00:37 - [TEST_STEP][PASSED] - delay(1): Delayed 1 second(s)

2022-06-09 20:00:38 - [MESSAGE][PASSED] - Delayed 1 second(s)

2022-06-09 20:00:38 - [TEST_STEP][PASSED] - I.Approveforothers("/html/body/div[1]/div[2]/div[8]/div[3]/div/div[3]/div[2]/div/div[3]/div/div[2]/div[1]/div/div[2]/div/div[2]/div[2]/div/div/div[1]/img", "/html/body/div[1]/div[2]/div[8]/div[3]/div/div[3]/div[2]/div/div[3]/div/div[2]/div[1]/div/div[2]/div/div[2]/div[2]/div/div/div[6]/a[2]/span"): Object: 'Object Repository/1. Constant/xpath' is clicked on

2022-06-09 20:00:39 - [MESSAGE][PASSED] - Object: 'Object Repository/1. Constant/xpath' is clicked on

2022-06-09 20:00:40 - [MESSAGE][PASSED] - Delayed 1 second(s)

2022-06-09 20:00:41 - [MESSAGE][PASSED] - Object: 'Object Repository/1. Constant/xpath' is clicked on

2022-06-09 20:00:42 - [MESSAGE][PASSED] - Delayed 1 second(s)

2022-06-09 20:00:43 - [MESSAGE][PASSED] - Object: 'Object Repository/1. Constant/xpath' is hovered

2022-06-09 20:00:43 - [MESSAGE][PASSED] - Object: 'Object Repository/1. Constant/xpath' is clicked on

2022-06-09 20:00:44 - [MESSAGE][PASSED] - Delayed 1 second(s)

2022-06-09 20:00:49 - [MESSAGE][PASSED] - Object: 'Object Repository/1. Constant/xpath' is clicked on

2022-06-09 20:00:49 - [TEST_STEP][PASSED] - delay(1): Delayed 1 second(s)

2022-06-09 20:00:50 - [MESSAGE][PASSED] - Delayed 1 second(s)

2022-06-09 20:00:50 - [TEST_STEP][PASSED] - takeScreenshot(): Taking screenshot successfully

2022-06-09 20:00:51 - [MESSAGE][PASSED] - Taking screenshot successfully
[[ATTACHMENT|D:\\Projet Test Auto\\Mediabox Test Automation\\Reports\\20220609_181011\\03. Parallel Testing (Testing)\\TS -PT PART 3\\14.03 Dreyers Support Action (Ongoing _ Completed ref) - PART 3\\20220609_181101\\1654797650872.png]]

2022-06-09 20:00:51 - [TEST_STEP][PASSED] - I.Logout(): Delayed 3 second(s)

2022-06-09 20:00:54 - [MESSAGE][PASSED] - Delayed 3 second(s)

2022-06-09 20:00:54 - [MESSAGE][PASSED] - Object: 'Object Repository/1. Constant/xpath' is clicked on

2022-06-09 20:00:57 - [MESSAGE][PASSED] - Delayed 3 second(s)

2022-06-09 20:01:00 - [MESSAGE][PASSED] - Object: 'Object Repository/1. Constant/xpath' is clicked on

2022-06-09 20:01:03 - [MESSAGE][PASSED] - Delayed 3 second(s)

2022-06-09 20:01:03 - [TEST_STEP][PASSED] - I.Login_password("nturner", password_nturner): Object: 'Object Repository/1. Constant/xpath' is clicked on

2022-06-09 20:01:05 - [MESSAGE][PASSED] - Text 'nturner' is set on object 'Object Repository/1. Constant/xpath'

2022-06-09 20:01:06 - [MESSAGE][PASSED] - Delayed 1 second(s)

2022-06-09 20:01:07 - [MESSAGE][PASSED] - Text 'diadeis1' is set on object 'Object Repository/1. Constant/xpath'

2022-06-09 20:01:08 - [MESSAGE][PASSED] - Delayed 1 second(s)

2022-06-09 20:01:11 - [MESSAGE][PASSED] - Object: 'Object Repository/1. Constant/xpath' is clicked on

2022-06-09 20:01:11 - [TEST_STEP][PASSED] - click(findTestObject("1. Constant/02_LHSMenu_Projects")): Object: 'Object Repository/1. Constant/02_LHSMenu_Projects' is clicked on

2022-06-09 20:01:14 - [MESSAGE][PASSED] - Object: 'Object Repository/1. Constant/02_LHSMenu_Projects' is clicked on

2022-06-09 20:01:14 - [TEST_STEP][PASSED] - I.SearchProjectNo_xpath(Project_No, "//*[@id="keynum_project"]", "//*[@id="form_filters"]/div[4]/button"): Delayed 5 second(s)

2022-06-09 20:01:15 - [MESSAGE][PASSED] - Delayed 1 second(s)

2022-06-09 20:01:15 - [MESSAGE][PASSED] - Text 'MI000876' is set on object 'Object Repository/1. Constant/xpath'

2022-06-09 20:01:18 - [MESSAGE][PASSED] - Delayed 3 second(s)

2022-06-09 20:01:18 - [MESSAGE][PASSED] - Scroll to object 'Object Repository/1. Constant/xpath' successfully

2022-06-09 20:01:22 - [MESSAGE][PASSED] - Object: 'Object Repository/1. Constant/xpath' is clicked on

2022-06-09 20:01:27 - [MESSAGE][PASSED] - Delayed 5 second(s)

2022-06-09 20:01:27 - [TEST_STEP][PASSED] - takeScreenshot(): Taking screenshot successfully

2022-06-09 20:01:27 - [MESSAGE][PASSED] - Taking screenshot successfully
[[ATTACHMENT|D:\\Projet Test Auto\\Mediabox Test Automation\\Reports\\20220609_181011\\03. Parallel Testing (Testing)\\TS -PT PART 3\\14.03 Dreyers Support Action (Ongoing _ Completed ref) - PART 3\\20220609_181101\\1654797687228.png]]

2022-06-09 20:01:27 - [TEST_STEP][PASSED] - I.SearchRefNo_xpath("P10_Auto", "//*[@id="fiche_filter_keywords11"]", "//*[@id="form_filters"]/div[3]/button"): Delayed 5 second(s)

2022-06-09 20:01:28 - [MESSAGE][PASSED] - Delayed 1 second(s)

2022-06-09 20:01:29 - [MESSAGE][PASSED] - Text 'P10_Auto' is set on object 'Object Repository/1. Constant/xpath'

2022-06-09 20:01:32 - [MESSAGE][PASSED] - Delayed 3 second(s)

2022-06-09 20:01:32 - [MESSAGE][PASSED] - Scroll to object 'Object Repository/1. Constant/xpath' successfully

2022-06-09 20:01:34 - [MESSAGE][PASSED] - Object: 'Object Repository/1. Constant/xpath' is clicked on

2022-06-09 20:01:39 - [MESSAGE][PASSED] - Delayed 5 second(s)

2022-06-09 20:01:39 - [TEST_STEP][PASSED] - delay(1): Delayed 1 second(s)

2022-06-09 20:01:40 - [MESSAGE][PASSED] - Delayed 1 second(s)

2022-06-09 20:01:40 - [TEST_STEP][PASSED] - Lifecycle_Status2 = getText(findTestObject("1. Constant/xpath", ["xpath":"//*[@id="source_" + refID10 + ""]/td[12]/span[1]"])): Text of object 'Object Repository/1. Constant/xpath' is: 'Phase 1.1 [Standard]'

2022-06-09 20:01:41 - [MESSAGE][PASSED] - Text of object 'Object Repository/1. Constant/xpath' is: 'Phase 1.1 [Standard]'

2022-06-09 20:01:41 - [TEST_STEP][PASSED] - verifyMatch(Lifecycle_Status2, "Phase 1.1 [Standard]", false): Actual text 'Phase 1.1 [Standard]' and expected text 'Phase 1.1 [Standard]' are matched 

2022-06-09 20:01:41 - [MESSAGE][PASSED] - Actual text 'Phase 1.1 [Standard]' and expected text 'Phase 1.1 [Standard]' are matched 

2022-06-09 20:01:41 - [TEST_STEP][PASSED] - I.Logout(): Delayed 3 second(s)

2022-06-09 20:01:44 - [MESSAGE][PASSED] - Delayed 3 second(s)

2022-06-09 20:01:44 - [MESSAGE][PASSED] - Object: 'Object Repository/1. Constant/xpath' is clicked on

2022-06-09 20:01:47 - [MESSAGE][PASSED] - Delayed 3 second(s)

2022-06-09 20:01:49 - [MESSAGE][PASSED] - Object: 'Object Repository/1. Constant/xpath' is clicked on

2022-06-09 20:01:52 - [MESSAGE][PASSED] - Delayed 3 second(s)

2022-06-09 20:01:52 - [TEST_STEP][PASSED] - I.Login_password("blemco", password_blemco): Object: 'Object Repository/1. Constant/xpath' is clicked on

2022-06-09 20:01:52 - [MESSAGE][PASSED] - Text 'blemco' is set on object 'Object Repository/1. Constant/xpath'

2022-06-09 20:01:53 - [MESSAGE][PASSED] - Delayed 1 second(s)

2022-06-09 20:01:54 - [MESSAGE][PASSED] - Text 'diadeis1' is set on object 'Object Repository/1. Constant/xpath'

2022-06-09 20:01:55 - [MESSAGE][PASSED] - Delayed 1 second(s)

2022-06-09 20:01:59 - [MESSAGE][PASSED] - Object: 'Object Repository/1. Constant/xpath' is clicked on

2022-06-09 20:01:59 - [TEST_STEP][PASSED] - click(findTestObject("1. Constant/02_LHSMenu_Projects")): Object: 'Object Repository/1. Constant/02_LHSMenu_Projects' is clicked on

2022-06-09 20:02:03 - [MESSAGE][PASSED] - Object: 'Object Repository/1. Constant/02_LHSMenu_Projects' is clicked on

2022-06-09 20:02:03 - [TEST_STEP][PASSED] - I.SearchProjectNo_xpath(Project_No, "//*[@id="keynum_project"]", "//*[@id="form_filters"]/div[4]/button"): Delayed 5 second(s)

2022-06-09 20:02:04 - [MESSAGE][PASSED] - Delayed 1 second(s)

2022-06-09 20:02:04 - [MESSAGE][PASSED] - Text 'MI000876' is set on object 'Object Repository/1. Constant/xpath'

2022-06-09 20:02:07 - [MESSAGE][PASSED] - Delayed 3 second(s)

2022-06-09 20:02:08 - [MESSAGE][PASSED] - Scroll to object 'Object Repository/1. Constant/xpath' successfully

2022-06-09 20:02:13 - [MESSAGE][PASSED] - Object: 'Object Repository/1. Constant/xpath' is clicked on

2022-06-09 20:02:18 - [MESSAGE][PASSED] - Delayed 5 second(s)

2022-06-09 20:02:18 - [TEST_STEP][PASSED] - takeScreenshot(): Taking screenshot successfully

2022-06-09 20:02:18 - [MESSAGE][PASSED] - Taking screenshot successfully
[[ATTACHMENT|D:\\Projet Test Auto\\Mediabox Test Automation\\Reports\\20220609_181011\\03. Parallel Testing (Testing)\\TS -PT PART 3\\14.03 Dreyers Support Action (Ongoing _ Completed ref) - PART 3\\20220609_181101\\1654797738309.png]]

2022-06-09 20:02:18 - [TEST_STEP][PASSED] - I.SearchRefNo_xpath("P10_Auto", "//*[@id="fiche_filter_keywords11"]", "//*[@id="form_filters"]/div[3]/button"): Delayed 5 second(s)

2022-06-09 20:02:19 - [MESSAGE][PASSED] - Delayed 1 second(s)

2022-06-09 20:02:20 - [MESSAGE][PASSED] - Text 'P10_Auto' is set on object 'Object Repository/1. Constant/xpath'

2022-06-09 20:02:23 - [MESSAGE][PASSED] - Delayed 3 second(s)

2022-06-09 20:02:23 - [MESSAGE][PASSED] - Scroll to object 'Object Repository/1. Constant/xpath' successfully

2022-06-09 20:02:25 - [MESSAGE][PASSED] - Object: 'Object Repository/1. Constant/xpath' is clicked on

2022-06-09 20:02:30 - [MESSAGE][PASSED] - Delayed 5 second(s)

2022-06-09 20:02:30 - [TEST_STEP][PASSED] - takeScreenshot(): Taking screenshot successfully

2022-06-09 20:02:31 - [MESSAGE][PASSED] - Taking screenshot successfully
[[ATTACHMENT|D:\\Projet Test Auto\\Mediabox Test Automation\\Reports\\20220609_181011\\03. Parallel Testing (Testing)\\TS -PT PART 3\\14.03 Dreyers Support Action (Ongoing _ Completed ref) - PART 3\\20220609_181101\\1654797750906.png]]

2022-06-09 20:02:31 - [TEST_STEP][PASSED] - click(findTestObject("1. Constant/xpath", ["xpath":"//*[@id="source_" + refID10 + ""]/td[13]/a[3]"])): Object: 'Object Repository/1. Constant/xpath' is clicked on

2022-06-09 20:02:32 - [MESSAGE][PASSED] - Object: 'Object Repository/1. Constant/xpath' is clicked on

2022-06-09 20:02:32 - [TEST_STEP][PASSED] - click(findTestObject("1. Constant/xpath", ["xpath":"//*[@id="ModifFiche"]/div[1]/div/button[2]"])): Object: 'Object Repository/1. Constant/xpath' is clicked on

2022-06-09 20:02:36 - [MESSAGE][PASSED] - Object: 'Object Repository/1. Constant/xpath' is clicked on

2022-06-09 20:02:36 - [TEST_STEP][PASSED] - Lifecycle_Status3 = getText(findTestObject("1. Constant/xpath", ["xpath":"//*[@id="source_" + refID10 + ""]/td[12]/span[1]"])): Text of object 'Object Repository/1. Constant/xpath' is: 'Phase 1.2 [Standard Phase]'

2022-06-09 20:02:36 - [MESSAGE][PASSED] - Text of object 'Object Repository/1. Constant/xpath' is: 'Phase 1.2 [Standard Phase]'

2022-06-09 20:02:36 - [TEST_STEP][PASSED] - verifyMatch(Lifecycle_Status3, "Phase 1.2 [Standard Phase]", false): Actual text 'Phase 1.2 [Standard Phase]' and expected text 'Phase 1.2 [Standard Phase]' are matched 

2022-06-09 20:02:36 - [MESSAGE][PASSED] - Actual text 'Phase 1.2 [Standard Phase]' and expected text 'Phase 1.2 [Standard Phase]' are matched 

2022-06-09 20:02:36 - [TEST_STEP][PASSED] - I.Logout(): Delayed 3 second(s)

2022-06-09 20:02:39 - [MESSAGE][PASSED] - Delayed 3 second(s)

2022-06-09 20:02:40 - [MESSAGE][PASSED] - Object: 'Object Repository/1. Constant/xpath' is clicked on

2022-06-09 20:02:43 - [MESSAGE][PASSED] - Delayed 3 second(s)

2022-06-09 20:02:44 - [MESSAGE][PASSED] - Object: 'Object Repository/1. Constant/xpath' is clicked on

2022-06-09 20:02:47 - [MESSAGE][PASSED] - Delayed 3 second(s)

2022-06-09 20:02:47 - [TEST_STEP][PASSED] - I.Login_password("nturner", password_nturner): Object: 'Object Repository/1. Constant/xpath' is clicked on

2022-06-09 20:02:47 - [MESSAGE][PASSED] - Text 'nturner' is set on object 'Object Repository/1. Constant/xpath'

2022-06-09 20:02:48 - [MESSAGE][PASSED] - Delayed 1 second(s)

2022-06-09 20:02:49 - [MESSAGE][PASSED] - Text 'diadeis1' is set on object 'Object Repository/1. Constant/xpath'

2022-06-09 20:02:50 - [MESSAGE][PASSED] - Delayed 1 second(s)

2022-06-09 20:02:54 - [MESSAGE][PASSED] - Object: 'Object Repository/1. Constant/xpath' is clicked on

2022-06-09 20:02:54 - [TEST_STEP][PASSED] - click(findTestObject("1. Constant/02_LHSMenu_Projects")): Object: 'Object Repository/1. Constant/02_LHSMenu_Projects' is clicked on

2022-06-09 20:02:56 - [MESSAGE][PASSED] - Object: 'Object Repository/1. Constant/02_LHSMenu_Projects' is clicked on

2022-06-09 20:02:56 - [TEST_STEP][PASSED] - I.SearchProjectNo_xpath(Project_No, "//*[@id="keynum_project"]", "//*[@id="form_filters"]/div[4]/button"): Delayed 5 second(s)

2022-06-09 20:02:57 - [MESSAGE][PASSED] - Delayed 1 second(s)

2022-06-09 20:02:58 - [MESSAGE][PASSED] - Text 'MI000876' is set on object 'Object Repository/1. Constant/xpath'

2022-06-09 20:03:01 - [MESSAGE][PASSED] - Delayed 3 second(s)

2022-06-09 20:03:01 - [MESSAGE][PASSED] - Scroll to object 'Object Repository/1. Constant/xpath' successfully

2022-06-09 20:03:04 - [MESSAGE][PASSED] - Object: 'Object Repository/1. Constant/xpath' is clicked on

2022-06-09 20:03:09 - [MESSAGE][PASSED] - Delayed 5 second(s)

2022-06-09 20:03:09 - [TEST_STEP][PASSED] - takeScreenshot(): Taking screenshot successfully

2022-06-09 20:03:10 - [MESSAGE][PASSED] - Taking screenshot successfully
[[ATTACHMENT|D:\\Projet Test Auto\\Mediabox Test Automation\\Reports\\20220609_181011\\03. Parallel Testing (Testing)\\TS -PT PART 3\\14.03 Dreyers Support Action (Ongoing _ Completed ref) - PART 3\\20220609_181101\\1654797790135.png]]

2022-06-09 20:03:10 - [TEST_STEP][PASSED] - I.SearchRefNo_xpath("P10_Auto", "//*[@id="fiche_filter_keywords11"]", "//*[@id="form_filters"]/div[3]/button"): Delayed 5 second(s)

2022-06-09 20:03:11 - [MESSAGE][PASSED] - Delayed 1 second(s)

2022-06-09 20:03:12 - [MESSAGE][PASSED] - Text 'P10_Auto' is set on object 'Object Repository/1. Constant/xpath'

2022-06-09 20:03:15 - [MESSAGE][PASSED] - Delayed 3 second(s)

2022-06-09 20:03:15 - [MESSAGE][PASSED] - Scroll to object 'Object Repository/1. Constant/xpath' successfully

2022-06-09 20:03:18 - [MESSAGE][PASSED] - Object: 'Object Repository/1. Constant/xpath' is clicked on

2022-06-09 20:03:23 - [MESSAGE][PASSED] - Delayed 5 second(s)

2022-06-09 20:03:23 - [TEST_STEP][PASSED] - delay(1): Delayed 1 second(s)

2022-06-09 20:03:24 - [MESSAGE][PASSED] - Delayed 1 second(s)

2022-06-09 20:03:24 - [TEST_STEP][PASSED] - takeScreenshot(): Taking screenshot successfully

2022-06-09 20:03:24 - [MESSAGE][PASSED] - Taking screenshot successfully
[[ATTACHMENT|D:\\Projet Test Auto\\Mediabox Test Automation\\Reports\\20220609_181011\\03. Parallel Testing (Testing)\\TS -PT PART 3\\14.03 Dreyers Support Action (Ongoing _ Completed ref) - PART 3\\20220609_181101\\1654797804344.png]]

2022-06-09 20:03:24 - [TEST_STEP][PASSED] - click(findTestObject("1. Constant/xpath", ["xpath":"//*[@id="source_" + refID10 + ""]/td[13]/a[2]"])): Object: 'Object Repository/1. Constant/xpath' is clicked on

2022-06-09 20:03:27 - [MESSAGE][PASSED] - Object: 'Object Repository/1. Constant/xpath' is clicked on

2022-06-09 20:03:27 - [TEST_STEP][PASSED] - click(findTestObject("1. Constant/xpath", ["xpath":"//*[@id="ModifFiche"]/div[1]/div/button[2]"])): Object: 'Object Repository/1. Constant/xpath' is clicked on

2022-06-09 20:03:31 - [MESSAGE][PASSED] - Object: 'Object Repository/1. Constant/xpath' is clicked on

2022-06-09 20:03:31 - [TEST_STEP][PASSED] - Lifecycle_Status11 = getText(findTestObject("1. Constant/xpath", ["xpath":"//*[@id="source_" + refID10 + ""]/td[12]/span[1]"])): Text of object 'Object Repository/1. Constant/xpath' is: 'Phase 3.1 [Question]'

2022-06-09 20:03:32 - [MESSAGE][PASSED] - Text of object 'Object Repository/1. Constant/xpath' is: 'Phase 3.1 [Question]'

2022-06-09 20:03:32 - [TEST_STEP][PASSED] - verifyMatch(Lifecycle_Status11, "Phase 3.1 [Question]", false): Actual text 'Phase 3.1 [Question]' and expected text 'Phase 3.1 [Question]' are matched 

2022-06-09 20:03:32 - [MESSAGE][PASSED] - Actual text 'Phase 3.1 [Question]' and expected text 'Phase 3.1 [Question]' are matched 

2022-06-09 20:03:32 - [TEST_STEP][PASSED] - I.Logout(): Delayed 3 second(s)

2022-06-09 20:03:35 - [MESSAGE][PASSED] - Delayed 3 second(s)

2022-06-09 20:03:37 - [MESSAGE][PASSED] - Object: 'Object Repository/1. Constant/xpath' is clicked on

2022-06-09 20:03:40 - [MESSAGE][PASSED] - Delayed 3 second(s)

2022-06-09 20:03:43 - [MESSAGE][PASSED] - Object: 'Object Repository/1. Constant/xpath' is clicked on

2022-06-09 20:03:46 - [MESSAGE][PASSED] - Delayed 3 second(s)

2022-06-09 20:03:46 - [TEST_STEP][PASSED] - I.Login_password("talexeeva", password_talexeeva): Object: 'Object Repository/1. Constant/xpath' is clicked on

2022-06-09 20:03:47 - [MESSAGE][PASSED] - Text 'talexeeva' is set on object 'Object Repository/1. Constant/xpath'

2022-06-09 20:03:48 - [MESSAGE][PASSED] - Delayed 1 second(s)

2022-06-09 20:03:49 - [MESSAGE][PASSED] - Text 'diadeis2' is set on object 'Object Repository/1. Constant/xpath'

2022-06-09 20:03:50 - [MESSAGE][PASSED] - Delayed 1 second(s)

2022-06-09 20:03:53 - [MESSAGE][PASSED] - Object: 'Object Repository/1. Constant/xpath' is clicked on

2022-06-09 20:03:53 - [TEST_STEP][PASSED] - click(findTestObject("1. Constant/02_LHSMenu_Projects")): Object: 'Object Repository/1. Constant/02_LHSMenu_Projects' is clicked on

2022-06-09 20:03:55 - [MESSAGE][PASSED] - Object: 'Object Repository/1. Constant/02_LHSMenu_Projects' is clicked on

2022-06-09 20:03:55 - [TEST_STEP][PASSED] - I.SearchProjectNo_xpath(Project_No, "//*[@id="keynum_project"]", "//*[@id="form_filters"]/div[4]/button"): Delayed 5 second(s)

2022-06-09 20:03:56 - [MESSAGE][PASSED] - Delayed 1 second(s)

2022-06-09 20:03:57 - [MESSAGE][PASSED] - Text 'MI000876' is set on object 'Object Repository/1. Constant/xpath'

2022-06-09 20:04:00 - [MESSAGE][PASSED] - Delayed 3 second(s)

2022-06-09 20:04:00 - [MESSAGE][PASSED] - Scroll to object 'Object Repository/1. Constant/xpath' successfully

2022-06-09 20:04:04 - [MESSAGE][PASSED] - Object: 'Object Repository/1. Constant/xpath' is clicked on

2022-06-09 20:04:09 - [MESSAGE][PASSED] - Delayed 5 second(s)

2022-06-09 20:04:09 - [TEST_STEP][PASSED] - I.SearchRefNo_xpath("P10_Auto", "//*[@id="fiche_filter_keywords11"]", "//*[@id="form_filters"]/div[3]/button"): Delayed 5 second(s)

2022-06-09 20:04:10 - [MESSAGE][PASSED] - Delayed 1 second(s)

2022-06-09 20:04:12 - [MESSAGE][PASSED] - Text 'P10_Auto' is set on object 'Object Repository/1. Constant/xpath'

2022-06-09 20:04:15 - [MESSAGE][PASSED] - Delayed 3 second(s)

2022-06-09 20:04:15 - [MESSAGE][PASSED] - Scroll to object 'Object Repository/1. Constant/xpath' successfully

2022-06-09 20:04:17 - [MESSAGE][PASSED] - Object: 'Object Repository/1. Constant/xpath' is clicked on

2022-06-09 20:04:22 - [MESSAGE][PASSED] - Delayed 5 second(s)

2022-06-09 20:04:22 - [TEST_STEP][PASSED] - takeScreenshot(): Taking screenshot successfully

2022-06-09 20:04:22 - [MESSAGE][PASSED] - Taking screenshot successfully
[[ATTACHMENT|D:\\Projet Test Auto\\Mediabox Test Automation\\Reports\\20220609_181011\\03. Parallel Testing (Testing)\\TS -PT PART 3\\14.03 Dreyers Support Action (Ongoing _ Completed ref) - PART 3\\20220609_181101\\1654797862104.png]]

2022-06-09 20:04:22 - [TEST_STEP][PASSED] - I.submitquesiton_ref(findTestObject("1. Constant/xpath", ["xpath":"//*[@id="source_" + refID10 + ""]/td[13]/div[1]/button"]), findTestObject("1. Constant/xpath", ["xpath":"//*[@id="source_" + refID10 + ""]/td[13]/div[1]/div/a[1]"])): Object: 'Object Repository/1. Constant/xpath' is clicked on

2022-06-09 20:04:23 - [MESSAGE][PASSED] - Object: 'Object Repository/1. Constant/xpath' is clicked on

2022-06-09 20:04:26 - [MESSAGE][PASSED] - Delayed 3 second(s)

2022-06-09 20:04:27 - [MESSAGE][PASSED] - Object: 'Object Repository/1. Constant/xpath' is clicked on

2022-06-09 20:04:27 - [TEST_STEP][PASSED] - click(findTestObject("1. Constant/xpath", ["xpath":"//*[@id="ModifFiche"]/div[1]/div/button[2]"])): Object: 'Object Repository/1. Constant/xpath' is clicked on

2022-06-09 20:04:30 - [MESSAGE][PASSED] - Object: 'Object Repository/1. Constant/xpath' is clicked on

2022-06-09 20:04:30 - [TEST_STEP][PASSED] - takeScreenshot(): Taking screenshot successfully

2022-06-09 20:04:31 - [MESSAGE][PASSED] - Taking screenshot successfully
[[ATTACHMENT|D:\\Projet Test Auto\\Mediabox Test Automation\\Reports\\20220609_181011\\03. Parallel Testing (Testing)\\TS -PT PART 3\\14.03 Dreyers Support Action (Ongoing _ Completed ref) - PART 3\\20220609_181101\\1654797871458.png]]

2022-06-09 20:04:31 - [TEST_STEP][PASSED] - Lifecycle_Status22 = getText(findTestObject("1. Constant/xpath", ["xpath":"//*[@id="source_" + refID10 + ""]/td[12]/span[1]"])): Text of object 'Object Repository/1. Constant/xpath' is: 'Phase 3.2 [Question]'

2022-06-09 20:04:32 - [MESSAGE][PASSED] - Text of object 'Object Repository/1. Constant/xpath' is: 'Phase 3.2 [Question]'

2022-06-09 20:04:32 - [TEST_STEP][PASSED] - verifyMatch(Lifecycle_Status22, "Phase 3.2 [Question]", false): Actual text 'Phase 3.2 [Question]' and expected text 'Phase 3.2 [Question]' are matched 

2022-06-09 20:04:32 - [MESSAGE][PASSED] - Actual text 'Phase 3.2 [Question]' and expected text 'Phase 3.2 [Question]' are matched 

2022-06-09 20:04:32 - [TEST_STEP][PASSED] - I.Logout(): Delayed 3 second(s)

2022-06-09 20:04:35 - [MESSAGE][PASSED] - Delayed 3 second(s)

2022-06-09 20:04:35 - [MESSAGE][PASSED] - Object: 'Object Repository/1. Constant/xpath' is clicked on

2022-06-09 20:04:38 - [MESSAGE][PASSED] - Delayed 3 second(s)

2022-06-09 20:04:41 - [MESSAGE][PASSED] - Object: 'Object Repository/1. Constant/xpath' is clicked on

2022-06-09 20:04:44 - [MESSAGE][PASSED] - Delayed 3 second(s)

2022-06-09 20:04:44 - [TEST_STEP][PASSED] - I.Login_password("nturner", password_nturner): Object: 'Object Repository/1. Constant/xpath' is clicked on

2022-06-09 20:04:44 - [MESSAGE][PASSED] - Text 'nturner' is set on object 'Object Repository/1. Constant/xpath'

2022-06-09 20:04:45 - [MESSAGE][PASSED] - Delayed 1 second(s)

2022-06-09 20:04:48 - [MESSAGE][PASSED] - Text 'diadeis1' is set on object 'Object Repository/1. Constant/xpath'

2022-06-09 20:04:49 - [MESSAGE][PASSED] - Delayed 1 second(s)

2022-06-09 20:04:56 - [MESSAGE][PASSED] - Object: 'Object Repository/1. Constant/xpath' is clicked on

2022-06-09 20:04:56 - [TEST_STEP][PASSED] - click(findTestObject("1. Constant/02_LHSMenu_Projects")): Object: 'Object Repository/1. Constant/02_LHSMenu_Projects' is clicked on

2022-06-09 20:05:00 - [MESSAGE][PASSED] - Object: 'Object Repository/1. Constant/02_LHSMenu_Projects' is clicked on

2022-06-09 20:05:00 - [TEST_STEP][PASSED] - I.SearchProjectNo_xpath(Project_No, "//*[@id="keynum_project"]", "//*[@id="form_filters"]/div[4]/button"): Delayed 5 second(s)

2022-06-09 20:05:01 - [MESSAGE][PASSED] - Delayed 1 second(s)

2022-06-09 20:05:05 - [MESSAGE][PASSED] - Text 'MI000876' is set on object 'Object Repository/1. Constant/xpath'

2022-06-09 20:05:08 - [MESSAGE][PASSED] - Delayed 3 second(s)

2022-06-09 20:05:10 - [MESSAGE][PASSED] - Scroll to object 'Object Repository/1. Constant/xpath' successfully

2022-06-09 20:05:17 - [MESSAGE][PASSED] - Object: 'Object Repository/1. Constant/xpath' is clicked on

2022-06-09 20:05:22 - [MESSAGE][PASSED] - Delayed 5 second(s)

2022-06-09 20:05:22 - [TEST_STEP][PASSED] - takeScreenshot(): Taking screenshot successfully

2022-06-09 20:05:24 - [MESSAGE][PASSED] - Taking screenshot successfully
[[ATTACHMENT|D:\\Projet Test Auto\\Mediabox Test Automation\\Reports\\20220609_181011\\03. Parallel Testing (Testing)\\TS -PT PART 3\\14.03 Dreyers Support Action (Ongoing _ Completed ref) - PART 3\\20220609_181101\\1654797923302.png]]

2022-06-09 20:05:24 - [TEST_STEP][PASSED] - I.SearchRefNo_xpath("P10_Auto", "//*[@id="fiche_filter_keywords11"]", "//*[@id="form_filters"]/div[3]/button"): Delayed 5 second(s)

2022-06-09 20:05:25 - [MESSAGE][PASSED] - Delayed 1 second(s)

2022-06-09 20:05:30 - [MESSAGE][PASSED] - Text 'P10_Auto' is set on object 'Object Repository/1. Constant/xpath'

2022-06-09 20:05:33 - [MESSAGE][PASSED] - Delayed 3 second(s)

2022-06-09 20:05:35 - [MESSAGE][PASSED] - Scroll to object 'Object Repository/1. Constant/xpath' successfully

2022-06-09 20:05:40 - [MESSAGE][PASSED] - Object: 'Object Repository/1. Constant/xpath' is clicked on

2022-06-09 20:05:45 - [MESSAGE][PASSED] - Delayed 5 second(s)

2022-06-09 20:05:45 - [TEST_STEP][PASSED] - I.submitquesiton_ref(findTestObject("1. Constant/xpath", ["xpath":"//*[@id="source_" + refID10 + ""]/td[13]/div/button"]), findTestObject("1. Constant/xpath", ["xpath":"//*[@id="source_" + refID10 + ""]/td[13]/div/div/a[1]"])): Object: 'Object Repository/1. Constant/xpath' is clicked on

2022-06-09 20:05:47 - [MESSAGE][PASSED] - Object: 'Object Repository/1. Constant/xpath' is clicked on

2022-06-09 20:05:50 - [MESSAGE][PASSED] - Delayed 3 second(s)

2022-06-09 20:05:53 - [MESSAGE][PASSED] - Object: 'Object Repository/1. Constant/xpath' is clicked on

2022-06-09 20:05:53 - [TEST_STEP][PASSED] - click(findTestObject("1. Constant/xpath", ["xpath":"//*[@id="ModifFiche"]/div[1]/div/button[2]"])): Object: 'Object Repository/1. Constant/xpath' is clicked on

2022-06-09 20:05:59 - [MESSAGE][PASSED] - Object: 'Object Repository/1. Constant/xpath' is clicked on

2022-06-09 20:05:59 - [TEST_STEP][PASSED] - Lifecycle_Status33 = getText(findTestObject("1. Constant/xpath", ["xpath":"//*[@id="source_" + refID10 + ""]/td[12]/span[1]"])): Text of object 'Object Repository/1. Constant/xpath' is: 'Phase 3.3 [Standard]'

2022-06-09 20:06:00 - [MESSAGE][PASSED] - Text of object 'Object Repository/1. Constant/xpath' is: 'Phase 3.3 [Standard]'

2022-06-09 20:06:00 - [TEST_STEP][PASSED] - verifyMatch(Lifecycle_Status33, "Phase 3.3 [Standard]", false): Actual text 'Phase 3.3 [Standard]' and expected text 'Phase 3.3 [Standard]' are matched 

2022-06-09 20:06:00 - [MESSAGE][PASSED] - Actual text 'Phase 3.3 [Standard]' and expected text 'Phase 3.3 [Standard]' are matched 

2022-06-09 20:06:00 - [TEST_STEP][PASSED] - takeScreenshot(): Taking screenshot successfully

2022-06-09 20:06:02 - [MESSAGE][PASSED] - Taking screenshot successfully
[[ATTACHMENT|D:\\Projet Test Auto\\Mediabox Test Automation\\Reports\\20220609_181011\\03. Parallel Testing (Testing)\\TS -PT PART 3\\14.03 Dreyers Support Action (Ongoing _ Completed ref) - PART 3\\20220609_181101\\1654797961092.png]]

2022-06-09 20:06:02 - [TEST_STEP][PASSED] - I.Logout(): Delayed 3 second(s)

2022-06-09 20:06:05 - [MESSAGE][PASSED] - Delayed 3 second(s)

2022-06-09 20:06:06 - [MESSAGE][PASSED] - Object: 'Object Repository/1. Constant/xpath' is clicked on

2022-06-09 20:06:09 - [MESSAGE][PASSED] - Delayed 3 second(s)

2022-06-09 20:06:13 - [MESSAGE][PASSED] - Object: 'Object Repository/1. Constant/xpath' is clicked on

2022-06-09 20:06:16 - [MESSAGE][PASSED] - Delayed 3 second(s)

2022-06-09 20:06:16 - [TEST_STEP][PASSED] - I.Login_password("jryan", password_jryan): Object: 'Object Repository/1. Constant/xpath' is clicked on

2022-06-09 20:06:20 - [MESSAGE][PASSED] - Text 'jryan' is set on object 'Object Repository/1. Constant/xpath'

2022-06-09 20:06:21 - [MESSAGE][PASSED] - Delayed 1 second(s)

2022-06-09 20:06:24 - [MESSAGE][PASSED] - Text 'diadeis' is set on object 'Object Repository/1. Constant/xpath'

2022-06-09 20:06:25 - [MESSAGE][PASSED] - Delayed 1 second(s)

2022-06-09 20:06:32 - [MESSAGE][PASSED] - Object: 'Object Repository/1. Constant/xpath' is clicked on

2022-06-09 20:06:32 - [TEST_STEP][PASSED] - takeScreenshot(): Taking screenshot successfully

2022-06-09 20:06:32 - [MESSAGE][PASSED] - Taking screenshot successfully
[[ATTACHMENT|D:\\Projet Test Auto\\Mediabox Test Automation\\Reports\\20220609_181011\\03. Parallel Testing (Testing)\\TS -PT PART 3\\14.03 Dreyers Support Action (Ongoing _ Completed ref) - PART 3\\20220609_181101\\1654797992261.png]]

2022-06-09 20:06:32 - [TEST_STEP][PASSED] - click(findTestObject("1. Constant/02_LHSMenu_Projects")): Object: 'Object Repository/1. Constant/02_LHSMenu_Projects' is clicked on

2022-06-09 20:06:38 - [MESSAGE][PASSED] - Object: 'Object Repository/1. Constant/02_LHSMenu_Projects' is clicked on

2022-06-09 20:06:38 - [TEST_STEP][PASSED] - I.SearchProjectNo_xpath(Project_No, "//*[@id="keynum_project"]", "//*[@id="form_filters"]/div[4]/button"): Delayed 5 second(s)

2022-06-09 20:06:39 - [MESSAGE][PASSED] - Delayed 1 second(s)

2022-06-09 20:06:43 - [MESSAGE][PASSED] - Text 'MI000876' is set on object 'Object Repository/1. Constant/xpath'

2022-06-09 20:06:46 - [MESSAGE][PASSED] - Delayed 3 second(s)

2022-06-09 20:06:47 - [MESSAGE][PASSED] - Scroll to object 'Object Repository/1. Constant/xpath' successfully

2022-06-09 20:06:57 - [MESSAGE][PASSED] - Object: 'Object Repository/1. Constant/xpath' is clicked on

2022-06-09 20:07:02 - [MESSAGE][PASSED] - Delayed 5 second(s)

2022-06-09 20:07:02 - [TEST_STEP][PASSED] - takeScreenshot(): Taking screenshot successfully

2022-06-09 20:07:04 - [MESSAGE][PASSED] - Taking screenshot successfully
[[ATTACHMENT|D:\\Projet Test Auto\\Mediabox Test Automation\\Reports\\20220609_181011\\03. Parallel Testing (Testing)\\TS -PT PART 3\\14.03 Dreyers Support Action (Ongoing _ Completed ref) - PART 3\\20220609_181101\\1654798023167.png]]

2022-06-09 20:07:04 - [TEST_STEP][PASSED] - I.SearchRefNo_xpath("P10_Auto", "//*[@id="fiche_filter_keywords11"]", "//*[@id="form_filters"]/div[3]/button"): Delayed 5 second(s)

2022-06-09 20:07:05 - [MESSAGE][PASSED] - Delayed 1 second(s)

2022-06-09 20:07:06 - [MESSAGE][PASSED] - Text 'P10_Auto' is set on object 'Object Repository/1. Constant/xpath'

2022-06-09 20:07:09 - [MESSAGE][PASSED] - Delayed 3 second(s)

2022-06-09 20:07:10 - [MESSAGE][PASSED] - Scroll to object 'Object Repository/1. Constant/xpath' successfully

2022-06-09 20:07:12 - [MESSAGE][PASSED] - Object: 'Object Repository/1. Constant/xpath' is clicked on

2022-06-09 20:07:17 - [MESSAGE][PASSED] - Delayed 5 second(s)

2022-06-09 20:07:17 - [TEST_STEP][PASSED] - takeScreenshot(): Taking screenshot successfully

2022-06-09 20:07:17 - [MESSAGE][PASSED] - Taking screenshot successfully
[[ATTACHMENT|D:\\Projet Test Auto\\Mediabox Test Automation\\Reports\\20220609_181011\\03. Parallel Testing (Testing)\\TS -PT PART 3\\14.03 Dreyers Support Action (Ongoing _ Completed ref) - PART 3\\20220609_181101\\1654798037415.png]]

2022-06-09 20:07:17 - [TEST_STEP][PASSED] - click(findTestObject("1. Constant/xpath", ["xpath":"//*[@id="source_" + refID10 + ""]/td[14]/a[2]"])): Object: 'Object Repository/1. Constant/xpath' is clicked on

2022-06-09 20:07:19 - [MESSAGE][PASSED] - Object: 'Object Repository/1. Constant/xpath' is clicked on

2022-06-09 20:07:19 - [TEST_STEP][PASSED] - click(findTestObject("1. Constant/xpath", ["xpath":"//*[@id="ModifFiche"]/div[1]/div/button[2]"])): Object: 'Object Repository/1. Constant/xpath' is clicked on

2022-06-09 20:07:21 - [MESSAGE][PASSED] - Object: 'Object Repository/1. Constant/xpath' is clicked on

2022-06-09 20:07:21 - [TEST_STEP][PASSED] - Lifecycle_Status44 = getText(findTestObject("1. Constant/xpath", ["xpath":"//*[@id="source_" + refID10 + ""]/td[12]/span[1]"])): Text of object 'Object Repository/1. Constant/xpath' is: 'Phase 3.4 [Standard]'

2022-06-09 20:07:22 - [MESSAGE][PASSED] - Text of object 'Object Repository/1. Constant/xpath' is: 'Phase 3.4 [Standard]'

2022-06-09 20:07:22 - [TEST_STEP][PASSED] - verifyMatch(Lifecycle_Status44, "Phase 3.4 [Standard]", false): Actual text 'Phase 3.4 [Standard]' and expected text 'Phase 3.4 [Standard]' are matched 

2022-06-09 20:07:22 - [MESSAGE][PASSED] - Actual text 'Phase 3.4 [Standard]' and expected text 'Phase 3.4 [Standard]' are matched 

2022-06-09 20:07:22 - [TEST_STEP][PASSED] - takeScreenshot(): Taking screenshot successfully

2022-06-09 20:07:22 - [MESSAGE][PASSED] - Taking screenshot successfully
[[ATTACHMENT|D:\\Projet Test Auto\\Mediabox Test Automation\\Reports\\20220609_181011\\03. Parallel Testing (Testing)\\TS -PT PART 3\\14.03 Dreyers Support Action (Ongoing _ Completed ref) - PART 3\\20220609_181101\\1654798042099.png]]

2022-06-09 20:07:22 - [TEST_STEP][PASSED] - I.Logout(): Delayed 3 second(s)

2022-06-09 20:07:25 - [MESSAGE][PASSED] - Delayed 3 second(s)

2022-06-09 20:07:25 - [MESSAGE][PASSED] - Object: 'Object Repository/1. Constant/xpath' is clicked on

2022-06-09 20:07:28 - [MESSAGE][PASSED] - Delayed 3 second(s)

2022-06-09 20:07:30 - [MESSAGE][PASSED] - Object: 'Object Repository/1. Constant/xpath' is clicked on

2022-06-09 20:07:33 - [MESSAGE][PASSED] - Delayed 3 second(s)

2022-06-09 20:07:33 - [TEST_STEP][PASSED] - I.Login_password("nturner", password_nturner): Object: 'Object Repository/1. Constant/xpath' is clicked on

2022-06-09 20:07:34 - [MESSAGE][PASSED] - Text 'nturner' is set on object 'Object Repository/1. Constant/xpath'

2022-06-09 20:07:35 - [MESSAGE][PASSED] - Delayed 1 second(s)

2022-06-09 20:07:36 - [MESSAGE][PASSED] - Text 'diadeis1' is set on object 'Object Repository/1. Constant/xpath'

2022-06-09 20:07:37 - [MESSAGE][PASSED] - Delayed 1 second(s)

2022-06-09 20:07:39 - [MESSAGE][PASSED] - Object: 'Object Repository/1. Constant/xpath' is clicked on

2022-06-09 20:07:39 - [TEST_STEP][PASSED] - click(findTestObject("1. Constant/02_LHSMenu_Projects")): Object: 'Object Repository/1. Constant/02_LHSMenu_Projects' is clicked on

2022-06-09 20:07:42 - [MESSAGE][PASSED] - Object: 'Object Repository/1. Constant/02_LHSMenu_Projects' is clicked on

2022-06-09 20:07:42 - [TEST_STEP][PASSED] - I.SearchProjectNo_xpath(Project_No, "//*[@id="keynum_project"]", "//*[@id="form_filters"]/div[4]/button"): Delayed 5 second(s)

2022-06-09 20:07:43 - [MESSAGE][PASSED] - Delayed 1 second(s)

2022-06-09 20:07:46 - [MESSAGE][PASSED] - Text 'MI000876' is set on object 'Object Repository/1. Constant/xpath'

2022-06-09 20:07:49 - [MESSAGE][PASSED] - Delayed 3 second(s)

2022-06-09 20:07:52 - [MESSAGE][PASSED] - Scroll to object 'Object Repository/1. Constant/xpath' successfully

2022-06-09 20:07:54 - [MESSAGE][PASSED] - Object: 'Object Repository/1. Constant/xpath' is clicked on

2022-06-09 20:07:59 - [MESSAGE][PASSED] - Delayed 5 second(s)

2022-06-09 20:07:59 - [TEST_STEP][PASSED] - takeScreenshot(): Taking screenshot successfully

2022-06-09 20:08:00 - [MESSAGE][PASSED] - Taking screenshot successfully
[[ATTACHMENT|D:\\Projet Test Auto\\Mediabox Test Automation\\Reports\\20220609_181011\\03. Parallel Testing (Testing)\\TS -PT PART 3\\14.03 Dreyers Support Action (Ongoing _ Completed ref) - PART 3\\20220609_181101\\1654798080059.png]]

2022-06-09 20:08:00 - [TEST_STEP][PASSED] - I.SearchRefNo_xpath("P10_Auto", "//*[@id="fiche_filter_keywords11"]", "//*[@id="form_filters"]/div[3]/button"): Delayed 5 second(s)

2022-06-09 20:08:01 - [MESSAGE][PASSED] - Delayed 1 second(s)

2022-06-09 20:08:02 - [MESSAGE][PASSED] - Text 'P10_Auto' is set on object 'Object Repository/1. Constant/xpath'

2022-06-09 20:08:05 - [MESSAGE][PASSED] - Delayed 3 second(s)

2022-06-09 20:08:06 - [MESSAGE][PASSED] - Scroll to object 'Object Repository/1. Constant/xpath' successfully

2022-06-09 20:08:09 - [MESSAGE][PASSED] - Object: 'Object Repository/1. Constant/xpath' is clicked on

2022-06-09 20:08:14 - [MESSAGE][PASSED] - Delayed 5 second(s)

2022-06-09 20:08:14 - [TEST_STEP][PASSED] - click(findTestObject("1. Constant/xpath", ["xpath":"//*[@id="source_" + refID10 + ""]/td[13]/a[2]"])): Object: 'Object Repository/1. Constant/xpath' is clicked on

2022-06-09 20:08:16 - [MESSAGE][PASSED] - Object: 'Object Repository/1. Constant/xpath' is clicked on

2022-06-09 20:08:16 - [TEST_STEP][PASSED] - click(findTestObject("1. Constant/xpath", ["xpath":"//*[@id="ModifFiche"]/div[1]/div/button[2]"])): Object: 'Object Repository/1. Constant/xpath' is clicked on

2022-06-09 20:08:20 - [MESSAGE][PASSED] - Object: 'Object Repository/1. Constant/xpath' is clicked on

2022-06-09 20:08:20 - [TEST_STEP][PASSED] - Lifecycle_Status55 = getText(findTestObject("1. Constant/xpath", ["xpath":"//*[@id="source_" + refID10 + ""]/td[12]/span[1]"])): Text of object 'Object Repository/1. Constant/xpath' is: 'Phase 3.5[Prod]'

2022-06-09 20:08:20 - [MESSAGE][PASSED] - Text of object 'Object Repository/1. Constant/xpath' is: 'Phase 3.5[Prod]'

2022-06-09 20:08:20 - [TEST_STEP][PASSED] - verifyMatch(Lifecycle_Status55, "Phase 3.5[Prod]", false): Actual text 'Phase 3.5[Prod]' and expected text 'Phase 3.5[Prod]' are matched 

2022-06-09 20:08:20 - [MESSAGE][PASSED] - Actual text 'Phase 3.5[Prod]' and expected text 'Phase 3.5[Prod]' are matched 

[...]

2022-06-09 20:45:23 - [TEST_STEP][PASSED] - I.print(i): null

2022-06-09 20:45:23 - [TEST_STEP][PASSED] - if (Actual_SAS.contains(Expected_SAS_Selected)): null

2022-06-09 20:45:23 - [TEST_STEP][PASSED] - click(findTestObject("1. Constant/xpath", ["xpath":xpath_SAS])): Object: 'Object Repository/1. Constant/xpath' is clicked on

2022-06-09 20:45:24 - [MESSAGE][PASSED] - Object: 'Object Repository/1. Constant/xpath' is clicked on

2022-06-09 20:45:24 - [TEST_STEP][PASSED] - break: null

2022-06-09 20:45:24 - [TEST_STEP][PASSED] - delay(1): Delayed 1 second(s)

2022-06-09 20:45:25 - [MESSAGE][PASSED] - Delayed 1 second(s)

2022-06-09 20:45:25 - [TEST_STEP][PASSED] - takeScreenshot(): Taking screenshot successfully

2022-06-09 20:45:25 - [MESSAGE][PASSED] - Taking screenshot successfully
[[ATTACHMENT|D:\\Projet Test Auto\\Mediabox Test Automation\\Reports\\20220609_181011\\03. Parallel Testing (Testing)\\TS -PT PART 3\\14.03 Dreyers Support Action (Ongoing _ Completed ref) - PART 3\\20220609_181101\\1654800325598.png]]

2022-06-09 20:45:25 - [TEST_STEP][PASSED] - delay(1): Delayed 1 second(s)

2022-06-09 20:45:26 - [MESSAGE][PASSED] - Delayed 1 second(s)

2022-06-09 20:45:26 - [TEST_STEP][PASSED] - click(findTestObject("1. Constant/xpath", ["xpath":"//*[@id="confirmSupportActionShortcut"]"])): Object: 'Object Repository/1. Constant/xpath' is clicked on

2022-06-09 20:45:30 - [MESSAGE][PASSED] - Object: 'Object Repository/1. Constant/xpath' is clicked on

2022-06-09 20:45:30 - [TEST_STEP][PASSED] - click(findTestObject("1. Constant/xpath", ["xpath":"//*[@id="kt_content"]/div[3]/div/ul/li[3]/a"])): Object: 'Object Repository/1. Constant/xpath' is clicked on

2022-06-09 20:45:32 - [MESSAGE][PASSED] - Object: 'Object Repository/1. Constant/xpath' is clicked on

2022-06-09 20:45:32 - [TEST_STEP][PASSED] - takeScreenshot(): Taking screenshot successfully

2022-06-09 20:45:33 - [MESSAGE][PASSED] - Taking screenshot successfully
[[ATTACHMENT|D:\\Projet Test Auto\\Mediabox Test Automation\\Reports\\20220609_181011\\03. Parallel Testing (Testing)\\TS -PT PART 3\\14.03 Dreyers Support Action (Ongoing _ Completed ref) - PART 3\\20220609_181101\\1654800332586.png]]

2022-06-09 20:45:33 - [TEST_STEP][PASSED] - StepA_1 = getAttribute(findTestObject("1. Constant/xpath", ["xpath":"/html/body/div[1]/div[2]/div[8]/div[3]/div/div[3]/div[3]/div/ul/li[1]/a"]), "class"): Attribute 'class' of object 'Object Repository/1. Constant/xpath' is: 'nav-link timeline-badge badge-xl  bg-pending active'

2022-06-09 20:45:34 - [MESSAGE][PASSED] - Attribute 'class' of object 'Object Repository/1. Constant/xpath' is: 'nav-link timeline-badge badge-xl  bg-pending active'

2022-06-09 20:45:34 - [TEST_STEP][PASSED] - verifyMatch(StepA_1, "nav-link timeline-badge badge-xl  bg-pending active", false): Actual text 'nav-link timeline-badge badge-xl  bg-pending active' and expected text 'nav-link timeline-badge badge-xl  bg-pending active' are matched 

2022-06-09 20:45:34 - [MESSAGE][PASSED] - Actual text 'nav-link timeline-badge badge-xl  bg-pending active' and expected text 'nav-link timeline-badge badge-xl  bg-pending active' are matched 

2022-06-09 20:45:34 - [TEST_STEP][PASSED] - StepA11 = I.Get_Stepname("/html/body/div[1]/div[2]/div[8]/div[3]/div/div[3]/div[3]/div/ul/li[1]/a"): Attribute 'href' of object 'Object Repository/1. Constant/xpath' is: 'http://mdb-release.diadeis.lan/MediaboxIndependence/Base/ExecAction?action=VoirRef&IDSession=MBI!RELTESTAUTO_DREYERS!I7K3RTFLFE10K25SW3TA746FBG41XPOO5ZPWY0I9&num=YW5OC5DGYX&id_ref=5281#tab_lifecycle_SASStepA_12207'

2022-06-09 20:45:39 - [MESSAGE][PASSED] - Delayed 5 second(s)

2022-06-09 20:45:40 - [MESSAGE][PASSED] - Attribute 'href' of object 'Object Repository/1. Constant/xpath' is: 'http://mdb-release.diadeis.lan/MediaboxIndependence/Base/ExecAction?action=VoirRef&IDSession=MBI!RELTESTAUTO_DREYERS!I7K3RTFLFE10K25SW3TA746FBG41XPOO5ZPWY0I9&num=YW5OC5DGYX&id_ref=5281#tab_lifecycle_SASStepA_12207'

2022-06-09 20:45:40 - [TEST_STEP][PASSED] - verifyMatch(StepA11, "SASStepA", false): Actual text 'SASStepA' and expected text 'SASStepA' are matched 

2022-06-09 20:45:40 - [MESSAGE][PASSED] - Actual text 'SASStepA' and expected text 'SASStepA' are matched 

2022-06-09 20:45:40 - [TEST_STEP][PASSED] - Name_StepAP1_2 = getText(findTestObject("1. Constant/xpath", ["xpath":"/html/body/div[1]/div[2]/div[8]/div[3]/div/div[3]/div[3]/div/div/div[1]/div/div[3]/div/div[1]/div[1]/h3"])): Text of object 'Object Repository/1. Constant/xpath' is: 'Phase 1.1 [Standard]'

2022-06-09 20:45:40 - [MESSAGE][PASSED] - Text of object 'Object Repository/1. Constant/xpath' is: 'Phase 1.1 [Standard]'

2022-06-09 20:45:40 - [TEST_STEP][PASSED] - verifyMatch(Name_StepAP1_2, "Phase 1.1 [Standard]", false): Actual text 'Phase 1.1 [Standard]' and expected text 'Phase 1.1 [Standard]' are matched 

2022-06-09 20:45:40 - [MESSAGE][PASSED] - Actual text 'Phase 1.1 [Standard]' and expected text 'Phase 1.1 [Standard]' are matched 

2022-06-09 20:45:40 - [TEST_STEP][PASSED] - ST_StepAP1_2 = getText(findTestObject("1. Constant/xpath", ["xpath":"/html/body/div[1]/div[2]/div[8]/div[3]/div/div[3]/div[3]/div/div/div[1]/div/div[3]/div/div[2]/div[1]"])): Text of object 'Object Repository/1. Constant/xpath' is: 'Started 06/09/22 11:45 AM'

2022-06-09 20:45:40 - [MESSAGE][PASSED] - Text of object 'Object Repository/1. Constant/xpath' is: 'Started 06/09/22 11:45 AM'

2022-06-09 20:45:40 - [TEST_STEP][PASSED] - if (ST_StepAP1_2.contains("Started")): Actual object '1' and expected object '1' are equal

2022-06-09 20:45:40 - [TEST_STEP][PASSED] - verifyEqual(1, 1): Actual object '1' and expected object '1' are equal

2022-06-09 20:45:40 - [MESSAGE][PASSED] - Actual object '1' and expected object '1' are equal

2022-06-09 20:45:40 - [TEST_STEP][PASSED] - added_StepAP1_2 = getText(findTestObject("1. Constant/xpath", ["xpath":"/html/body/div[1]/div[2]/div[8]/div[3]/div/div[3]/div[3]/div/div/div[1]/div/div[3]/div/div[2]/h6"])): Text of object 'Object Repository/1. Constant/xpath' is: 'Added manually 06/09/22 11:45 AM By Brian Lemco'

2022-06-09 20:45:40 - [MESSAGE][PASSED] - Text of object 'Object Repository/1. Constant/xpath' is: 'Added manually 06/09/22 11:45 AM By Brian Lemco'

2022-06-09 20:45:40 - [TEST_STEP][PASSED] - if (added_StepAP1_2.contains("Added manually")): Actual object '1' and expected object '1' are equal

2022-06-09 20:45:40 - [TEST_STEP][PASSED] - verifyEqual(1, 1): Actual object '1' and expected object '1' are equal

2022-06-09 20:45:40 - [MESSAGE][PASSED] - Actual object '1' and expected object '1' are equal

2022-06-09 20:45:40 - [TEST_STEP][PASSED] - Name_StepAP2_2 = getText(findTestObject("1. Constant/xpath", ["xpath":"/html/body/div[1]/div[2]/div[8]/div[3]/div/div[3]/div[3]/div/div/div[1]/div/div[4]/div/div[1]/div[1]/h3"])): Text of object 'Object Repository/1. Constant/xpath' is: 'Phase 1.2 [Standard Phase]'

2022-06-09 20:45:40 - [MESSAGE][PASSED] - Text of object 'Object Repository/1. Constant/xpath' is: 'Phase 1.2 [Standard Phase]'

2022-06-09 20:45:40 - [TEST_STEP][PASSED] - verifyMatch(Name_StepAP2_2, "Phase 1.2 [Standard Phase]", false): Actual text 'Phase 1.2 [Standard Phase]' and expected text 'Phase 1.2 [Standard Phase]' are matched 

2022-06-09 20:45:40 - [MESSAGE][PASSED] - Actual text 'Phase 1.2 [Standard Phase]' and expected text 'Phase 1.2 [Standard Phase]' are matched 

2022-06-09 20:45:40 - [TEST_STEP][PASSED] - StepB_3 = getAttribute(findTestObject("1. Constant/xpath", ["xpath":"/html/body/div[1]/div[2]/div[8]/div[3]/div/div[3]/div[3]/div/ul/li[2]/a"]), "class"): Attribute 'class' of object 'Object Repository/1. Constant/xpath' is: 'nav-link timeline-badge badge-xl  bg-waiting '

2022-06-09 20:45:41 - [MESSAGE][PASSED] - Attribute 'class' of object 'Object Repository/1. Constant/xpath' is: 'nav-link timeline-badge badge-xl  bg-waiting '

2022-06-09 20:45:41 - [TEST_STEP][PASSED] - verifyMatch(StepB_3, "nav-link timeline-badge badge-xl  bg-waiting ", false): Actual text 'nav-link timeline-badge badge-xl  bg-waiting ' and expected text 'nav-link timeline-badge badge-xl  bg-waiting ' are matched 

2022-06-09 20:45:41 - [MESSAGE][PASSED] - Actual text 'nav-link timeline-badge badge-xl  bg-waiting ' and expected text 'nav-link timeline-badge badge-xl  bg-waiting ' are matched 

2022-06-09 20:45:41 - [TEST_STEP][PASSED] - StepB_33 = I.Get_Stepname("/html/body/div[1]/div[2]/div[8]/div[3]/div/div[3]/div[3]/div/ul/li[2]/a"): Attribute 'href' of object 'Object Repository/1. Constant/xpath' is: 'http://mdb-release.diadeis.lan/MediaboxIndependence/Base/ExecAction?action=VoirRef&IDSession=MBI!RELTESTAUTO_DREYERS!I7K3RTFLFE10K25SW3TA746FBG41XPOO5ZPWY0I9&num=YW5OC5DGYX&id_ref=5281#tab_lifecycle_SASStepB_12208'

2022-06-09 20:45:46 - [MESSAGE][PASSED] - Delayed 5 second(s)

2022-06-09 20:45:46 - [MESSAGE][PASSED] - Attribute 'href' of object 'Object Repository/1. Constant/xpath' is: 'http://mdb-release.diadeis.lan/MediaboxIndependence/Base/ExecAction?action=VoirRef&IDSession=MBI!RELTESTAUTO_DREYERS!I7K3RTFLFE10K25SW3TA746FBG41XPOO5ZPWY0I9&num=YW5OC5DGYX&id_ref=5281#tab_lifecycle_SASStepB_12208'

2022-06-09 20:45:46 - [TEST_STEP][PASSED] - verifyMatch(StepB_33, "SASStepB", false): Actual text 'SASStepB' and expected text 'SASStepB' are matched 

2022-06-09 20:45:46 - [MESSAGE][PASSED] - Actual text 'SASStepB' and expected text 'SASStepB' are matched 

2022-06-09 20:45:46 - [TEST_STEP][PASSED] - I.Logout(): Delayed 3 second(s)

2022-06-09 20:45:49 - [MESSAGE][PASSED] - Delayed 3 second(s)

2022-06-09 20:45:49 - [MESSAGE][PASSED] - Object: 'Object Repository/1. Constant/xpath' is clicked on

2022-06-09 20:45:52 - [MESSAGE][PASSED] - Delayed 3 second(s)

2022-06-09 20:45:53 - [MESSAGE][PASSED] - Object: 'Object Repository/1. Constant/xpath' is clicked on

2022-06-09 20:45:56 - [MESSAGE][PASSED] - Delayed 3 second(s)

2022-06-09 20:45:56 - [TEST_STEP][PASSED] - I.Login_password("nturner", password_nturner): Object: 'Object Repository/1. Constant/xpath' is clicked on

2022-06-09 20:45:57 - [MESSAGE][PASSED] - Text 'nturner' is set on object 'Object Repository/1. Constant/xpath'

2022-06-09 20:45:58 - [MESSAGE][PASSED] - Delayed 1 second(s)

2022-06-09 20:45:58 - [MESSAGE][PASSED] - Text 'diadeis1' is set on object 'Object Repository/1. Constant/xpath'

2022-06-09 20:45:59 - [MESSAGE][PASSED] - Delayed 1 second(s)

2022-06-09 20:46:03 - [MESSAGE][PASSED] - Object: 'Object Repository/1. Constant/xpath' is clicked on

2022-06-09 20:46:03 - [TEST_STEP][PASSED] - click(findTestObject("1. Constant/02_LHSMenu_Projects")): Object: 'Object Repository/1. Constant/02_LHSMenu_Projects' is clicked on

2022-06-09 20:46:06 - [MESSAGE][PASSED] - Object: 'Object Repository/1. Constant/02_LHSMenu_Projects' is clicked on

2022-06-09 20:46:06 - [TEST_STEP][PASSED] - I.SearchProjectNo_xpath(Project_No, "//*[@id="keynum_project"]", "//*[@id="form_filters"]/div[4]/button"): Delayed 5 second(s)

2022-06-09 20:46:07 - [MESSAGE][PASSED] - Delayed 1 second(s)

2022-06-09 20:46:08 - [MESSAGE][PASSED] - Text 'MI000876' is set on object 'Object Repository/1. Constant/xpath'

2022-06-09 20:46:11 - [MESSAGE][PASSED] - Delayed 3 second(s)

2022-06-09 20:46:11 - [MESSAGE][PASSED] - Scroll to object 'Object Repository/1. Constant/xpath' successfully

2022-06-09 20:46:14 - [MESSAGE][PASSED] - Object: 'Object Repository/1. Constant/xpath' is clicked on

2022-06-09 20:46:19 - [MESSAGE][PASSED] - Delayed 5 second(s)

2022-06-09 20:46:19 - [TEST_STEP][PASSED] - I.SearchRefNo_xpath("P18_Auto", "//*[@id="fiche_filter_keywords11"]", "//*[@id="form_filters"]/div[3]/button"): Delayed 5 second(s)

2022-06-09 20:46:20 - [MESSAGE][PASSED] - Delayed 1 second(s)

2022-06-09 20:46:21 - [MESSAGE][PASSED] - Text 'P18_Auto' is set on object 'Object Repository/1. Constant/xpath'

2022-06-09 20:46:24 - [MESSAGE][PASSED] - Delayed 3 second(s)

2022-06-09 20:46:24 - [MESSAGE][PASSED] - Scroll to object 'Object Repository/1. Constant/xpath' successfully

2022-06-09 20:46:26 - [MESSAGE][PASSED] - Object: 'Object Repository/1. Constant/xpath' is clicked on

2022-06-09 20:46:31 - [MESSAGE][PASSED] - Delayed 5 second(s)

2022-06-09 20:46:31 - [TEST_STEP][PASSED] - takeScreenshot(): Taking screenshot successfully

2022-06-09 20:46:31 - [MESSAGE][PASSED] - Taking screenshot successfully
[[ATTACHMENT|D:\\Projet Test Auto\\Mediabox Test Automation\\Reports\\20220609_181011\\03. Parallel Testing (Testing)\\TS -PT PART 3\\14.03 Dreyers Support Action (Ongoing _ Completed ref) - PART 3\\20220609_181101\\1654800391432.png]]

2022-06-09 20:46:31 - [TEST_STEP][PASSED] - delay(1): Delayed 1 second(s)

2022-06-09 20:46:32 - [MESSAGE][PASSED] - Delayed 1 second(s)

2022-06-09 20:46:32 - [TEST_STEP][PASSED] - Lifecycle_Status2 = getText(findTestObject("1. Constant/xpath", ["xpath":"//*[@id="source_" + refID18 + ""]/td[12]/span[1]"])): Text of object 'Object Repository/1. Constant/xpath' is: 'Phase 1.1 [Standard]'

2022-06-09 20:46:32 - [MESSAGE][PASSED] - Text of object 'Object Repository/1. Constant/xpath' is: 'Phase 1.1 [Standard]'

2022-06-09 20:46:32 - [TEST_STEP][PASSED] - verifyMatch(Lifecycle_Status2, "Phase 1.1 [Standard]", false): Actual text 'Phase 1.1 [Standard]' and expected text 'Phase 1.1 [Standard]' are matched 

2022-06-09 20:46:32 - [MESSAGE][PASSED] - Actual text 'Phase 1.1 [Standard]' and expected text 'Phase 1.1 [Standard]' are matched 

2022-06-09 20:46:32 - [TEST_STEP][PASSED] - click(findTestObject("1. Constant/xpath", ["xpath":"//*[@id="source_" + refID18 + ""]/td[13]/a[2]"])): Object: 'Object Repository/1. Constant/xpath' is clicked on

2022-06-09 20:46:34 - [MESSAGE][PASSED] - Object: 'Object Repository/1. Constant/xpath' is clicked on

2022-06-09 20:46:34 - [TEST_STEP][PASSED] - click(findTestObject("1. Constant/xpath", ["xpath":"//*[@id="ModifFiche"]/div[1]/div/button[2]"])): Object: 'Object Repository/1. Constant/xpath' is clicked on

2022-06-09 20:46:38 - [MESSAGE][PASSED] - Object: 'Object Repository/1. Constant/xpath' is clicked on

2022-06-09 20:46:38 - [TEST_STEP][PASSED] - Lifecycle_Status3 = getText(findTestObject("1. Constant/xpath", ["xpath":"//*[@id="source_" + refID18 + ""]/td[12]/span[1]"])): Text of object 'Object Repository/1. Constant/xpath' is: 'Phase 1.2 [Standard Phase]'

2022-06-09 20:46:39 - [MESSAGE][PASSED] - Text of object 'Object Repository/1. Constant/xpath' is: 'Phase 1.2 [Standard Phase]'

2022-06-09 20:46:39 - [TEST_STEP][PASSED] - verifyMatch(Lifecycle_Status3, "Phase 1.2 [Standard Phase]", false): Actual text 'Phase 1.2 [Standard Phase]' and expected text 'Phase 1.2 [Standard Phase]' are matched 

2022-06-09 20:46:39 - [MESSAGE][PASSED] - Actual text 'Phase 1.2 [Standard Phase]' and expected text 'Phase 1.2 [Standard Phase]' are matched 

2022-06-09 20:46:39 - [TEST_STEP][PASSED] - I.Logout(): Delayed 3 second(s)

2022-06-09 20:46:42 - [MESSAGE][PASSED] - Delayed 3 second(s)

2022-06-09 20:46:42 - [MESSAGE][PASSED] - Object: 'Object Repository/1. Constant/xpath' is clicked on

2022-06-09 20:46:45 - [MESSAGE][PASSED] - Delayed 3 second(s)

2022-06-09 20:46:47 - [MESSAGE][PASSED] - Object: 'Object Repository/1. Constant/xpath' is clicked on

2022-06-09 20:46:50 - [MESSAGE][PASSED] - Delayed 3 second(s)

2022-06-09 20:46:50 - [TEST_STEP][PASSED] - I.Login_password("lmary", password_lmary): Object: 'Object Repository/1. Constant/xpath' is clicked on

2022-06-09 20:46:50 - [MESSAGE][PASSED] - Text 'lmary' is set on object 'Object Repository/1. Constant/xpath'

2022-06-09 20:46:51 - [MESSAGE][PASSED] - Delayed 1 second(s)

2022-06-09 20:46:51 - [MESSAGE][PASSED] - Text 'diadeis' is set on object 'Object Repository/1. Constant/xpath'

2022-06-09 20:46:52 - [MESSAGE][PASSED] - Delayed 1 second(s)

2022-06-09 20:46:56 - [MESSAGE][PASSED] - Object: 'Object Repository/1. Constant/xpath' is clicked on

2022-06-09 20:46:56 - [TEST_STEP][PASSED] - click(findTestObject("1. Constant/02_LHSMenu_Projects")): Object: 'Object Repository/1. Constant/02_LHSMenu_Projects' is clicked on

2022-06-09 20:46:58 - [MESSAGE][PASSED] - Object: 'Object Repository/1. Constant/02_LHSMenu_Projects' is clicked on

2022-06-09 20:46:58 - [TEST_STEP][PASSED] - I.SearchProjectNo_xpath(Project_No, "//*[@id="keynum_project"]", "//*[@id="form_filters"]/div[4]/button"): Delayed 5 second(s)

2022-06-09 20:46:59 - [MESSAGE][PASSED] - Delayed 1 second(s)

2022-06-09 20:47:00 - [MESSAGE][PASSED] - Text 'MI000876' is set on object 'Object Repository/1. Constant/xpath'

2022-06-09 20:47:03 - [MESSAGE][PASSED] - Delayed 3 second(s)

2022-06-09 20:47:03 - [MESSAGE][PASSED] - Scroll to object 'Object Repository/1. Constant/xpath' successfully

2022-06-09 20:47:06 - [MESSAGE][PASSED] - Object: 'Object Repository/1. Constant/xpath' is clicked on

2022-06-09 20:47:11 - [MESSAGE][PASSED] - Delayed 5 second(s)

2022-06-09 20:47:11 - [TEST_STEP][PASSED] - I.SearchRefNo_xpath("P18_Auto", "//*[@id="fiche_filter_keywords11"]", "//*[@id="form_filters"]/div[3]/button"): Delayed 5 second(s)

2022-06-09 20:47:12 - [MESSAGE][PASSED] - Delayed 1 second(s)

2022-06-09 20:47:13 - [MESSAGE][PASSED] - Text 'P18_Auto' is set on object 'Object Repository/1. Constant/xpath'

2022-06-09 20:47:16 - [MESSAGE][PASSED] - Delayed 3 second(s)

2022-06-09 20:47:16 - [MESSAGE][PASSED] - Scroll to object 'Object Repository/1. Constant/xpath' successfully

2022-06-09 20:47:19 - [MESSAGE][PASSED] - Object: 'Object Repository/1. Constant/xpath' is clicked on

2022-06-09 20:47:24 - [MESSAGE][PASSED] - Delayed 5 second(s)

2022-06-09 20:47:24 - [TEST_STEP][PASSED] - takeScreenshot(): Taking screenshot successfully

2022-06-09 20:47:24 - [MESSAGE][PASSED] - Taking screenshot successfully
[[ATTACHMENT|D:\\Projet Test Auto\\Mediabox Test Automation\\Reports\\20220609_181011\\03. Parallel Testing (Testing)\\TS -PT PART 3\\14.03 Dreyers Support Action (Ongoing _ Completed ref) - PART 3\\20220609_181101\\1654800444318.png]]

2022-06-09 20:47:24 - [TEST_STEP][PASSED] - click(findTestObject("1. Constant/xpath", ["xpath":"//*[@id="source_" + refID18 + ""]/td[13]/a[2]"])): Object: 'Object Repository/1. Constant/xpath' is clicked on

2022-06-09 20:47:26 - [MESSAGE][PASSED] - Object: 'Object Repository/1. Constant/xpath' is clicked on

2022-06-09 20:47:26 - [TEST_STEP][PASSED] - click(findTestObject("1. Constant/xpath", ["xpath":"//*[@id="ModifFiche"]/div[1]/div/button[2]"])): Object: 'Object Repository/1. Constant/xpath' is clicked on

2022-06-09 20:47:30 - [MESSAGE][PASSED] - Object: 'Object Repository/1. Constant/xpath' is clicked on

2022-06-09 20:47:30 - [TEST_STEP][PASSED] - Lifecycle_Status4 = getText(findTestObject("1. Constant/xpath", ["xpath":"//*[@id="source_" + refID18 + ""]/td[12]/span[1]"])): Text of object 'Object Repository/1. Constant/xpath' is: 'Phase 2.1 [Production]'

2022-06-09 20:47:30 - [MESSAGE][PASSED] - Text of object 'Object Repository/1. Constant/xpath' is: 'Phase 2.1 [Production]'

2022-06-09 20:47:30 - [TEST_STEP][PASSED] - verifyMatch(Lifecycle_Status4, "Phase 2.1 [Production]", false): Actual text 'Phase 2.1 [Production]' and expected text 'Phase 2.1 [Production]' are matched 

2022-06-09 20:47:30 - [MESSAGE][PASSED] - Actual text 'Phase 2.1 [Production]' and expected text 'Phase 2.1 [Production]' are matched 

2022-06-09 20:47:30 - [TEST_STEP][PASSED] - closeBrowser(): Browser is closed

2022-06-09 20:47:35 - [MESSAGE][PASSED] - Browser is closed

2022-06-09 20:47:35 - [TEST_STEP][PASSED] - Start listener action : sampleAfterTestCase: null]]></system-out>
         <system-err><![CDATA[]]></system-err>
      </testcase>
      <system-out><![CDATA[2022-06-09 19:55:51 - [TEST_SUITE][PASSED] - 14.03 Dreyers Support Action (Ongoing _ Completed ref) - PART 3: Test Cases/19. Dreyers Support Action (Ongoing ref_completed)/19.18 Dreyers SAS Add Phase group (Ongoing ref) S24 - P18]]></system-out>
      <system-err><![CDATA[]]></system-err>
   </testsuite>
</testsuites>
